This file contains any messages produced by compilers while
running configure, to aid debugging if configure makes a mistake.

It was created by Ferrite Core configure 1.0.0, which was
generated by GNU Autoconf 2.69.  Invocation command line was

  $ ./configure --disable-tests --disable-bench

## --------- ##
## Platform. ##
## --------- ##

hostname = bld
uname -m = x86_64
uname -r = 4.15.0-197-generic
uname -s = Linux
uname -v = #208-Ubuntu SMP Tue Nov 1 17:23:37 UTC 2022

/usr/bin/uname -p = unknown
/bin/uname -X     = unknown

/bin/arch              = unknown
/usr/bin/arch -k       = unknown
/usr/convex/getsysinfo = unknown
/usr/bin/hostinfo      = unknown
/bin/machine           = unknown
/usr/bin/oslevel       = unknown
/bin/universe          = unknown

PATH: /usr/bin
PATH: /bin


## ----------- ##
## Core tests. ##
## ----------- ##

configure:2978: loading site script /home/administrator/walletbuilders/build_environment/litecoin/0.18.1/depends/x86_64-pc-linux/share/config.site
| depends_prefix="`dirname ${ac_site_file}`/.."
| 
| cross_compiling=maybe
| host_alias=x86_64-pc-linux
| ac_tool_prefix=${host_alias}-
| 
| if test -z $with_boost; then
|   with_boost=$depends_prefix
| fi
| if test -z $with_qt_plugindir; then
|   with_qt_plugindir=$depends_prefix/plugins
| fi
| if test -z $with_qt_translationdir; then
|   with_qt_translationdir=$depends_prefix/translations
| fi
| if test -z $with_qt_bindir && test -z ""; then
|   with_qt_bindir=$depends_prefix/native/bin
| fi
| if test -z $with_protoc_bindir && test -z ""; then
|   with_protoc_bindir=$depends_prefix/native/bin
| fi
| 
| 
| if test -z $enable_wallet && test -n ""; then
|   enable_wallet=no
| fi
| 
| if test -z $with_miniupnpc && test -n ""; then
|   with_miniupnpc=no
| fi
| 
| if test -z $with_gui && test -n ""; then
|   with_gui=no
| fi
| 
| if test xlinux = xdarwin; then
|   BREW=no
|   PORT=no
| fi
| 
| if test xlinux = xmingw32; then
|   if test -z $with_qt_incdir; then
|     with_qt_incdir=$depends_prefix/include
|   fi
|   if test -z $with_qt_libdir; then
|     with_qt_libdir=$depends_prefix/lib
|   fi
| fi
| 
| PATH=$depends_prefix/native/bin:$PATH
| PKG_CONFIG="`which pkg-config` --static"
| 
| # These two need to remain exported because pkg-config does not see them
| # otherwise. That means they must be unexported at the end of configure.ac to
| # avoid ruining the cache. Sigh.
| export PKG_CONFIG_PATH=$depends_prefix/share/pkgconfig:$depends_prefix/lib/pkgconfig
| if test -z ""; then
|   export PKGCONFIG_LIBDIR=
| fi
| 
| CPPFLAGS="-I$depends_prefix/include/ $CPPFLAGS"
| LDFLAGS="-L$depends_prefix/lib $LDFLAGS"
| 
| if test -n "gcc -m64" -a -z "${CC}"; then
|   CC="gcc -m64"
| fi
| if test -n "g++ -m64" -a -z "${CXX}"; then
|   CXX="g++ -m64"
| fi
| PYTHONPATH=$depends_prefix/native/lib/python/dist-packages:$PYTHONPATH
| 
| if test -n "ar"; then
|   AR=ar
|   ac_cv_path_ac_pt_AR=${AR}
| fi
| 
| if test -n "ranlib"; then
|   RANLIB=ranlib
|   ac_cv_path_ac_pt_RANLIB=${RANLIB}
| fi
| 
| if test -n "nm"; then
|   NM=nm
|   ac_cv_path_ac_pt_NM=${NM}
| fi
| 
| if test -n ""; then
|   enable_reduce_exports=no
| fi
| 
| if test -n "-pipe -O2"; then
|   CFLAGS="-pipe -O2 $CFLAGS"
| fi
| if test -n "-pipe -O2"; then
|   CXXFLAGS="-pipe -O2 $CXXFLAGS"
| fi
| if test -n ""; then
|   CPPFLAGS=" $CPPFLAGS"
| fi
| if test -n ""; then
|   LDFLAGS=" $LDFLAGS"
| fi
configure:3123: checking build system type
configure:3137: result: x86_64-pc-linux-gnu
configure:3157: checking host system type
configure:3170: result: x86_64-pc-linux-gnu
configure:3213: checking for a BSD-compatible install
configure:3281: result: /usr/bin/install -c
configure:3292: checking whether build environment is sane
configure:3347: result: yes
configure:3406: checking for x86_64-pc-linux-strip
configure:3436: result: no
configure:3446: checking for strip
configure:3462: found /usr/bin/strip
configure:3473: result: strip
configure:3498: checking for a thread-safe mkdir -p
configure:3537: result: /bin/mkdir -p
configure:3544: checking for gawk
configure:3560: found /usr/bin/gawk
configure:3571: result: gawk
configure:3582: checking whether make sets $(MAKE)
configure:3604: result: yes
configure:3633: checking whether make supports nested variables
configure:3650: result: yes
configure:3769: checking whether to enable maintainer-specific portions of Makefiles
configure:3778: result: yes
configure:3803: checking whether make supports nested variables
configure:3820: result: yes
configure:3949: checking for C++ compiler version
configure:3958: g++ -m64 --version >&5
g++ (Ubuntu 7.5.0-3ubuntu1~18.04) 7.5.0
Copyright (C) 2017 Free Software Foundation, Inc.
This is free software; see the source for copying conditions.  There is NO
warranty; not even for MERCHANTABILITY or FITNESS FOR A PARTICULAR PURPOSE.

configure:3969: $? = 0
configure:3958: g++ -m64 -v >&5
Using built-in specs.
COLLECT_GCC=g++
COLLECT_LTO_WRAPPER=/usr/lib/gcc/x86_64-linux-gnu/7/lto-wrapper
OFFLOAD_TARGET_NAMES=nvptx-none
OFFLOAD_TARGET_DEFAULT=1
Target: x86_64-linux-gnu
Configured with: ../src/configure -v --with-pkgversion='Ubuntu 7.5.0-3ubuntu1~18.04' --with-bugurl=file:///usr/share/doc/gcc-7/README.Bugs --enable-languages=c,ada,c++,go,brig,d,fortran,objc,obj-c++ --prefix=/usr --with-gcc-major-version-only --program-suffix=-7 --program-prefix=x86_64-linux-gnu- --enable-shared --enable-linker-build-id --libexecdir=/usr/lib --without-included-gettext --enable-threads=posix --libdir=/usr/lib --enable-nls --enable-bootstrap --enable-clocale=gnu --enable-libstdcxx-debug --enable-libstdcxx-time=yes --with-default-libstdcxx-abi=new --enable-gnu-unique-object --disable-vtable-verify --enable-libmpx --enable-plugin --enable-default-pie --with-system-zlib --with-target-system-zlib --enable-objc-gc=auto --enable-multiarch --disable-werror --with-arch-32=i686 --with-abi=m64 --with-multilib-list=m32,m64,mx32 --enable-multilib --with-tune=generic --enable-offload-targets=nvptx-none --without-cuda-driver --enable-checking=release --build=x86_64-linux-gnu --host=x86_64-linux-gnu --target=x86_64-linux-gnu
Thread model: posix
gcc version 7.5.0 (Ubuntu 7.5.0-3ubuntu1~18.04) 
configure:3969: $? = 0
configure:3958: g++ -m64 -V >&5
g++: error: unrecognized command line option '-V'
g++: fatal error: no input files
compilation terminated.
configure:3969: $? = 1
configure:3958: g++ -m64 -qversion >&5
g++: error: unrecognized command line option '-qversion'; did you mean '--version'?
g++: fatal error: no input files
compilation terminated.
configure:3969: $? = 1
configure:3989: checking whether the C++ compiler works
configure:4011: g++ -m64 -pipe -O2  -I/home/administrator/walletbuilders/build_environment/litecoin/0.18.1/depends/x86_64-pc-linux/share/../include/  -L/home/administrator/walletbuilders/build_environment/litecoin/0.18.1/depends/x86_64-pc-linux/share/../lib  conftest.cpp  >&5
configure:4015: $? = 0
configure:4063: result: yes
configure:4066: checking for C++ compiler default output file name
configure:4068: result: a.out
configure:4074: checking for suffix of executables
configure:4081: g++ -m64 -o conftest -pipe -O2  -I/home/administrator/walletbuilders/build_environment/litecoin/0.18.1/depends/x86_64-pc-linux/share/../include/  -L/home/administrator/walletbuilders/build_environment/litecoin/0.18.1/depends/x86_64-pc-linux/share/../lib  conftest.cpp  >&5
configure:4085: $? = 0
configure:4107: result: 
configure:4129: checking whether we are cross compiling
configure:4137: g++ -m64 -o conftest -pipe -O2  -I/home/administrator/walletbuilders/build_environment/litecoin/0.18.1/depends/x86_64-pc-linux/share/../include/  -L/home/administrator/walletbuilders/build_environment/litecoin/0.18.1/depends/x86_64-pc-linux/share/../lib  conftest.cpp  >&5
configure:4141: $? = 0
configure:4148: ./conftest
configure:4152: $? = 0
configure:4167: result: no
configure:4172: checking for suffix of object files
configure:4194: g++ -m64 -c -pipe -O2  -I/home/administrator/walletbuilders/build_environment/litecoin/0.18.1/depends/x86_64-pc-linux/share/../include/  conftest.cpp >&5
configure:4198: $? = 0
configure:4219: result: o
configure:4223: checking whether we are using the GNU C++ compiler
configure:4242: g++ -m64 -c -pipe -O2  -I/home/administrator/walletbuilders/build_environment/litecoin/0.18.1/depends/x86_64-pc-linux/share/../include/  conftest.cpp >&5
configure:4242: $? = 0
configure:4251: result: yes
configure:4260: checking whether g++ -m64 accepts -g
configure:4280: g++ -m64 -c -g -I/home/administrator/walletbuilders/build_environment/litecoin/0.18.1/depends/x86_64-pc-linux/share/../include/  conftest.cpp >&5
configure:4280: $? = 0
configure:4321: result: yes
configure:4355: checking for style of include used by make
configure:4383: result: GNU
configure:4409: checking dependency style of g++ -m64
configure:4520: result: gcc3
configure:4558: checking whether g++ -m64 supports C++11 features with -std=c++11
configure:4854: g++ -m64 -std=c++11 -c -pipe -O2  -I/home/administrator/walletbuilders/build_environment/litecoin/0.18.1/depends/x86_64-pc-linux/share/../include/  conftest.cpp >&5
configure:4854: $? = 0
configure:4863: result: yes
configure:4907: checking whether std::atomic can be used without link library
configure:4925: g++ -m64 -std=c++11 -o conftest -pipe -O2  -I/home/administrator/walletbuilders/build_environment/litecoin/0.18.1/depends/x86_64-pc-linux/share/../include/  -L/home/administrator/walletbuilders/build_environment/litecoin/0.18.1/depends/x86_64-pc-linux/share/../lib  conftest.cpp  >&5
configure:4925: $? = 0
configure:4927: result: yes
configure:4996: checking for x86_64-pc-linux-g++
configure:5023: result: g++ -m64 -std=c++11
configure:5092: checking for Objective C++ compiler version
configure:5101: g++ -m64 -std=c++11 --version >&5
g++ (Ubuntu 7.5.0-3ubuntu1~18.04) 7.5.0
Copyright (C) 2017 Free Software Foundation, Inc.
This is free software; see the source for copying conditions.  There is NO
warranty; not even for MERCHANTABILITY or FITNESS FOR A PARTICULAR PURPOSE.

configure:5112: $? = 0
configure:5101: g++ -m64 -std=c++11 -v >&5
Using built-in specs.
COLLECT_GCC=g++
COLLECT_LTO_WRAPPER=/usr/lib/gcc/x86_64-linux-gnu/7/lto-wrapper
OFFLOAD_TARGET_NAMES=nvptx-none
OFFLOAD_TARGET_DEFAULT=1
Target: x86_64-linux-gnu
Configured with: ../src/configure -v --with-pkgversion='Ubuntu 7.5.0-3ubuntu1~18.04' --with-bugurl=file:///usr/share/doc/gcc-7/README.Bugs --enable-languages=c,ada,c++,go,brig,d,fortran,objc,obj-c++ --prefix=/usr --with-gcc-major-version-only --program-suffix=-7 --program-prefix=x86_64-linux-gnu- --enable-shared --enable-linker-build-id --libexecdir=/usr/lib --without-included-gettext --enable-threads=posix --libdir=/usr/lib --enable-nls --enable-bootstrap --enable-clocale=gnu --enable-libstdcxx-debug --enable-libstdcxx-time=yes --with-default-libstdcxx-abi=new --enable-gnu-unique-object --disable-vtable-verify --enable-libmpx --enable-plugin --enable-default-pie --with-system-zlib --with-target-system-zlib --enable-objc-gc=auto --enable-multiarch --disable-werror --with-arch-32=i686 --with-abi=m64 --with-multilib-list=m32,m64,mx32 --enable-multilib --with-tune=generic --enable-offload-targets=nvptx-none --without-cuda-driver --enable-checking=release --build=x86_64-linux-gnu --host=x86_64-linux-gnu --target=x86_64-linux-gnu
Thread model: posix
gcc version 7.5.0 (Ubuntu 7.5.0-3ubuntu1~18.04) 
configure:5112: $? = 0
configure:5101: g++ -m64 -std=c++11 -V >&5
g++: error: unrecognized command line option '-V'
g++: fatal error: no input files
compilation terminated.
configure:5112: $? = 1
configure:5101: g++ -m64 -std=c++11 -qversion >&5
g++: error: unrecognized command line option '-qversion'; did you mean '--version'?
g++: fatal error: no input files
compilation terminated.
configure:5112: $? = 1
configure:5116: checking whether we are using the GNU Objective C++ compiler
configure:5135: g++ -m64 -std=c++11 -c  -I/home/administrator/walletbuilders/build_environment/litecoin/0.18.1/depends/x86_64-pc-linux/share/../include/  conftest.mm >&5
g++: error trying to exec 'cc1objplus': execvp: No such file or directory
configure:5135: $? = 1
configure: failed program was:
| /* confdefs.h */
| #define PACKAGE_NAME "Ferrite Core"
| #define PACKAGE_TARNAME "ferrite"
| #define PACKAGE_VERSION "1.0.0"
| #define PACKAGE_STRING "Ferrite Core 1.0.0"
| #define PACKAGE_BUGREPORT "https://github.com/ferrite-project/ferrite/issues"
| #define PACKAGE_URL "https://ferrite.org/"
| #define HAVE_CXX11 1
| /* end confdefs.h.  */
| 
| int
| main ()
| {
| #ifndef __GNUC__
|        choke me
| #endif
| 
|   ;
|   return 0;
| }
configure:5144: result: no
configure:5153: checking whether g++ -m64 -std=c++11 accepts -g
configure:5173: g++ -m64 -std=c++11 -c -g -I/home/administrator/walletbuilders/build_environment/litecoin/0.18.1/depends/x86_64-pc-linux/share/../include/  conftest.mm >&5
g++: error trying to exec 'cc1objplus': execvp: No such file or directory
configure:5173: $? = 1
configure: failed program was:
| /* confdefs.h */
| #define PACKAGE_NAME "Ferrite Core"
| #define PACKAGE_TARNAME "ferrite"
| #define PACKAGE_VERSION "1.0.0"
| #define PACKAGE_STRING "Ferrite Core 1.0.0"
| #define PACKAGE_BUGREPORT "https://github.com/ferrite-project/ferrite/issues"
| #define PACKAGE_URL "https://ferrite.org/"
| #define HAVE_CXX11 1
| /* end confdefs.h.  */
| 
| int
| main ()
| {
| 
|   ;
|   return 0;
| }
configure:5188: g++ -m64 -std=c++11 -c  -I/home/administrator/walletbuilders/build_environment/litecoin/0.18.1/depends/x86_64-pc-linux/share/../include/  conftest.mm >&5
g++: error trying to exec 'cc1objplus': execvp: No such file or directory
configure:5188: $? = 1
configure: failed program was:
| /* confdefs.h */
| #define PACKAGE_NAME "Ferrite Core"
| #define PACKAGE_TARNAME "ferrite"
| #define PACKAGE_VERSION "1.0.0"
| #define PACKAGE_STRING "Ferrite Core 1.0.0"
| #define PACKAGE_BUGREPORT "https://github.com/ferrite-project/ferrite/issues"
| #define PACKAGE_URL "https://ferrite.org/"
| #define HAVE_CXX11 1
| /* end confdefs.h.  */
| 
| int
| main ()
| {
| 
|   ;
|   return 0;
| }
configure:5204: g++ -m64 -std=c++11 -c -g -I/home/administrator/walletbuilders/build_environment/litecoin/0.18.1/depends/x86_64-pc-linux/share/../include/  conftest.mm >&5
g++: error trying to exec 'cc1objplus': execvp: No such file or directory
configure:5204: $? = 1
configure: failed program was:
| /* confdefs.h */
| #define PACKAGE_NAME "Ferrite Core"
| #define PACKAGE_TARNAME "ferrite"
| #define PACKAGE_VERSION "1.0.0"
| #define PACKAGE_STRING "Ferrite Core 1.0.0"
| #define PACKAGE_BUGREPORT "https://github.com/ferrite-project/ferrite/issues"
| #define PACKAGE_URL "https://ferrite.org/"
| #define HAVE_CXX11 1
| /* end confdefs.h.  */
| 
| int
| main ()
| {
| 
|   ;
|   return 0;
| }
configure:5214: result: no
configure:5239: checking dependency style of g++ -m64 -std=c++11
configure:5348: result: gcc3
configure:5411: checking how to print strings
configure:5438: result: printf
configure:5467: checking for x86_64-pc-linux-gcc
configure:5494: result: gcc -m64
configure:5763: checking for C compiler version
configure:5772: gcc -m64 --version >&5
gcc (Ubuntu 7.5.0-3ubuntu1~18.04) 7.5.0
Copyright (C) 2017 Free Software Foundation, Inc.
This is free software; see the source for copying conditions.  There is NO
warranty; not even for MERCHANTABILITY or FITNESS FOR A PARTICULAR PURPOSE.

configure:5783: $? = 0
configure:5772: gcc -m64 -v >&5
Using built-in specs.
COLLECT_GCC=gcc
COLLECT_LTO_WRAPPER=/usr/lib/gcc/x86_64-linux-gnu/7/lto-wrapper
OFFLOAD_TARGET_NAMES=nvptx-none
OFFLOAD_TARGET_DEFAULT=1
Target: x86_64-linux-gnu
Configured with: ../src/configure -v --with-pkgversion='Ubuntu 7.5.0-3ubuntu1~18.04' --with-bugurl=file:///usr/share/doc/gcc-7/README.Bugs --enable-languages=c,ada,c++,go,brig,d,fortran,objc,obj-c++ --prefix=/usr --with-gcc-major-version-only --program-suffix=-7 --program-prefix=x86_64-linux-gnu- --enable-shared --enable-linker-build-id --libexecdir=/usr/lib --without-included-gettext --enable-threads=posix --libdir=/usr/lib --enable-nls --enable-bootstrap --enable-clocale=gnu --enable-libstdcxx-debug --enable-libstdcxx-time=yes --with-default-libstdcxx-abi=new --enable-gnu-unique-object --disable-vtable-verify --enable-libmpx --enable-plugin --enable-default-pie --with-system-zlib --with-target-system-zlib --enable-objc-gc=auto --enable-multiarch --disable-werror --with-arch-32=i686 --with-abi=m64 --with-multilib-list=m32,m64,mx32 --enable-multilib --with-tune=generic --enable-offload-targets=nvptx-none --without-cuda-driver --enable-checking=release --build=x86_64-linux-gnu --host=x86_64-linux-gnu --target=x86_64-linux-gnu
Thread model: posix
gcc version 7.5.0 (Ubuntu 7.5.0-3ubuntu1~18.04) 
configure:5783: $? = 0
configure:5772: gcc -m64 -V >&5
gcc: error: unrecognized command line option '-V'
gcc: fatal error: no input files
compilation terminated.
configure:5783: $? = 1
configure:5772: gcc -m64 -qversion >&5
gcc: error: unrecognized command line option '-qversion'; did you mean '--version'?
gcc: fatal error: no input files
compilation terminated.
configure:5783: $? = 1
configure:5787: checking whether we are using the GNU C compiler
configure:5806: gcc -m64 -c -pipe -O2  -I/home/administrator/walletbuilders/build_environment/litecoin/0.18.1/depends/x86_64-pc-linux/share/../include/  conftest.c >&5
configure:5806: $? = 0
configure:5815: result: yes
configure:5824: checking whether gcc -m64 accepts -g
configure:5844: gcc -m64 -c -g -I/home/administrator/walletbuilders/build_environment/litecoin/0.18.1/depends/x86_64-pc-linux/share/../include/  conftest.c >&5
configure:5844: $? = 0
configure:5885: result: yes
configure:5902: checking for gcc -m64 option to accept ISO C89
configure:5965: gcc -m64  -c -pipe -O2  -I/home/administrator/walletbuilders/build_environment/litecoin/0.18.1/depends/x86_64-pc-linux/share/../include/  conftest.c >&5
configure:5965: $? = 0
configure:5978: result: none needed
configure:6003: checking whether gcc -m64 understands -c and -o together
configure:6025: gcc -m64 -c conftest.c -o conftest2.o
configure:6028: $? = 0
configure:6025: gcc -m64 -c conftest.c -o conftest2.o
configure:6028: $? = 0
configure:6040: result: yes
configure:6059: checking dependency style of gcc -m64
configure:6170: result: gcc3
configure:6185: checking for a sed that does not truncate output
configure:6249: result: /bin/sed
configure:6267: checking for grep that handles long lines and -e
configure:6325: result: /bin/grep
configure:6330: checking for egrep
configure:6392: result: /bin/grep -E
configure:6397: checking for fgrep
configure:6459: result: /bin/grep -F
configure:6494: checking for ld used by gcc -m64
configure:6561: result: /usr/bin/ld
configure:6568: checking if the linker (/usr/bin/ld) is GNU ld
configure:6583: result: yes
configure:6595: checking for BSD- or MS-compatible name lister (nm)
configure:6649: result: nm
configure:6779: checking the name lister (nm) interface
configure:6786: gcc -m64 -c -pipe -O2  -I/home/administrator/walletbuilders/build_environment/litecoin/0.18.1/depends/x86_64-pc-linux/share/../include/  conftest.c >&5
configure:6789: nm "conftest.o"
configure:6792: output
0000000000000000 B some_variable
configure:6799: result: BSD nm
configure:6802: checking whether ln -s works
configure:6806: result: yes
configure:6814: checking the maximum length of command line arguments
configure:6945: result: 1572864
configure:6993: checking how to convert x86_64-pc-linux-gnu file names to x86_64-pc-linux-gnu format
configure:7033: result: func_convert_file_noop
configure:7040: checking how to convert x86_64-pc-linux-gnu file names to toolchain format
configure:7060: result: func_convert_file_noop
configure:7067: checking for /usr/bin/ld option to reload object files
configure:7074: result: -r
configure:7108: checking for x86_64-pc-linux-objdump
configure:7138: result: no
configure:7148: checking for objdump
configure:7164: found /usr/bin/objdump
configure:7175: result: objdump
configure:7207: checking how to recognize dependent libraries
configure:7407: result: pass_all
configure:7452: checking for x86_64-pc-linux-dlltool
configure:7482: result: no
configure:7492: checking for dlltool
configure:7522: result: no
configure:7552: checking how to associate runtime and link libraries
configure:7579: result: printf %s\n
configure:7596: checking for x86_64-pc-linux-ar
configure:7623: result: ar
configure:7704: checking for archiver @FILE support
configure:7721: gcc -m64 -c -pipe -O2  -I/home/administrator/walletbuilders/build_environment/litecoin/0.18.1/depends/x86_64-pc-linux/share/../include/  conftest.c >&5
configure:7721: $? = 0
configure:7724: ar cru libconftest.a @conftest.lst >&5
ar: `u' modifier ignored since `D' is the default (see `U')
configure:7727: $? = 0
configure:7732: ar cru libconftest.a @conftest.lst >&5
ar: `u' modifier ignored since `D' is the default (see `U')
ar: conftest.o: No such file or directory
configure:7735: $? = 1
configure:7747: result: @
configure:7765: checking for x86_64-pc-linux-strip
configure:7792: result: strip
configure:7864: checking for x86_64-pc-linux-ranlib
configure:7891: result: ranlib
configure:8033: checking command to parse nm output from gcc -m64 object
configure:8186: gcc -m64 -c -pipe -O2  -I/home/administrator/walletbuilders/build_environment/litecoin/0.18.1/depends/x86_64-pc-linux/share/../include/  conftest.c >&5
configure:8189: $? = 0
configure:8193: nm conftest.o \| sed -n -e 's/^.*[ ]\([ABCDGIRSTW][ABCDGIRSTW]*\)[ ][ ]*\([_A-Za-z][_A-Za-z0-9]*\)$/\1 \2 \2/p' | sed '/ __gnu_lto/d' \> conftest.nm
configure:8196: $? = 0
configure:8262: gcc -m64 -o conftest -pipe -O2  -I/home/administrator/walletbuilders/build_environment/litecoin/0.18.1/depends/x86_64-pc-linux/share/../include/  -L/home/administrator/walletbuilders/build_environment/litecoin/0.18.1/depends/x86_64-pc-linux/share/../lib  conftest.c conftstm.o >&5
configure:8265: $? = 0
configure:8303: result: ok
configure:8350: checking for sysroot
configure:8380: result: no
configure:8387: checking for a working dd
configure:8425: result: /bin/dd
configure:8429: checking how to truncate binary pipes
configure:8444: result: /bin/dd bs=4096 count=1
configure:8580: gcc -m64 -c -pipe -O2  -I/home/administrator/walletbuilders/build_environment/litecoin/0.18.1/depends/x86_64-pc-linux/share/../include/  conftest.c >&5
configure:8583: $? = 0
configure:8733: checking for x86_64-pc-linux-mt
configure:8763: result: no
configure:8773: checking for mt
configure:8789: found /bin/mt
configure:8800: result: mt
configure:8823: checking if mt is a manifest tool
configure:8829: mt '-?'
configure:8837: result: no
configure:9514: checking how to run the C preprocessor
configure:9545: gcc -m64 -E -I/home/administrator/walletbuilders/build_environment/litecoin/0.18.1/depends/x86_64-pc-linux/share/../include/  conftest.c
configure:9545: $? = 0
configure:9559: gcc -m64 -E -I/home/administrator/walletbuilders/build_environment/litecoin/0.18.1/depends/x86_64-pc-linux/share/../include/  conftest.c
conftest.c:10:10: fatal error: ac_nonexistent.h: No such file or directory
 #include <ac_nonexistent.h>
          ^~~~~~~~~~~~~~~~~~
compilation terminated.
configure:9559: $? = 1
configure: failed program was:
| /* confdefs.h */
| #define PACKAGE_NAME "Ferrite Core"
| #define PACKAGE_TARNAME "ferrite"
| #define PACKAGE_VERSION "1.0.0"
| #define PACKAGE_STRING "Ferrite Core 1.0.0"
| #define PACKAGE_BUGREPORT "https://github.com/ferrite-project/ferrite/issues"
| #define PACKAGE_URL "https://ferrite.org/"
| #define HAVE_CXX11 1
| /* end confdefs.h.  */
| #include <ac_nonexistent.h>
configure:9584: result: gcc -m64 -E
configure:9604: gcc -m64 -E -I/home/administrator/walletbuilders/build_environment/litecoin/0.18.1/depends/x86_64-pc-linux/share/../include/  conftest.c
configure:9604: $? = 0
configure:9618: gcc -m64 -E -I/home/administrator/walletbuilders/build_environment/litecoin/0.18.1/depends/x86_64-pc-linux/share/../include/  conftest.c
conftest.c:10:10: fatal error: ac_nonexistent.h: No such file or directory
 #include <ac_nonexistent.h>
          ^~~~~~~~~~~~~~~~~~
compilation terminated.
configure:9618: $? = 1
configure: failed program was:
| /* confdefs.h */
| #define PACKAGE_NAME "Ferrite Core"
| #define PACKAGE_TARNAME "ferrite"
| #define PACKAGE_VERSION "1.0.0"
| #define PACKAGE_STRING "Ferrite Core 1.0.0"
| #define PACKAGE_BUGREPORT "https://github.com/ferrite-project/ferrite/issues"
| #define PACKAGE_URL "https://ferrite.org/"
| #define HAVE_CXX11 1
| /* end confdefs.h.  */
| #include <ac_nonexistent.h>
configure:9647: checking for ANSI C header files
configure:9667: gcc -m64 -c -pipe -O2  -I/home/administrator/walletbuilders/build_environment/litecoin/0.18.1/depends/x86_64-pc-linux/share/../include/  conftest.c >&5
configure:9667: $? = 0
configure:9740: gcc -m64 -o conftest -pipe -O2  -I/home/administrator/walletbuilders/build_environment/litecoin/0.18.1/depends/x86_64-pc-linux/share/../include/  -L/home/administrator/walletbuilders/build_environment/litecoin/0.18.1/depends/x86_64-pc-linux/share/../lib  conftest.c  >&5
configure:9740: $? = 0
configure:9740: ./conftest
configure:9740: $? = 0
configure:9751: result: yes
configure:9764: checking for sys/types.h
configure:9764: gcc -m64 -c -pipe -O2  -I/home/administrator/walletbuilders/build_environment/litecoin/0.18.1/depends/x86_64-pc-linux/share/../include/  conftest.c >&5
configure:9764: $? = 0
configure:9764: result: yes
configure:9764: checking for sys/stat.h
configure:9764: gcc -m64 -c -pipe -O2  -I/home/administrator/walletbuilders/build_environment/litecoin/0.18.1/depends/x86_64-pc-linux/share/../include/  conftest.c >&5
configure:9764: $? = 0
configure:9764: result: yes
configure:9764: checking for stdlib.h
configure:9764: gcc -m64 -c -pipe -O2  -I/home/administrator/walletbuilders/build_environment/litecoin/0.18.1/depends/x86_64-pc-linux/share/../include/  conftest.c >&5
configure:9764: $? = 0
configure:9764: result: yes
configure:9764: checking for string.h
configure:9764: gcc -m64 -c -pipe -O2  -I/home/administrator/walletbuilders/build_environment/litecoin/0.18.1/depends/x86_64-pc-linux/share/../include/  conftest.c >&5
configure:9764: $? = 0
configure:9764: result: yes
configure:9764: checking for memory.h
configure:9764: gcc -m64 -c -pipe -O2  -I/home/administrator/walletbuilders/build_environment/litecoin/0.18.1/depends/x86_64-pc-linux/share/../include/  conftest.c >&5
configure:9764: $? = 0
configure:9764: result: yes
configure:9764: checking for strings.h
configure:9764: gcc -m64 -c -pipe -O2  -I/home/administrator/walletbuilders/build_environment/litecoin/0.18.1/depends/x86_64-pc-linux/share/../include/  conftest.c >&5
configure:9764: $? = 0
configure:9764: result: yes
configure:9764: checking for inttypes.h
configure:9764: gcc -m64 -c -pipe -O2  -I/home/administrator/walletbuilders/build_environment/litecoin/0.18.1/depends/x86_64-pc-linux/share/../include/  conftest.c >&5
configure:9764: $? = 0
configure:9764: result: yes
configure:9764: checking for stdint.h
configure:9764: gcc -m64 -c -pipe -O2  -I/home/administrator/walletbuilders/build_environment/litecoin/0.18.1/depends/x86_64-pc-linux/share/../include/  conftest.c >&5
configure:9764: $? = 0
configure:9764: result: yes
configure:9764: checking for unistd.h
configure:9764: gcc -m64 -c -pipe -O2  -I/home/administrator/walletbuilders/build_environment/litecoin/0.18.1/depends/x86_64-pc-linux/share/../include/  conftest.c >&5
configure:9764: $? = 0
configure:9764: result: yes
configure:9778: checking for dlfcn.h
configure:9778: gcc -m64 -c -pipe -O2  -I/home/administrator/walletbuilders/build_environment/litecoin/0.18.1/depends/x86_64-pc-linux/share/../include/  conftest.c >&5
configure:9778: $? = 0
configure:9778: result: yes
configure:10043: checking for objdir
configure:10058: result: .libs
configure:10322: checking if gcc -m64 supports -fno-rtti -fno-exceptions
configure:10340: gcc -m64 -c -pipe -O2  -I/home/administrator/walletbuilders/build_environment/litecoin/0.18.1/depends/x86_64-pc-linux/share/../include/  -fno-rtti -fno-exceptions conftest.c >&5
cc1: warning: command line option '-fno-rtti' is valid for C++/ObjC++ but not for C
configure:10344: $? = 0
configure:10357: result: no
configure:10715: checking for gcc -m64 option to produce PIC
configure:10722: result: -fPIC -DPIC
configure:10730: checking if gcc -m64 PIC flag -fPIC -DPIC works
configure:10748: gcc -m64 -c -pipe -O2  -I/home/administrator/walletbuilders/build_environment/litecoin/0.18.1/depends/x86_64-pc-linux/share/../include/  -fPIC -DPIC -DPIC conftest.c >&5
configure:10752: $? = 0
configure:10765: result: yes
configure:10794: checking if gcc -m64 static flag -static works
configure:10822: result: yes
configure:10837: checking if gcc -m64 supports -c -o file.o
configure:10858: gcc -m64 -c -pipe -O2  -I/home/administrator/walletbuilders/build_environment/litecoin/0.18.1/depends/x86_64-pc-linux/share/../include/  -o out/conftest2.o conftest.c >&5
configure:10862: $? = 0
configure:10884: result: yes
configure:10892: checking if gcc -m64 supports -c -o file.o
configure:10939: result: yes
configure:10972: checking whether the gcc -m64 linker (/usr/bin/ld -m elf_x86_64) supports shared libraries
configure:12235: result: yes
configure:12272: checking whether -lc should be explicitly linked in
configure:12280: gcc -m64 -c -pipe -O2  -I/home/administrator/walletbuilders/build_environment/litecoin/0.18.1/depends/x86_64-pc-linux/share/../include/  conftest.c >&5
configure:12283: $? = 0
configure:12298: gcc -m64 -shared  -fPIC -DPIC conftest.o  -v -Wl,-soname -Wl,conftest -o conftest 2\>\&1 \| /bin/grep  -lc  \>/dev/null 2\>\&1
configure:12301: $? = 0
configure:12315: result: no
configure:12475: checking dynamic linker characteristics
configure:13056: gcc -m64 -o conftest -pipe -O2  -I/home/administrator/walletbuilders/build_environment/litecoin/0.18.1/depends/x86_64-pc-linux/share/../include/  -L/home/administrator/walletbuilders/build_environment/litecoin/0.18.1/depends/x86_64-pc-linux/share/../lib  -Wl,-rpath -Wl,/foo conftest.c  >&5
configure:13056: $? = 0
configure:13305: result: GNU/Linux ld.so
configure:13427: checking how to hardcode library paths into programs
configure:13452: result: immediate
configure:14000: checking whether stripping libraries is possible
configure:14005: result: yes
configure:14040: checking if libtool supports shared libraries
configure:14042: result: yes
configure:14045: checking whether to build shared libraries
configure:14070: result: yes
configure:14073: checking whether to build static libraries
configure:14077: result: yes
configure:14100: checking how to run the C++ preprocessor
configure:14127: g++ -m64 -std=c++11 -E -I/home/administrator/walletbuilders/build_environment/litecoin/0.18.1/depends/x86_64-pc-linux/share/../include/  conftest.cpp
configure:14127: $? = 0
configure:14141: g++ -m64 -std=c++11 -E -I/home/administrator/walletbuilders/build_environment/litecoin/0.18.1/depends/x86_64-pc-linux/share/../include/  conftest.cpp
conftest.cpp:22:10: fatal error: ac_nonexistent.h: No such file or directory
 #include <ac_nonexistent.h>
          ^~~~~~~~~~~~~~~~~~
compilation terminated.
configure:14141: $? = 1
configure: failed program was:
| /* confdefs.h */
| #define PACKAGE_NAME "Ferrite Core"
| #define PACKAGE_TARNAME "ferrite"
| #define PACKAGE_VERSION "1.0.0"
| #define PACKAGE_STRING "Ferrite Core 1.0.0"
| #define PACKAGE_BUGREPORT "https://github.com/ferrite-project/ferrite/issues"
| #define PACKAGE_URL "https://ferrite.org/"
| #define HAVE_CXX11 1
| #define STDC_HEADERS 1
| #define HAVE_SYS_TYPES_H 1
| #define HAVE_SYS_STAT_H 1
| #define HAVE_STDLIB_H 1
| #define HAVE_STRING_H 1
| #define HAVE_MEMORY_H 1
| #define HAVE_STRINGS_H 1
| #define HAVE_INTTYPES_H 1
| #define HAVE_STDINT_H 1
| #define HAVE_UNISTD_H 1
| #define HAVE_DLFCN_H 1
| #define LT_OBJDIR ".libs/"
| /* end confdefs.h.  */
| #include <ac_nonexistent.h>
configure:14166: result: g++ -m64 -std=c++11 -E
configure:14186: g++ -m64 -std=c++11 -E -I/home/administrator/walletbuilders/build_environment/litecoin/0.18.1/depends/x86_64-pc-linux/share/../include/  conftest.cpp
configure:14186: $? = 0
configure:14200: g++ -m64 -std=c++11 -E -I/home/administrator/walletbuilders/build_environment/litecoin/0.18.1/depends/x86_64-pc-linux/share/../include/  conftest.cpp
conftest.cpp:22:10: fatal error: ac_nonexistent.h: No such file or directory
 #include <ac_nonexistent.h>
          ^~~~~~~~~~~~~~~~~~
compilation terminated.
configure:14200: $? = 1
configure: failed program was:
| /* confdefs.h */
| #define PACKAGE_NAME "Ferrite Core"
| #define PACKAGE_TARNAME "ferrite"
| #define PACKAGE_VERSION "1.0.0"
| #define PACKAGE_STRING "Ferrite Core 1.0.0"
| #define PACKAGE_BUGREPORT "https://github.com/ferrite-project/ferrite/issues"
| #define PACKAGE_URL "https://ferrite.org/"
| #define HAVE_CXX11 1
| #define STDC_HEADERS 1
| #define HAVE_SYS_TYPES_H 1
| #define HAVE_SYS_STAT_H 1
| #define HAVE_STDLIB_H 1
| #define HAVE_STRING_H 1
| #define HAVE_MEMORY_H 1
| #define HAVE_STRINGS_H 1
| #define HAVE_INTTYPES_H 1
| #define HAVE_STDINT_H 1
| #define HAVE_UNISTD_H 1
| #define HAVE_DLFCN_H 1
| #define LT_OBJDIR ".libs/"
| /* end confdefs.h.  */
| #include <ac_nonexistent.h>
configure:14362: checking for ld used by g++ -m64 -std=c++11
configure:14429: result: /usr/bin/ld -m elf_x86_64
configure:14436: checking if the linker (/usr/bin/ld -m elf_x86_64) is GNU ld
configure:14451: result: yes
configure:14506: checking whether the g++ -m64 -std=c++11 linker (/usr/bin/ld -m elf_x86_64) supports shared libraries
configure:15579: result: yes
configure:15615: g++ -m64 -std=c++11 -c -pipe -O2  -I/home/administrator/walletbuilders/build_environment/litecoin/0.18.1/depends/x86_64-pc-linux/share/../include/  conftest.cpp >&5
configure:15618: $? = 0
configure:16099: checking for g++ -m64 -std=c++11 option to produce PIC
configure:16106: result: -fPIC -DPIC
configure:16114: checking if g++ -m64 -std=c++11 PIC flag -fPIC -DPIC works
configure:16132: g++ -m64 -std=c++11 -c -pipe -O2  -I/home/administrator/walletbuilders/build_environment/litecoin/0.18.1/depends/x86_64-pc-linux/share/../include/  -fPIC -DPIC -DPIC conftest.cpp >&5
configure:16136: $? = 0
configure:16149: result: yes
configure:16172: checking if g++ -m64 -std=c++11 static flag -static works
configure:16200: result: yes
configure:16212: checking if g++ -m64 -std=c++11 supports -c -o file.o
configure:16233: g++ -m64 -std=c++11 -c -pipe -O2  -I/home/administrator/walletbuilders/build_environment/litecoin/0.18.1/depends/x86_64-pc-linux/share/../include/  -o out/conftest2.o conftest.cpp >&5
configure:16237: $? = 0
configure:16259: result: yes
configure:16264: checking if g++ -m64 -std=c++11 supports -c -o file.o
configure:16311: result: yes
configure:16341: checking whether the g++ -m64 -std=c++11 linker (/usr/bin/ld -m elf_x86_64) supports shared libraries
configure:16384: result: yes
configure:16525: checking dynamic linker characteristics
configure:17282: result: GNU/Linux ld.so
configure:17347: checking how to hardcode library paths into programs
configure:17372: result: immediate
configure:17437: checking for x86_64-pc-linux-ar
configure:17470: result: no
configure:17480: checking for ar
configure:17510: result: ar
configure:17535: checking for x86_64-pc-linux-ranlib
configure:17568: result: no
configure:17578: checking for ranlib
configure:17608: result: ranlib
configure:17633: checking for x86_64-pc-linux-strip
configure:17666: result: no
configure:17676: checking for strip
configure:17694: found /usr/bin/strip
configure:17706: result: /usr/bin/strip
configure:17731: checking for x86_64-pc-linux-gcov
configure:17764: result: no
configure:17774: checking for gcov
configure:17792: found /usr/bin/gcov
configure:17804: result: /usr/bin/gcov
configure:17828: checking for lcov
configure:17861: result: no
configure:17870: checking for python3.4
configure:17903: result: no
configure:17870: checking for python3.5
configure:17903: result: no
configure:17870: checking for python3.6
configure:17888: found /usr/bin/python3.6
configure:17900: result: /usr/bin/python3.6
configure:17913: checking for genhtml
configure:17946: result: no
configure:17953: checking for git
configure:17971: found /usr/bin/git
configure:17983: result: /usr/bin/git
configure:17993: checking for ccache
configure:18026: result: no
configure:18033: checking for xgettext
configure:18051: found /usr/bin/xgettext
configure:18063: result: /usr/bin/xgettext
configure:18073: checking for hexdump
configure:18091: found /usr/bin/hexdump
configure:18103: result: /usr/bin/hexdump
configure:18114: checking for x86_64-pc-linux-readelf
configure:18147: result: no
configure:18157: checking for readelf
configure:18175: found /usr/bin/readelf
configure:18187: result: /usr/bin/readelf
configure:18212: checking for x86_64-pc-linux-c++filt
configure:18245: result: no
configure:18255: checking for c++filt
configure:18273: found /usr/bin/c++filt
configure:18285: result: /usr/bin/c++filt
configure:18310: checking for x86_64-pc-linux-objcopy
configure:18343: result: no
configure:18353: checking for objcopy
configure:18371: found /usr/bin/objcopy
configure:18383: result: /usr/bin/objcopy
configure:18407: checking for doxygen
configure:18425: found /usr/bin/doxygen
configure:18437: result: /usr/bin/doxygen
configure:18701: checking whether C++ compiler accepts -Werror
configure:18720: g++ -m64 -std=c++11 -c -pipe -O2   -Werror -I/home/administrator/walletbuilders/build_environment/litecoin/0.18.1/depends/x86_64-pc-linux/share/../include/  conftest.cpp >&5
configure:18720: $? = 0
configure:18728: result: yes
configure:19671: checking whether C++ compiler accepts -msse4.2
configure:19690: g++ -m64 -std=c++11 -c -pipe -O2  -Werror -msse4.2 -I/home/administrator/walletbuilders/build_environment/litecoin/0.18.1/depends/x86_64-pc-linux/share/../include/  conftest.cpp >&5
configure:19690: $? = 0
configure:19699: result: yes
configure:19708: checking whether C++ compiler accepts -msse4.1
configure:19727: g++ -m64 -std=c++11 -c -pipe -O2  -Werror -msse4.1 -I/home/administrator/walletbuilders/build_environment/litecoin/0.18.1/depends/x86_64-pc-linux/share/../include/  conftest.cpp >&5
configure:19727: $? = 0
configure:19736: result: yes
configure:19745: checking whether C++ compiler accepts -mavx -mavx2
configure:19764: g++ -m64 -std=c++11 -c -pipe -O2  -Werror -mavx -mavx2 -I/home/administrator/walletbuilders/build_environment/litecoin/0.18.1/depends/x86_64-pc-linux/share/../include/  conftest.cpp >&5
configure:19764: $? = 0
configure:19773: result: yes
configure:19782: checking whether C++ compiler accepts -msse4 -msha
configure:19801: g++ -m64 -std=c++11 -c -pipe -O2  -Werror -msse4 -msha -I/home/administrator/walletbuilders/build_environment/litecoin/0.18.1/depends/x86_64-pc-linux/share/../include/  conftest.cpp >&5
configure:19801: $? = 0
configure:19810: result: yes
configure:19821: checking for assembler crc32 support
configure:19847: g++ -m64 -std=c++11 -c -pipe -O2  -msse4.2 -I/home/administrator/walletbuilders/build_environment/litecoin/0.18.1/depends/x86_64-pc-linux/share/../include/  conftest.cpp >&5
configure:19847: $? = 0
configure:19848: result: yes
configure:19860: checking for SSE4.1 intrinsics
configure:19879: g++ -m64 -std=c++11 -c -pipe -O2  -msse4.1 -I/home/administrator/walletbuilders/build_environment/litecoin/0.18.1/depends/x86_64-pc-linux/share/../include/  conftest.cpp >&5
configure:19879: $? = 0
configure:19880: result: yes
configure:19894: checking for AVX2 intrinsics
configure:19913: g++ -m64 -std=c++11 -c -pipe -O2  -mavx -mavx2 -I/home/administrator/walletbuilders/build_environment/litecoin/0.18.1/depends/x86_64-pc-linux/share/../include/  conftest.cpp >&5
configure:19913: $? = 0
configure:19914: result: yes
configure:19928: checking for SHA-NI intrinsics
configure:19949: g++ -m64 -std=c++11 -c -pipe -O2  -msse4 -msha -I/home/administrator/walletbuilders/build_environment/litecoin/0.18.1/depends/x86_64-pc-linux/share/../include/  conftest.cpp >&5
configure:19949: $? = 0
configure:19950: result: yes
configure:21590: checking for x86_64-pc-linux-pkg-config
configure:21620: result: /usr/bin/pkg-config --static
configure:21688: checking pkg-config is at least version 0.9.0
configure:21691: result: yes
configure:21806: checking whether byte ordering is bigendian
configure:21821: g++ -m64 -std=c++11 -c -pipe -O2  -I/home/administrator/walletbuilders/build_environment/litecoin/0.18.1/depends/x86_64-pc-linux/share/../include/  -DHAVE_BUILD_INFO -D__STDC_FORMAT_MACROS conftest.cpp >&5
conftest.cpp:27:9: error: expected unqualified-id before 'not' token
         not a universal capable compiler
         ^~~
configure:21821: $? = 1
configure: failed program was:
| /* confdefs.h */
| #define PACKAGE_NAME "Ferrite Core"
| #define PACKAGE_TARNAME "ferrite"
| #define PACKAGE_VERSION "1.0.0"
| #define PACKAGE_STRING "Ferrite Core 1.0.0"
| #define PACKAGE_BUGREPORT "https://github.com/ferrite-project/ferrite/issues"
| #define PACKAGE_URL "https://ferrite.org/"
| #define HAVE_CXX11 1
| #define STDC_HEADERS 1
| #define HAVE_SYS_TYPES_H 1
| #define HAVE_SYS_STAT_H 1
| #define HAVE_STDLIB_H 1
| #define HAVE_STRING_H 1
| #define HAVE_MEMORY_H 1
| #define HAVE_STRINGS_H 1
| #define HAVE_INTTYPES_H 1
| #define HAVE_STDINT_H 1
| #define HAVE_UNISTD_H 1
| #define HAVE_DLFCN_H 1
| #define LT_OBJDIR ".libs/"
| #define USE_ASM 1
| #define ENABLE_SSE41 1
| #define ENABLE_AVX2 1
| #define ENABLE_SHANI 1
| /* end confdefs.h.  */
| #ifndef __APPLE_CC__
| 	       not a universal capable compiler
| 	     #endif
| 	     typedef int dummy;
| 
configure:21866: g++ -m64 -std=c++11 -c -pipe -O2  -I/home/administrator/walletbuilders/build_environment/litecoin/0.18.1/depends/x86_64-pc-linux/share/../include/  -DHAVE_BUILD_INFO -D__STDC_FORMAT_MACROS conftest.cpp >&5
configure:21866: $? = 0
configure:21884: g++ -m64 -std=c++11 -c -pipe -O2  -I/home/administrator/walletbuilders/build_environment/litecoin/0.18.1/depends/x86_64-pc-linux/share/../include/  -DHAVE_BUILD_INFO -D__STDC_FORMAT_MACROS conftest.cpp >&5
conftest.cpp: In function 'int main()':
conftest.cpp:33:8: error: 'big' was not declared in this scope
    not big endian
        ^~~
configure:21884: $? = 1
configure: failed program was:
| /* confdefs.h */
| #define PACKAGE_NAME "Ferrite Core"
| #define PACKAGE_TARNAME "ferrite"
| #define PACKAGE_VERSION "1.0.0"
| #define PACKAGE_STRING "Ferrite Core 1.0.0"
| #define PACKAGE_BUGREPORT "https://github.com/ferrite-project/ferrite/issues"
| #define PACKAGE_URL "https://ferrite.org/"
| #define HAVE_CXX11 1
| #define STDC_HEADERS 1
| #define HAVE_SYS_TYPES_H 1
| #define HAVE_SYS_STAT_H 1
| #define HAVE_STDLIB_H 1
| #define HAVE_STRING_H 1
| #define HAVE_MEMORY_H 1
| #define HAVE_STRINGS_H 1
| #define HAVE_INTTYPES_H 1
| #define HAVE_STDINT_H 1
| #define HAVE_UNISTD_H 1
| #define HAVE_DLFCN_H 1
| #define LT_OBJDIR ".libs/"
| #define USE_ASM 1
| #define ENABLE_SSE41 1
| #define ENABLE_AVX2 1
| #define ENABLE_SHANI 1
| /* end confdefs.h.  */
| #include <sys/types.h>
| 		#include <sys/param.h>
| 
| int
| main ()
| {
| #if BYTE_ORDER != BIG_ENDIAN
| 		 not big endian
| 		#endif
| 
|   ;
|   return 0;
| }
configure:22012: result: no
configure:22214: checking whether gcc -m64 is Clang
configure:22239: result: no
configure:22362: checking whether pthreads work with -pthread
configure:22456: gcc -m64 -o conftest -pipe -O2  -pthread -I/home/administrator/walletbuilders/build_environment/litecoin/0.18.1/depends/x86_64-pc-linux/share/../include/  -DHAVE_BUILD_INFO -D__STDC_FORMAT_MACROS -L/home/administrator/walletbuilders/build_environment/litecoin/0.18.1/depends/x86_64-pc-linux/share/../lib  conftest.c   >&5
configure:22456: $? = 0
configure:22465: result: yes
configure:22484: checking for joinable pthread attribute
configure:22502: gcc -m64 -o conftest -pipe -O2  -pthread -I/home/administrator/walletbuilders/build_environment/litecoin/0.18.1/depends/x86_64-pc-linux/share/../include/  -DHAVE_BUILD_INFO -D__STDC_FORMAT_MACROS -L/home/administrator/walletbuilders/build_environment/litecoin/0.18.1/depends/x86_64-pc-linux/share/../lib  conftest.c   >&5
configure:22502: $? = 0
configure:22510: result: PTHREAD_CREATE_JOINABLE
configure:22524: checking whether more special flags are required for pthreads
configure:22537: result: no
configure:22545: checking for PTHREAD_PRIO_INHERIT
configure:22561: gcc -m64 -o conftest -pipe -O2  -pthread -I/home/administrator/walletbuilders/build_environment/litecoin/0.18.1/depends/x86_64-pc-linux/share/../include/  -DHAVE_BUILD_INFO -D__STDC_FORMAT_MACROS -L/home/administrator/walletbuilders/build_environment/litecoin/0.18.1/depends/x86_64-pc-linux/share/../lib  conftest.c   >&5
configure:22561: $? = 0
configure:22570: result: yes
configure:22683: checking for special C compiler options needed for large files
configure:22728: result: no
configure:22734: checking for _FILE_OFFSET_BITS value needed for large files
configure:22759: g++ -m64 -std=c++11 -c -pipe -O2  -I/home/administrator/walletbuilders/build_environment/litecoin/0.18.1/depends/x86_64-pc-linux/share/../include/  -DHAVE_BUILD_INFO -D__STDC_FORMAT_MACROS conftest.cpp >&5
configure:22759: $? = 0
configure:22791: result: no
configure:22877: checking whether strerror_r is declared
configure:22877: g++ -m64 -std=c++11 -c -pipe -O2  -I/home/administrator/walletbuilders/build_environment/litecoin/0.18.1/depends/x86_64-pc-linux/share/../include/  -DHAVE_BUILD_INFO -D__STDC_FORMAT_MACROS conftest.cpp >&5
configure:22877: $? = 0
configure:22877: result: yes
configure:22890: checking for strerror_r
configure:22890: g++ -m64 -std=c++11 -o conftest -pipe -O2  -I/home/administrator/walletbuilders/build_environment/litecoin/0.18.1/depends/x86_64-pc-linux/share/../include/  -DHAVE_BUILD_INFO -D__STDC_FORMAT_MACROS -L/home/administrator/walletbuilders/build_environment/litecoin/0.18.1/depends/x86_64-pc-linux/share/../lib  conftest.cpp  >&5
configure:22890: $? = 0
configure:22890: result: yes
configure:22899: checking whether strerror_r returns char *
configure:22923: g++ -m64 -std=c++11 -c -pipe -O2  -I/home/administrator/walletbuilders/build_environment/litecoin/0.18.1/depends/x86_64-pc-linux/share/../include/  -DHAVE_BUILD_INFO -D__STDC_FORMAT_MACROS conftest.cpp >&5
configure:22923: $? = 0
configure:22961: result: yes
configure:22982: checking whether the linker accepts -Wl,--large-address-aware
configure:23001: g++ -m64 -std=c++11 -o conftest -pipe -O2  -I/home/administrator/walletbuilders/build_environment/litecoin/0.18.1/depends/x86_64-pc-linux/share/../include/  -DHAVE_BUILD_INFO -D__STDC_FORMAT_MACROS -L/home/administrator/walletbuilders/build_environment/litecoin/0.18.1/depends/x86_64-pc-linux/share/../lib   -Wl,--large-address-aware conftest.cpp  >&5
/usr/bin/ld: unrecognized option '--large-address-aware'
/usr/bin/ld: use the --help option for usage information
collect2: error: ld returned 1 exit status
configure:23001: $? = 1
configure: failed program was:
| /* confdefs.h */
| #define PACKAGE_NAME "Ferrite Core"
| #define PACKAGE_TARNAME "ferrite"
| #define PACKAGE_VERSION "1.0.0"
| #define PACKAGE_STRING "Ferrite Core 1.0.0"
| #define PACKAGE_BUGREPORT "https://github.com/ferrite-project/ferrite/issues"
| #define PACKAGE_URL "https://ferrite.org/"
| #define HAVE_CXX11 1
| #define STDC_HEADERS 1
| #define HAVE_SYS_TYPES_H 1
| #define HAVE_SYS_STAT_H 1
| #define HAVE_STDLIB_H 1
| #define HAVE_STRING_H 1
| #define HAVE_MEMORY_H 1
| #define HAVE_STRINGS_H 1
| #define HAVE_INTTYPES_H 1
| #define HAVE_STDINT_H 1
| #define HAVE_UNISTD_H 1
| #define HAVE_DLFCN_H 1
| #define LT_OBJDIR ".libs/"
| #define USE_ASM 1
| #define ENABLE_SSE41 1
| #define ENABLE_AVX2 1
| #define ENABLE_SHANI 1
| #define HAVE_PTHREAD_PRIO_INHERIT 1
| #define HAVE_PTHREAD 1
| #define HAVE_DECL_STRERROR_R 1
| #define HAVE_STRERROR_R 1
| #define STRERROR_R_CHAR_P 1
| /* end confdefs.h.  */
| 
| int
| main ()
| {
| 
|   ;
|   return 0;
| }
configure:23010: result: no
configure:23022: checking for __attribute__((visibility))
configure:23046: g++ -m64 -std=c++11 -o conftest -pipe -O2  -I/home/administrator/walletbuilders/build_environment/litecoin/0.18.1/depends/x86_64-pc-linux/share/../include/  -DHAVE_BUILD_INFO -D__STDC_FORMAT_MACROS -L/home/administrator/walletbuilders/build_environment/litecoin/0.18.1/depends/x86_64-pc-linux/share/../lib  conftest.cpp  >&5
configure:23046: $? = 0
configure:23059: result: yes
configure:23075: checking for __attribute__((dllexport))
configure:23096: g++ -m64 -std=c++11 -o conftest -pipe -O2  -I/home/administrator/walletbuilders/build_environment/litecoin/0.18.1/depends/x86_64-pc-linux/share/../include/  -DHAVE_BUILD_INFO -D__STDC_FORMAT_MACROS -L/home/administrator/walletbuilders/build_environment/litecoin/0.18.1/depends/x86_64-pc-linux/share/../lib  conftest.cpp  >&5
conftest.cpp:34:62: warning: 'dllexport' attribute directive ignored [-Wattributes]
                     __attribute__((dllexport)) int foo( void ) { return 0; }
                                                              ^
configure:23096: $? = 0
configure:23109: result: no
configure:23125: checking for __attribute__((dllimport))
configure:23146: g++ -m64 -std=c++11 -o conftest -pipe -O2  -I/home/administrator/walletbuilders/build_environment/litecoin/0.18.1/depends/x86_64-pc-linux/share/../include/  -DHAVE_BUILD_INFO -D__STDC_FORMAT_MACROS -L/home/administrator/walletbuilders/build_environment/litecoin/0.18.1/depends/x86_64-pc-linux/share/../lib  conftest.cpp  >&5
conftest.cpp:34:62: warning: 'dllimport' attribute directive ignored [-Wattributes]
                     int foo( void ) __attribute__((dllimport));
                                                              ^
configure:23146: $? = 0
configure:23159: result: no
configure:23331: checking for library containing clock_gettime
configure:23362: g++ -m64 -std=c++11 -o conftest -pipe -O2  -I/home/administrator/walletbuilders/build_environment/litecoin/0.18.1/depends/x86_64-pc-linux/share/../include/  -DHAVE_BUILD_INFO -D__STDC_FORMAT_MACROS -L/home/administrator/walletbuilders/build_environment/litecoin/0.18.1/depends/x86_64-pc-linux/share/../lib  conftest.cpp  >&5
configure:23362: $? = 0
configure:23379: result: none required
configure:23511: checking whether C++ compiler accepts -fPIC
configure:23530: g++ -m64 -std=c++11 -c -pipe -O2   -fPIC -I/home/administrator/walletbuilders/build_environment/litecoin/0.18.1/depends/x86_64-pc-linux/share/../include/  -DHAVE_BUILD_INFO -D__STDC_FORMAT_MACROS conftest.cpp >&5
configure:23530: $? = 0
configure:23538: result: yes
configure:23551: checking whether C++ compiler accepts -fstack-reuse=none
configure:23570: g++ -m64 -std=c++11 -c -pipe -O2   -fstack-reuse=none -I/home/administrator/walletbuilders/build_environment/litecoin/0.18.1/depends/x86_64-pc-linux/share/../include/  -DHAVE_BUILD_INFO -D__STDC_FORMAT_MACROS conftest.cpp >&5
configure:23570: $? = 0
configure:23578: result: yes
configure:23588: checking whether C++ compiler accepts -Wstack-protector
configure:23607: g++ -m64 -std=c++11 -c -pipe -O2   -Wstack-protector -I/home/administrator/walletbuilders/build_environment/litecoin/0.18.1/depends/x86_64-pc-linux/share/../include/  -DHAVE_BUILD_INFO -D__STDC_FORMAT_MACROS conftest.cpp >&5
configure:23607: $? = 0
configure:23615: result: yes
configure:23623: checking whether C++ compiler accepts -fstack-protector-all
configure:23642: g++ -m64 -std=c++11 -c -pipe -O2   -fstack-protector-all -I/home/administrator/walletbuilders/build_environment/litecoin/0.18.1/depends/x86_64-pc-linux/share/../include/  -DHAVE_BUILD_INFO -D__STDC_FORMAT_MACROS conftest.cpp >&5
configure:23642: $? = 0
configure:23650: result: yes
configure:23659: checking whether C++ preprocessor accepts -D_FORTIFY_SOURCE=2
configure:23678: g++ -m64 -std=c++11 -E -I/home/administrator/walletbuilders/build_environment/litecoin/0.18.1/depends/x86_64-pc-linux/share/../include/  -DHAVE_BUILD_INFO -D__STDC_FORMAT_MACROS  -D_FORTIFY_SOURCE=2 conftest.cpp
configure:23678: $? = 0
configure:23686: result: yes
configure:23690: checking whether C++ preprocessor accepts -U_FORTIFY_SOURCE
configure:23709: g++ -m64 -std=c++11 -E -I/home/administrator/walletbuilders/build_environment/litecoin/0.18.1/depends/x86_64-pc-linux/share/../include/  -DHAVE_BUILD_INFO -D__STDC_FORMAT_MACROS  -U_FORTIFY_SOURCE conftest.cpp
configure:23709: $? = 0
configure:23717: result: yes
configure:23734: checking whether the linker accepts -Wl,--dynamicbase
configure:23753: g++ -m64 -std=c++11 -o conftest -pipe -O2  -I/home/administrator/walletbuilders/build_environment/litecoin/0.18.1/depends/x86_64-pc-linux/share/../include/  -DHAVE_BUILD_INFO -D__STDC_FORMAT_MACROS -L/home/administrator/walletbuilders/build_environment/litecoin/0.18.1/depends/x86_64-pc-linux/share/../lib   -Wl,--dynamicbase conftest.cpp  >&5
/usr/bin/ld: unrecognized option '--dynamicbase'
/usr/bin/ld: use the --help option for usage information
collect2: error: ld returned 1 exit status
configure:23753: $? = 1
configure: failed program was:
| /* confdefs.h */
| #define PACKAGE_NAME "Ferrite Core"
| #define PACKAGE_TARNAME "ferrite"
| #define PACKAGE_VERSION "1.0.0"
| #define PACKAGE_STRING "Ferrite Core 1.0.0"
| #define PACKAGE_BUGREPORT "https://github.com/ferrite-project/ferrite/issues"
| #define PACKAGE_URL "https://ferrite.org/"
| #define HAVE_CXX11 1
| #define STDC_HEADERS 1
| #define HAVE_SYS_TYPES_H 1
| #define HAVE_SYS_STAT_H 1
| #define HAVE_STDLIB_H 1
| #define HAVE_STRING_H 1
| #define HAVE_MEMORY_H 1
| #define HAVE_STRINGS_H 1
| #define HAVE_INTTYPES_H 1
| #define HAVE_STDINT_H 1
| #define HAVE_UNISTD_H 1
| #define HAVE_DLFCN_H 1
| #define LT_OBJDIR ".libs/"
| #define USE_ASM 1
| #define ENABLE_SSE41 1
| #define ENABLE_AVX2 1
| #define ENABLE_SHANI 1
| #define HAVE_PTHREAD_PRIO_INHERIT 1
| #define HAVE_PTHREAD 1
| #define HAVE_DECL_STRERROR_R 1
| #define HAVE_STRERROR_R 1
| #define STRERROR_R_CHAR_P 1
| #define HAVE_FUNC_ATTRIBUTE_VISIBILITY 1
| /* end confdefs.h.  */
| 
| int
| main ()
| {
| 
|   ;
|   return 0;
| }
configure:23762: result: no
configure:23770: checking whether the linker accepts -Wl,--nxcompat
configure:23789: g++ -m64 -std=c++11 -o conftest -pipe -O2  -I/home/administrator/walletbuilders/build_environment/litecoin/0.18.1/depends/x86_64-pc-linux/share/../include/  -DHAVE_BUILD_INFO -D__STDC_FORMAT_MACROS -L/home/administrator/walletbuilders/build_environment/litecoin/0.18.1/depends/x86_64-pc-linux/share/../lib   -Wl,--nxcompat conftest.cpp  >&5
/usr/bin/ld: unrecognized option '--nxcompat'
/usr/bin/ld: use the --help option for usage information
collect2: error: ld returned 1 exit status
configure:23789: $? = 1
configure: failed program was:
| /* confdefs.h */
| #define PACKAGE_NAME "Ferrite Core"
| #define PACKAGE_TARNAME "ferrite"
| #define PACKAGE_VERSION "1.0.0"
| #define PACKAGE_STRING "Ferrite Core 1.0.0"
| #define PACKAGE_BUGREPORT "https://github.com/ferrite-project/ferrite/issues"
| #define PACKAGE_URL "https://ferrite.org/"
| #define HAVE_CXX11 1
| #define STDC_HEADERS 1
| #define HAVE_SYS_TYPES_H 1
| #define HAVE_SYS_STAT_H 1
| #define HAVE_STDLIB_H 1
| #define HAVE_STRING_H 1
| #define HAVE_MEMORY_H 1
| #define HAVE_STRINGS_H 1
| #define HAVE_INTTYPES_H 1
| #define HAVE_STDINT_H 1
| #define HAVE_UNISTD_H 1
| #define HAVE_DLFCN_H 1
| #define LT_OBJDIR ".libs/"
| #define USE_ASM 1
| #define ENABLE_SSE41 1
| #define ENABLE_AVX2 1
| #define ENABLE_SHANI 1
| #define HAVE_PTHREAD_PRIO_INHERIT 1
| #define HAVE_PTHREAD 1
| #define HAVE_DECL_STRERROR_R 1
| #define HAVE_STRERROR_R 1
| #define STRERROR_R_CHAR_P 1
| #define HAVE_FUNC_ATTRIBUTE_VISIBILITY 1
| /* end confdefs.h.  */
| 
| int
| main ()
| {
| 
|   ;
|   return 0;
| }
configure:23798: result: no
configure:23806: checking whether the linker accepts -Wl,--high-entropy-va
configure:23825: g++ -m64 -std=c++11 -o conftest -pipe -O2  -I/home/administrator/walletbuilders/build_environment/litecoin/0.18.1/depends/x86_64-pc-linux/share/../include/  -DHAVE_BUILD_INFO -D__STDC_FORMAT_MACROS -L/home/administrator/walletbuilders/build_environment/litecoin/0.18.1/depends/x86_64-pc-linux/share/../lib   -Wl,--high-entropy-va conftest.cpp  >&5
/usr/bin/ld: unrecognized option '--high-entropy-va'
/usr/bin/ld: use the --help option for usage information
collect2: error: ld returned 1 exit status
configure:23825: $? = 1
configure: failed program was:
| /* confdefs.h */
| #define PACKAGE_NAME "Ferrite Core"
| #define PACKAGE_TARNAME "ferrite"
| #define PACKAGE_VERSION "1.0.0"
| #define PACKAGE_STRING "Ferrite Core 1.0.0"
| #define PACKAGE_BUGREPORT "https://github.com/ferrite-project/ferrite/issues"
| #define PACKAGE_URL "https://ferrite.org/"
| #define HAVE_CXX11 1
| #define STDC_HEADERS 1
| #define HAVE_SYS_TYPES_H 1
| #define HAVE_SYS_STAT_H 1
| #define HAVE_STDLIB_H 1
| #define HAVE_STRING_H 1
| #define HAVE_MEMORY_H 1
| #define HAVE_STRINGS_H 1
| #define HAVE_INTTYPES_H 1
| #define HAVE_STDINT_H 1
| #define HAVE_UNISTD_H 1
| #define HAVE_DLFCN_H 1
| #define LT_OBJDIR ".libs/"
| #define USE_ASM 1
| #define ENABLE_SSE41 1
| #define ENABLE_AVX2 1
| #define ENABLE_SHANI 1
| #define HAVE_PTHREAD_PRIO_INHERIT 1
| #define HAVE_PTHREAD 1
| #define HAVE_DECL_STRERROR_R 1
| #define HAVE_STRERROR_R 1
| #define STRERROR_R_CHAR_P 1
| #define HAVE_FUNC_ATTRIBUTE_VISIBILITY 1
| /* end confdefs.h.  */
| 
| int
| main ()
| {
| 
|   ;
|   return 0;
| }
configure:23834: result: no
configure:23842: checking whether the linker accepts -Wl,-z,relro
configure:23861: g++ -m64 -std=c++11 -o conftest -pipe -O2  -I/home/administrator/walletbuilders/build_environment/litecoin/0.18.1/depends/x86_64-pc-linux/share/../include/  -DHAVE_BUILD_INFO -D__STDC_FORMAT_MACROS -L/home/administrator/walletbuilders/build_environment/litecoin/0.18.1/depends/x86_64-pc-linux/share/../lib   -Wl,-z,relro conftest.cpp  >&5
configure:23861: $? = 0
configure:23870: result: yes
configure:23878: checking whether the linker accepts -Wl,-z,now
configure:23897: g++ -m64 -std=c++11 -o conftest -pipe -O2  -I/home/administrator/walletbuilders/build_environment/litecoin/0.18.1/depends/x86_64-pc-linux/share/../include/  -DHAVE_BUILD_INFO -D__STDC_FORMAT_MACROS -L/home/administrator/walletbuilders/build_environment/litecoin/0.18.1/depends/x86_64-pc-linux/share/../lib   -Wl,-z,now conftest.cpp  >&5
configure:23897: $? = 0
configure:23906: result: yes
configure:23915: checking whether the linker accepts -fPIE -pie
configure:23934: g++ -m64 -std=c++11 -o conftest -pipe -O2  -I/home/administrator/walletbuilders/build_environment/litecoin/0.18.1/depends/x86_64-pc-linux/share/../include/  -DHAVE_BUILD_INFO -D__STDC_FORMAT_MACROS -L/home/administrator/walletbuilders/build_environment/litecoin/0.18.1/depends/x86_64-pc-linux/share/../lib  -Werror -fPIE -pie conftest.cpp  >&5
configure:23934: $? = 0
configure:23944: result: yes
configure:24042: checking endian.h usability
configure:24042: g++ -m64 -std=c++11 -c -pipe -O2  -I/home/administrator/walletbuilders/build_environment/litecoin/0.18.1/depends/x86_64-pc-linux/share/../include/  -DHAVE_BUILD_INFO -D__STDC_FORMAT_MACROS conftest.cpp >&5
configure:24042: $? = 0
configure:24042: result: yes
configure:24042: checking endian.h presence
configure:24042: g++ -m64 -std=c++11 -E -I/home/administrator/walletbuilders/build_environment/litecoin/0.18.1/depends/x86_64-pc-linux/share/../include/  -DHAVE_BUILD_INFO -D__STDC_FORMAT_MACROS conftest.cpp
configure:24042: $? = 0
configure:24042: result: yes
configure:24042: checking for endian.h
configure:24042: result: yes
configure:24042: checking sys/endian.h usability
configure:24042: g++ -m64 -std=c++11 -c -pipe -O2  -I/home/administrator/walletbuilders/build_environment/litecoin/0.18.1/depends/x86_64-pc-linux/share/../include/  -DHAVE_BUILD_INFO -D__STDC_FORMAT_MACROS conftest.cpp >&5
conftest.cpp:66:10: fatal error: sys/endian.h: No such file or directory
 #include <sys/endian.h>
          ^~~~~~~~~~~~~~
compilation terminated.
configure:24042: $? = 1
configure: failed program was:
| /* confdefs.h */
| #define PACKAGE_NAME "Ferrite Core"
| #define PACKAGE_TARNAME "ferrite"
| #define PACKAGE_VERSION "1.0.0"
| #define PACKAGE_STRING "Ferrite Core 1.0.0"
| #define PACKAGE_BUGREPORT "https://github.com/ferrite-project/ferrite/issues"
| #define PACKAGE_URL "https://ferrite.org/"
| #define HAVE_CXX11 1
| #define STDC_HEADERS 1
| #define HAVE_SYS_TYPES_H 1
| #define HAVE_SYS_STAT_H 1
| #define HAVE_STDLIB_H 1
| #define HAVE_STRING_H 1
| #define HAVE_MEMORY_H 1
| #define HAVE_STRINGS_H 1
| #define HAVE_INTTYPES_H 1
| #define HAVE_STDINT_H 1
| #define HAVE_UNISTD_H 1
| #define HAVE_DLFCN_H 1
| #define LT_OBJDIR ".libs/"
| #define USE_ASM 1
| #define ENABLE_SSE41 1
| #define ENABLE_AVX2 1
| #define ENABLE_SHANI 1
| #define HAVE_PTHREAD_PRIO_INHERIT 1
| #define HAVE_PTHREAD 1
| #define HAVE_DECL_STRERROR_R 1
| #define HAVE_STRERROR_R 1
| #define STRERROR_R_CHAR_P 1
| #define HAVE_FUNC_ATTRIBUTE_VISIBILITY 1
| #define HAVE_ENDIAN_H 1
| /* end confdefs.h.  */
| #include <stdio.h>
| #ifdef HAVE_SYS_TYPES_H
| # include <sys/types.h>
| #endif
| #ifdef HAVE_SYS_STAT_H
| # include <sys/stat.h>
| #endif
| #ifdef STDC_HEADERS
| # include <stdlib.h>
| # include <stddef.h>
| #else
| # ifdef HAVE_STDLIB_H
| #  include <stdlib.h>
| # endif
| #endif
| #ifdef HAVE_STRING_H
| # if !defined STDC_HEADERS && defined HAVE_MEMORY_H
| #  include <memory.h>
| # endif
| # include <string.h>
| #endif
| #ifdef HAVE_STRINGS_H
| # include <strings.h>
| #endif
| #ifdef HAVE_INTTYPES_H
| # include <inttypes.h>
| #endif
| #ifdef HAVE_STDINT_H
| # include <stdint.h>
| #endif
| #ifdef HAVE_UNISTD_H
| # include <unistd.h>
| #endif
| #include <sys/endian.h>
configure:24042: result: no
configure:24042: checking sys/endian.h presence
configure:24042: g++ -m64 -std=c++11 -E -I/home/administrator/walletbuilders/build_environment/litecoin/0.18.1/depends/x86_64-pc-linux/share/../include/  -DHAVE_BUILD_INFO -D__STDC_FORMAT_MACROS conftest.cpp
conftest.cpp:33:10: fatal error: sys/endian.h: No such file or directory
 #include <sys/endian.h>
          ^~~~~~~~~~~~~~
compilation terminated.
configure:24042: $? = 1
configure: failed program was:
| /* confdefs.h */
| #define PACKAGE_NAME "Ferrite Core"
| #define PACKAGE_TARNAME "ferrite"
| #define PACKAGE_VERSION "1.0.0"
| #define PACKAGE_STRING "Ferrite Core 1.0.0"
| #define PACKAGE_BUGREPORT "https://github.com/ferrite-project/ferrite/issues"
| #define PACKAGE_URL "https://ferrite.org/"
| #define HAVE_CXX11 1
| #define STDC_HEADERS 1
| #define HAVE_SYS_TYPES_H 1
| #define HAVE_SYS_STAT_H 1
| #define HAVE_STDLIB_H 1
| #define HAVE_STRING_H 1
| #define HAVE_MEMORY_H 1
| #define HAVE_STRINGS_H 1
| #define HAVE_INTTYPES_H 1
| #define HAVE_STDINT_H 1
| #define HAVE_UNISTD_H 1
| #define HAVE_DLFCN_H 1
| #define LT_OBJDIR ".libs/"
| #define USE_ASM 1
| #define ENABLE_SSE41 1
| #define ENABLE_AVX2 1
| #define ENABLE_SHANI 1
| #define HAVE_PTHREAD_PRIO_INHERIT 1
| #define HAVE_PTHREAD 1
| #define HAVE_DECL_STRERROR_R 1
| #define HAVE_STRERROR_R 1
| #define STRERROR_R_CHAR_P 1
| #define HAVE_FUNC_ATTRIBUTE_VISIBILITY 1
| #define HAVE_ENDIAN_H 1
| /* end confdefs.h.  */
| #include <sys/endian.h>
configure:24042: result: no
configure:24042: checking for sys/endian.h
configure:24042: result: no
configure:24042: checking byteswap.h usability
configure:24042: g++ -m64 -std=c++11 -c -pipe -O2  -I/home/administrator/walletbuilders/build_environment/litecoin/0.18.1/depends/x86_64-pc-linux/share/../include/  -DHAVE_BUILD_INFO -D__STDC_FORMAT_MACROS conftest.cpp >&5
configure:24042: $? = 0
configure:24042: result: yes
configure:24042: checking byteswap.h presence
configure:24042: g++ -m64 -std=c++11 -E -I/home/administrator/walletbuilders/build_environment/litecoin/0.18.1/depends/x86_64-pc-linux/share/../include/  -DHAVE_BUILD_INFO -D__STDC_FORMAT_MACROS conftest.cpp
configure:24042: $? = 0
configure:24042: result: yes
configure:24042: checking for byteswap.h
configure:24042: result: yes
configure:24042: checking stdio.h usability
configure:24042: g++ -m64 -std=c++11 -c -pipe -O2  -I/home/administrator/walletbuilders/build_environment/litecoin/0.18.1/depends/x86_64-pc-linux/share/../include/  -DHAVE_BUILD_INFO -D__STDC_FORMAT_MACROS conftest.cpp >&5
configure:24042: $? = 0
configure:24042: result: yes
configure:24042: checking stdio.h presence
configure:24042: g++ -m64 -std=c++11 -E -I/home/administrator/walletbuilders/build_environment/litecoin/0.18.1/depends/x86_64-pc-linux/share/../include/  -DHAVE_BUILD_INFO -D__STDC_FORMAT_MACROS conftest.cpp
configure:24042: $? = 0
configure:24042: result: yes
configure:24042: checking for stdio.h
configure:24042: result: yes
configure:24042: checking for stdlib.h
configure:24042: result: yes
configure:24042: checking for unistd.h
configure:24042: result: yes
configure:24042: checking for strings.h
configure:24042: result: yes
configure:24042: checking for sys/types.h
configure:24042: result: yes
configure:24042: checking for sys/stat.h
configure:24042: result: yes
configure:24042: checking sys/select.h usability
configure:24042: g++ -m64 -std=c++11 -c -pipe -O2  -I/home/administrator/walletbuilders/build_environment/litecoin/0.18.1/depends/x86_64-pc-linux/share/../include/  -DHAVE_BUILD_INFO -D__STDC_FORMAT_MACROS conftest.cpp >&5
configure:24042: $? = 0
configure:24042: result: yes
configure:24042: checking sys/select.h presence
configure:24042: g++ -m64 -std=c++11 -E -I/home/administrator/walletbuilders/build_environment/litecoin/0.18.1/depends/x86_64-pc-linux/share/../include/  -DHAVE_BUILD_INFO -D__STDC_FORMAT_MACROS conftest.cpp
configure:24042: $? = 0
configure:24042: result: yes
configure:24042: checking for sys/select.h
configure:24042: result: yes
configure:24042: checking sys/prctl.h usability
configure:24042: g++ -m64 -std=c++11 -c -pipe -O2  -I/home/administrator/walletbuilders/build_environment/litecoin/0.18.1/depends/x86_64-pc-linux/share/../include/  -DHAVE_BUILD_INFO -D__STDC_FORMAT_MACROS conftest.cpp >&5
configure:24042: $? = 0
configure:24042: result: yes
configure:24042: checking sys/prctl.h presence
configure:24042: g++ -m64 -std=c++11 -E -I/home/administrator/walletbuilders/build_environment/litecoin/0.18.1/depends/x86_64-pc-linux/share/../include/  -DHAVE_BUILD_INFO -D__STDC_FORMAT_MACROS conftest.cpp
configure:24042: $? = 0
configure:24042: result: yes
configure:24042: checking for sys/prctl.h
configure:24042: result: yes
configure:24053: checking whether getifaddrs is declared
configure:24053: g++ -m64 -std=c++11 -c -pipe -O2  -I/home/administrator/walletbuilders/build_environment/litecoin/0.18.1/depends/x86_64-pc-linux/share/../include/  -DHAVE_BUILD_INFO -D__STDC_FORMAT_MACROS conftest.cpp >&5
configure:24053: $? = 0
configure:24053: result: yes
configure:24066: checking whether freeifaddrs is declared
configure:24066: g++ -m64 -std=c++11 -c -pipe -O2  -I/home/administrator/walletbuilders/build_environment/litecoin/0.18.1/depends/x86_64-pc-linux/share/../include/  -DHAVE_BUILD_INFO -D__STDC_FORMAT_MACROS conftest.cpp >&5
configure:24066: $? = 0
configure:24066: result: yes
configure:24080: checking whether strnlen is declared
configure:24080: g++ -m64 -std=c++11 -c -pipe -O2  -I/home/administrator/walletbuilders/build_environment/litecoin/0.18.1/depends/x86_64-pc-linux/share/../include/  -DHAVE_BUILD_INFO -D__STDC_FORMAT_MACROS conftest.cpp >&5
configure:24080: $? = 0
configure:24080: result: yes
configure:24093: checking whether daemon is declared
configure:24093: g++ -m64 -std=c++11 -c -pipe -O2  -I/home/administrator/walletbuilders/build_environment/litecoin/0.18.1/depends/x86_64-pc-linux/share/../include/  -DHAVE_BUILD_INFO -D__STDC_FORMAT_MACROS conftest.cpp >&5
configure:24093: $? = 0
configure:24093: result: yes
configure:24105: checking whether le16toh is declared
configure:24105: g++ -m64 -std=c++11 -c -pipe -O2  -I/home/administrator/walletbuilders/build_environment/litecoin/0.18.1/depends/x86_64-pc-linux/share/../include/  -DHAVE_BUILD_INFO -D__STDC_FORMAT_MACROS conftest.cpp >&5
configure:24105: $? = 0
configure:24105: result: yes
configure:24120: checking whether le32toh is declared
configure:24120: g++ -m64 -std=c++11 -c -pipe -O2  -I/home/administrator/walletbuilders/build_environment/litecoin/0.18.1/depends/x86_64-pc-linux/share/../include/  -DHAVE_BUILD_INFO -D__STDC_FORMAT_MACROS conftest.cpp >&5
configure:24120: $? = 0
configure:24120: result: yes
configure:24135: checking whether le64toh is declared
configure:24135: g++ -m64 -std=c++11 -c -pipe -O2  -I/home/administrator/walletbuilders/build_environment/litecoin/0.18.1/depends/x86_64-pc-linux/share/../include/  -DHAVE_BUILD_INFO -D__STDC_FORMAT_MACROS conftest.cpp >&5
configure:24135: $? = 0
configure:24135: result: yes
configure:24150: checking whether htole16 is declared
configure:24150: g++ -m64 -std=c++11 -c -pipe -O2  -I/home/administrator/walletbuilders/build_environment/litecoin/0.18.1/depends/x86_64-pc-linux/share/../include/  -DHAVE_BUILD_INFO -D__STDC_FORMAT_MACROS conftest.cpp >&5
configure:24150: $? = 0
configure:24150: result: yes
configure:24165: checking whether htole32 is declared
configure:24165: g++ -m64 -std=c++11 -c -pipe -O2  -I/home/administrator/walletbuilders/build_environment/litecoin/0.18.1/depends/x86_64-pc-linux/share/../include/  -DHAVE_BUILD_INFO -D__STDC_FORMAT_MACROS conftest.cpp >&5
configure:24165: $? = 0
configure:24165: result: yes
configure:24180: checking whether htole64 is declared
configure:24180: g++ -m64 -std=c++11 -c -pipe -O2  -I/home/administrator/walletbuilders/build_environment/litecoin/0.18.1/depends/x86_64-pc-linux/share/../include/  -DHAVE_BUILD_INFO -D__STDC_FORMAT_MACROS conftest.cpp >&5
configure:24180: $? = 0
configure:24180: result: yes
configure:24195: checking whether be16toh is declared
configure:24195: g++ -m64 -std=c++11 -c -pipe -O2  -I/home/administrator/walletbuilders/build_environment/litecoin/0.18.1/depends/x86_64-pc-linux/share/../include/  -DHAVE_BUILD_INFO -D__STDC_FORMAT_MACROS conftest.cpp >&5
configure:24195: $? = 0
configure:24195: result: yes
configure:24210: checking whether be32toh is declared
configure:24210: g++ -m64 -std=c++11 -c -pipe -O2  -I/home/administrator/walletbuilders/build_environment/litecoin/0.18.1/depends/x86_64-pc-linux/share/../include/  -DHAVE_BUILD_INFO -D__STDC_FORMAT_MACROS conftest.cpp >&5
configure:24210: $? = 0
configure:24210: result: yes
configure:24225: checking whether be64toh is declared
configure:24225: g++ -m64 -std=c++11 -c -pipe -O2  -I/home/administrator/walletbuilders/build_environment/litecoin/0.18.1/depends/x86_64-pc-linux/share/../include/  -DHAVE_BUILD_INFO -D__STDC_FORMAT_MACROS conftest.cpp >&5
configure:24225: $? = 0
configure:24225: result: yes
configure:24240: checking whether htobe16 is declared
configure:24240: g++ -m64 -std=c++11 -c -pipe -O2  -I/home/administrator/walletbuilders/build_environment/litecoin/0.18.1/depends/x86_64-pc-linux/share/../include/  -DHAVE_BUILD_INFO -D__STDC_FORMAT_MACROS conftest.cpp >&5
configure:24240: $? = 0
configure:24240: result: yes
configure:24255: checking whether htobe32 is declared
configure:24255: g++ -m64 -std=c++11 -c -pipe -O2  -I/home/administrator/walletbuilders/build_environment/litecoin/0.18.1/depends/x86_64-pc-linux/share/../include/  -DHAVE_BUILD_INFO -D__STDC_FORMAT_MACROS conftest.cpp >&5
configure:24255: $? = 0
configure:24255: result: yes
configure:24270: checking whether htobe64 is declared
configure:24270: g++ -m64 -std=c++11 -c -pipe -O2  -I/home/administrator/walletbuilders/build_environment/litecoin/0.18.1/depends/x86_64-pc-linux/share/../include/  -DHAVE_BUILD_INFO -D__STDC_FORMAT_MACROS conftest.cpp >&5
configure:24270: $? = 0
configure:24270: result: yes
configure:24287: checking whether bswap_16 is declared
configure:24287: g++ -m64 -std=c++11 -c -pipe -O2  -I/home/administrator/walletbuilders/build_environment/litecoin/0.18.1/depends/x86_64-pc-linux/share/../include/  -DHAVE_BUILD_INFO -D__STDC_FORMAT_MACROS conftest.cpp >&5
configure:24287: $? = 0
configure:24287: result: yes
configure:24300: checking whether bswap_32 is declared
configure:24300: g++ -m64 -std=c++11 -c -pipe -O2  -I/home/administrator/walletbuilders/build_environment/litecoin/0.18.1/depends/x86_64-pc-linux/share/../include/  -DHAVE_BUILD_INFO -D__STDC_FORMAT_MACROS conftest.cpp >&5
configure:24300: $? = 0
configure:24300: result: yes
configure:24313: checking whether bswap_64 is declared
configure:24313: g++ -m64 -std=c++11 -c -pipe -O2  -I/home/administrator/walletbuilders/build_environment/litecoin/0.18.1/depends/x86_64-pc-linux/share/../include/  -DHAVE_BUILD_INFO -D__STDC_FORMAT_MACROS conftest.cpp >&5
configure:24313: $? = 0
configure:24313: result: yes
configure:24328: checking whether __builtin_clz is declared
configure:24328: g++ -m64 -std=c++11 -c -pipe -O2  -I/home/administrator/walletbuilders/build_environment/litecoin/0.18.1/depends/x86_64-pc-linux/share/../include/  -DHAVE_BUILD_INFO -D__STDC_FORMAT_MACROS conftest.cpp >&5
configure:24328: $? = 0
configure:24328: result: yes
configure:24338: checking whether __builtin_clzl is declared
configure:24338: g++ -m64 -std=c++11 -c -pipe -O2  -I/home/administrator/walletbuilders/build_environment/litecoin/0.18.1/depends/x86_64-pc-linux/share/../include/  -DHAVE_BUILD_INFO -D__STDC_FORMAT_MACROS conftest.cpp >&5
configure:24338: $? = 0
configure:24338: result: yes
configure:24348: checking whether __builtin_clzll is declared
configure:24348: g++ -m64 -std=c++11 -c -pipe -O2  -I/home/administrator/walletbuilders/build_environment/litecoin/0.18.1/depends/x86_64-pc-linux/share/../include/  -DHAVE_BUILD_INFO -D__STDC_FORMAT_MACROS conftest.cpp >&5
configure:24348: $? = 0
configure:24348: result: yes
configure:24360: checking for getmemoryinfo
configure:24373: g++ -m64 -std=c++11 -c -pipe -O2  -I/home/administrator/walletbuilders/build_environment/litecoin/0.18.1/depends/x86_64-pc-linux/share/../include/  -DHAVE_BUILD_INFO -D__STDC_FORMAT_MACROS conftest.cpp >&5
configure:24373: $? = 0
configure:24374: result: yes
configure:24385: checking for mallopt M_ARENA_MAX
configure:24398: g++ -m64 -std=c++11 -c -pipe -O2  -I/home/administrator/walletbuilders/build_environment/litecoin/0.18.1/depends/x86_64-pc-linux/share/../include/  -DHAVE_BUILD_INFO -D__STDC_FORMAT_MACROS conftest.cpp >&5
configure:24398: $? = 0
configure:24399: result: yes
configure:24410: checking for visibility attribute
configure:24419: g++ -m64 -std=c++11 -o conftest -pipe -O2  -I/home/administrator/walletbuilders/build_environment/litecoin/0.18.1/depends/x86_64-pc-linux/share/../include/  -DHAVE_BUILD_INFO -D__STDC_FORMAT_MACROS -L/home/administrator/walletbuilders/build_environment/litecoin/0.18.1/depends/x86_64-pc-linux/share/../lib  conftest.cpp  >&5
configure:24419: $? = 0
configure:24424: result: yes
configure:24442: checking for thread_local support
configure:24456: g++ -m64 -std=c++11 -o conftest -pipe -O2  -I/home/administrator/walletbuilders/build_environment/litecoin/0.18.1/depends/x86_64-pc-linux/share/../include/  -DHAVE_BUILD_INFO -D__STDC_FORMAT_MACROS -L/home/administrator/walletbuilders/build_environment/litecoin/0.18.1/depends/x86_64-pc-linux/share/../lib  -pthread conftest.cpp  >&5
configure:24456: $? = 0
configure:24461: result: yes
configure:24476: checking for Linux getrandom syscall
configure:24491: g++ -m64 -std=c++11 -c -pipe -O2  -I/home/administrator/walletbuilders/build_environment/litecoin/0.18.1/depends/x86_64-pc-linux/share/../include/  -DHAVE_BUILD_INFO -D__STDC_FORMAT_MACROS conftest.cpp >&5
configure:24491: $? = 0
configure:24492: result: yes
configure:24503: checking for getentropy
configure:24516: g++ -m64 -std=c++11 -c -pipe -O2  -I/home/administrator/walletbuilders/build_environment/litecoin/0.18.1/depends/x86_64-pc-linux/share/../include/  -DHAVE_BUILD_INFO -D__STDC_FORMAT_MACROS conftest.cpp >&5
conftest.cpp: In function 'int main()':
conftest.cpp:73:12: warning: ignoring return value of 'int getentropy(void*, size_t)', declared with attribute warn_unused_result [-Wunused-result]
  getentropy(nullptr, 32)
  ~~~~~~~~~~^~~~~~~~~~~~~
configure:24516: $? = 0
configure:24517: result: yes
configure:24528: checking for getentropy via random.h
configure:24542: g++ -m64 -std=c++11 -c -pipe -O2  -I/home/administrator/walletbuilders/build_environment/litecoin/0.18.1/depends/x86_64-pc-linux/share/../include/  -DHAVE_BUILD_INFO -D__STDC_FORMAT_MACROS conftest.cpp >&5
conftest.cpp: In function 'int main()':
conftest.cpp:75:12: warning: ignoring return value of 'int getentropy(void*, size_t)', declared with attribute warn_unused_result [-Wunused-result]
  getentropy(nullptr, 32)
  ~~~~~~~~~~^~~~~~~~~~~~~
configure:24542: $? = 0
configure:24543: result: yes
configure:24554: checking for sysctl KERN_ARND
configure:24569: g++ -m64 -std=c++11 -c -pipe -O2  -I/home/administrator/walletbuilders/build_environment/litecoin/0.18.1/depends/x86_64-pc-linux/share/../include/  -DHAVE_BUILD_INFO -D__STDC_FORMAT_MACROS conftest.cpp >&5
conftest.cpp: In function 'int main()':
conftest.cpp:76:40: error: 'KERN_ARND' was not declared in this scope
  static const int name[2] = {CTL_KERN, KERN_ARND};
                                        ^~~~~~~~~
conftest.cpp:76:40: note: suggested alternative: 'KERN_ACCT'
  static const int name[2] = {CTL_KERN, KERN_ARND};
                                        ^~~~~~~~~
                                        KERN_ACCT
conftest.cpp:77:49: error: invalid conversion from 'const int*' to 'int*' [-fpermissive]
     sysctl(name, 2, nullptr, nullptr, nullptr, 0);
                                                 ^
In file included from conftest.cpp:72:0:
/usr/include/x86_64-linux-gnu/sys/sysctl.h:68:12: note:   initializing argument 1 of 'int sysctl(int*, int, void*, size_t*, void*, size_t)'
 extern int sysctl (int *__name, int __nlen, void *__oldval,
            ^~~~~~
configure:24569: $? = 1
configure: failed program was:
| /* confdefs.h */
| #define PACKAGE_NAME "Ferrite Core"
| #define PACKAGE_TARNAME "ferrite"
| #define PACKAGE_VERSION "1.0.0"
| #define PACKAGE_STRING "Ferrite Core 1.0.0"
| #define PACKAGE_BUGREPORT "https://github.com/ferrite-project/ferrite/issues"
| #define PACKAGE_URL "https://ferrite.org/"
| #define HAVE_CXX11 1
| #define STDC_HEADERS 1
| #define HAVE_SYS_TYPES_H 1
| #define HAVE_SYS_STAT_H 1
| #define HAVE_STDLIB_H 1
| #define HAVE_STRING_H 1
| #define HAVE_MEMORY_H 1
| #define HAVE_STRINGS_H 1
| #define HAVE_INTTYPES_H 1
| #define HAVE_STDINT_H 1
| #define HAVE_UNISTD_H 1
| #define HAVE_DLFCN_H 1
| #define LT_OBJDIR ".libs/"
| #define USE_ASM 1
| #define ENABLE_SSE41 1
| #define ENABLE_AVX2 1
| #define ENABLE_SHANI 1
| #define HAVE_PTHREAD_PRIO_INHERIT 1
| #define HAVE_PTHREAD 1
| #define HAVE_DECL_STRERROR_R 1
| #define HAVE_STRERROR_R 1
| #define STRERROR_R_CHAR_P 1
| #define HAVE_FUNC_ATTRIBUTE_VISIBILITY 1
| #define HAVE_ENDIAN_H 1
| #define HAVE_BYTESWAP_H 1
| #define HAVE_STDIO_H 1
| #define HAVE_STDLIB_H 1
| #define HAVE_UNISTD_H 1
| #define HAVE_STRINGS_H 1
| #define HAVE_SYS_TYPES_H 1
| #define HAVE_SYS_STAT_H 1
| #define HAVE_SYS_SELECT_H 1
| #define HAVE_SYS_PRCTL_H 1
| #define HAVE_DECL_GETIFADDRS 1
| #define HAVE_DECL_FREEIFADDRS 1
| #define HAVE_DECL_STRNLEN 1
| #define HAVE_DECL_DAEMON 1
| #define HAVE_DECL_LE16TOH 1
| #define HAVE_DECL_LE32TOH 1
| #define HAVE_DECL_LE64TOH 1
| #define HAVE_DECL_HTOLE16 1
| #define HAVE_DECL_HTOLE32 1
| #define HAVE_DECL_HTOLE64 1
| #define HAVE_DECL_BE16TOH 1
| #define HAVE_DECL_BE32TOH 1
| #define HAVE_DECL_BE64TOH 1
| #define HAVE_DECL_HTOBE16 1
| #define HAVE_DECL_HTOBE32 1
| #define HAVE_DECL_HTOBE64 1
| #define HAVE_DECL_BSWAP_16 1
| #define HAVE_DECL_BSWAP_32 1
| #define HAVE_DECL_BSWAP_64 1
| #define HAVE_DECL___BUILTIN_CLZ 1
| #define HAVE_DECL___BUILTIN_CLZL 1
| #define HAVE_DECL___BUILTIN_CLZLL 1
| #define HAVE_MALLOC_INFO 1
| #define HAVE_MALLOPT_ARENA_MAX 1
| #define HAVE_VISIBILITY_ATTRIBUTE 1
| #define HAVE_THREAD_LOCAL 1
| #define HAVE_SYS_GETRANDOM 1
| #define HAVE_GETENTROPY 1
| #define HAVE_GETENTROPY_RAND 1
| /* end confdefs.h.  */
| #include <sys/types.h>
|   #include <sys/sysctl.h>
| int
| main ()
| {
|  static const int name[2] = {CTL_KERN, KERN_ARND};
|     sysctl(name, 2, nullptr, nullptr, nullptr, 0);
|   ;
|   return 0;
| }
configure:24575: result: no
configure:24581: checking for if type char equals int8_t
configure:24595: g++ -m64 -std=c++11 -c -pipe -O2  -I/home/administrator/walletbuilders/build_environment/litecoin/0.18.1/depends/x86_64-pc-linux/share/../include/  -DHAVE_BUILD_INFO -D__STDC_FORMAT_MACROS conftest.cpp >&5
conftest.cpp: In function 'int main()':
conftest.cpp:76:2: error: static assertion failed
  static_assert(std::is_same<int8_t, char>::value, "");
  ^~~~~~~~~~~~~
configure:24595: $? = 1
configure: failed program was:
| /* confdefs.h */
| #define PACKAGE_NAME "Ferrite Core"
| #define PACKAGE_TARNAME "ferrite"
| #define PACKAGE_VERSION "1.0.0"
| #define PACKAGE_STRING "Ferrite Core 1.0.0"
| #define PACKAGE_BUGREPORT "https://github.com/ferrite-project/ferrite/issues"
| #define PACKAGE_URL "https://ferrite.org/"
| #define HAVE_CXX11 1
| #define STDC_HEADERS 1
| #define HAVE_SYS_TYPES_H 1
| #define HAVE_SYS_STAT_H 1
| #define HAVE_STDLIB_H 1
| #define HAVE_STRING_H 1
| #define HAVE_MEMORY_H 1
| #define HAVE_STRINGS_H 1
| #define HAVE_INTTYPES_H 1
| #define HAVE_STDINT_H 1
| #define HAVE_UNISTD_H 1
| #define HAVE_DLFCN_H 1
| #define LT_OBJDIR ".libs/"
| #define USE_ASM 1
| #define ENABLE_SSE41 1
| #define ENABLE_AVX2 1
| #define ENABLE_SHANI 1
| #define HAVE_PTHREAD_PRIO_INHERIT 1
| #define HAVE_PTHREAD 1
| #define HAVE_DECL_STRERROR_R 1
| #define HAVE_STRERROR_R 1
| #define STRERROR_R_CHAR_P 1
| #define HAVE_FUNC_ATTRIBUTE_VISIBILITY 1
| #define HAVE_ENDIAN_H 1
| #define HAVE_BYTESWAP_H 1
| #define HAVE_STDIO_H 1
| #define HAVE_STDLIB_H 1
| #define HAVE_UNISTD_H 1
| #define HAVE_STRINGS_H 1
| #define HAVE_SYS_TYPES_H 1
| #define HAVE_SYS_STAT_H 1
| #define HAVE_SYS_SELECT_H 1
| #define HAVE_SYS_PRCTL_H 1
| #define HAVE_DECL_GETIFADDRS 1
| #define HAVE_DECL_FREEIFADDRS 1
| #define HAVE_DECL_STRNLEN 1
| #define HAVE_DECL_DAEMON 1
| #define HAVE_DECL_LE16TOH 1
| #define HAVE_DECL_LE32TOH 1
| #define HAVE_DECL_LE64TOH 1
| #define HAVE_DECL_HTOLE16 1
| #define HAVE_DECL_HTOLE32 1
| #define HAVE_DECL_HTOLE64 1
| #define HAVE_DECL_BE16TOH 1
| #define HAVE_DECL_BE32TOH 1
| #define HAVE_DECL_BE64TOH 1
| #define HAVE_DECL_HTOBE16 1
| #define HAVE_DECL_HTOBE32 1
| #define HAVE_DECL_HTOBE64 1
| #define HAVE_DECL_BSWAP_16 1
| #define HAVE_DECL_BSWAP_32 1
| #define HAVE_DECL_BSWAP_64 1
| #define HAVE_DECL___BUILTIN_CLZ 1
| #define HAVE_DECL___BUILTIN_CLZL 1
| #define HAVE_DECL___BUILTIN_CLZLL 1
| #define HAVE_MALLOC_INFO 1
| #define HAVE_MALLOPT_ARENA_MAX 1
| #define HAVE_VISIBILITY_ATTRIBUTE 1
| #define HAVE_THREAD_LOCAL 1
| #define HAVE_SYS_GETRANDOM 1
| #define HAVE_GETENTROPY 1
| #define HAVE_GETENTROPY_RAND 1
| /* end confdefs.h.  */
| #include <stdint.h>
|   #include <type_traits>
| int
| main ()
| {
|  static_assert(std::is_same<int8_t, char>::value, "");
|   ;
|   return 0;
| }
configure:24601: result: no
configure:24667: checking for Berkeley DB C++ headers
configure:24697: g++ -m64 -std=c++11 -c -pipe -O2  -I/home/administrator/walletbuilders/build_environment/litecoin/0.18.1/depends/x86_64-pc-linux/share/../include/  -DHAVE_BUILD_INFO -D__STDC_FORMAT_MACROS conftest.cpp >&5
conftest.cpp:72:18: fatal error: bdb4.8/db_cxx.h: No such file or directory
         #include <bdb4.8/db_cxx.h>
                  ^~~~~~~~~~~~~~~~~
compilation terminated.
configure:24697: $? = 1
configure: failed program was:
| /* confdefs.h */
| #define PACKAGE_NAME "Ferrite Core"
| #define PACKAGE_TARNAME "ferrite"
| #define PACKAGE_VERSION "1.0.0"
| #define PACKAGE_STRING "Ferrite Core 1.0.0"
| #define PACKAGE_BUGREPORT "https://github.com/ferrite-project/ferrite/issues"
| #define PACKAGE_URL "https://ferrite.org/"
| #define HAVE_CXX11 1
| #define STDC_HEADERS 1
| #define HAVE_SYS_TYPES_H 1
| #define HAVE_SYS_STAT_H 1
| #define HAVE_STDLIB_H 1
| #define HAVE_STRING_H 1
| #define HAVE_MEMORY_H 1
| #define HAVE_STRINGS_H 1
| #define HAVE_INTTYPES_H 1
| #define HAVE_STDINT_H 1
| #define HAVE_UNISTD_H 1
| #define HAVE_DLFCN_H 1
| #define LT_OBJDIR ".libs/"
| #define USE_ASM 1
| #define ENABLE_SSE41 1
| #define ENABLE_AVX2 1
| #define ENABLE_SHANI 1
| #define HAVE_PTHREAD_PRIO_INHERIT 1
| #define HAVE_PTHREAD 1
| #define HAVE_DECL_STRERROR_R 1
| #define HAVE_STRERROR_R 1
| #define STRERROR_R_CHAR_P 1
| #define HAVE_FUNC_ATTRIBUTE_VISIBILITY 1
| #define HAVE_ENDIAN_H 1
| #define HAVE_BYTESWAP_H 1
| #define HAVE_STDIO_H 1
| #define HAVE_STDLIB_H 1
| #define HAVE_UNISTD_H 1
| #define HAVE_STRINGS_H 1
| #define HAVE_SYS_TYPES_H 1
| #define HAVE_SYS_STAT_H 1
| #define HAVE_SYS_SELECT_H 1
| #define HAVE_SYS_PRCTL_H 1
| #define HAVE_DECL_GETIFADDRS 1
| #define HAVE_DECL_FREEIFADDRS 1
| #define HAVE_DECL_STRNLEN 1
| #define HAVE_DECL_DAEMON 1
| #define HAVE_DECL_LE16TOH 1
| #define HAVE_DECL_LE32TOH 1
| #define HAVE_DECL_LE64TOH 1
| #define HAVE_DECL_HTOLE16 1
| #define HAVE_DECL_HTOLE32 1
| #define HAVE_DECL_HTOLE64 1
| #define HAVE_DECL_BE16TOH 1
| #define HAVE_DECL_BE32TOH 1
| #define HAVE_DECL_BE64TOH 1
| #define HAVE_DECL_HTOBE16 1
| #define HAVE_DECL_HTOBE32 1
| #define HAVE_DECL_HTOBE64 1
| #define HAVE_DECL_BSWAP_16 1
| #define HAVE_DECL_BSWAP_32 1
| #define HAVE_DECL_BSWAP_64 1
| #define HAVE_DECL___BUILTIN_CLZ 1
| #define HAVE_DECL___BUILTIN_CLZL 1
| #define HAVE_DECL___BUILTIN_CLZLL 1
| #define HAVE_MALLOC_INFO 1
| #define HAVE_MALLOPT_ARENA_MAX 1
| #define HAVE_VISIBILITY_ATTRIBUTE 1
| #define HAVE_THREAD_LOCAL 1
| #define HAVE_SYS_GETRANDOM 1
| #define HAVE_GETENTROPY 1
| #define HAVE_GETENTROPY_RAND 1
| /* end confdefs.h.  */
| 
|         #include <bdb4.8/db_cxx.h>
| 
| int
| main ()
| {
| 
|         #if !((DB_VERSION_MAJOR == 4 && DB_VERSION_MINOR >= 8) || DB_VERSION_MAJOR > 4)
|           #error "failed to find bdb 4.8+"
|         #endif
| 
|   ;
|   return 0;
| }
configure:24697: g++ -m64 -std=c++11 -c -pipe -O2  -I/home/administrator/walletbuilders/build_environment/litecoin/0.18.1/depends/x86_64-pc-linux/share/../include/  -DHAVE_BUILD_INFO -D__STDC_FORMAT_MACROS conftest.cpp >&5
conftest.cpp:72:18: fatal error: libdb4.8/db_cxx.h: No such file or directory
         #include <libdb4.8/db_cxx.h>
                  ^~~~~~~~~~~~~~~~~~~
compilation terminated.
configure:24697: $? = 1
configure: failed program was:
| /* confdefs.h */
| #define PACKAGE_NAME "Ferrite Core"
| #define PACKAGE_TARNAME "ferrite"
| #define PACKAGE_VERSION "1.0.0"
| #define PACKAGE_STRING "Ferrite Core 1.0.0"
| #define PACKAGE_BUGREPORT "https://github.com/ferrite-project/ferrite/issues"
| #define PACKAGE_URL "https://ferrite.org/"
| #define HAVE_CXX11 1
| #define STDC_HEADERS 1
| #define HAVE_SYS_TYPES_H 1
| #define HAVE_SYS_STAT_H 1
| #define HAVE_STDLIB_H 1
| #define HAVE_STRING_H 1
| #define HAVE_MEMORY_H 1
| #define HAVE_STRINGS_H 1
| #define HAVE_INTTYPES_H 1
| #define HAVE_STDINT_H 1
| #define HAVE_UNISTD_H 1
| #define HAVE_DLFCN_H 1
| #define LT_OBJDIR ".libs/"
| #define USE_ASM 1
| #define ENABLE_SSE41 1
| #define ENABLE_AVX2 1
| #define ENABLE_SHANI 1
| #define HAVE_PTHREAD_PRIO_INHERIT 1
| #define HAVE_PTHREAD 1
| #define HAVE_DECL_STRERROR_R 1
| #define HAVE_STRERROR_R 1
| #define STRERROR_R_CHAR_P 1
| #define HAVE_FUNC_ATTRIBUTE_VISIBILITY 1
| #define HAVE_ENDIAN_H 1
| #define HAVE_BYTESWAP_H 1
| #define HAVE_STDIO_H 1
| #define HAVE_STDLIB_H 1
| #define HAVE_UNISTD_H 1
| #define HAVE_STRINGS_H 1
| #define HAVE_SYS_TYPES_H 1
| #define HAVE_SYS_STAT_H 1
| #define HAVE_SYS_SELECT_H 1
| #define HAVE_SYS_PRCTL_H 1
| #define HAVE_DECL_GETIFADDRS 1
| #define HAVE_DECL_FREEIFADDRS 1
| #define HAVE_DECL_STRNLEN 1
| #define HAVE_DECL_DAEMON 1
| #define HAVE_DECL_LE16TOH 1
| #define HAVE_DECL_LE32TOH 1
| #define HAVE_DECL_LE64TOH 1
| #define HAVE_DECL_HTOLE16 1
| #define HAVE_DECL_HTOLE32 1
| #define HAVE_DECL_HTOLE64 1
| #define HAVE_DECL_BE16TOH 1
| #define HAVE_DECL_BE32TOH 1
| #define HAVE_DECL_BE64TOH 1
| #define HAVE_DECL_HTOBE16 1
| #define HAVE_DECL_HTOBE32 1
| #define HAVE_DECL_HTOBE64 1
| #define HAVE_DECL_BSWAP_16 1
| #define HAVE_DECL_BSWAP_32 1
| #define HAVE_DECL_BSWAP_64 1
| #define HAVE_DECL___BUILTIN_CLZ 1
| #define HAVE_DECL___BUILTIN_CLZL 1
| #define HAVE_DECL___BUILTIN_CLZLL 1
| #define HAVE_MALLOC_INFO 1
| #define HAVE_MALLOPT_ARENA_MAX 1
| #define HAVE_VISIBILITY_ATTRIBUTE 1
| #define HAVE_THREAD_LOCAL 1
| #define HAVE_SYS_GETRANDOM 1
| #define HAVE_GETENTROPY 1
| #define HAVE_GETENTROPY_RAND 1
| /* end confdefs.h.  */
| 
|         #include <libdb4.8/db_cxx.h>
| 
| int
| main ()
| {
| 
|         #if !((DB_VERSION_MAJOR == 4 && DB_VERSION_MINOR >= 8) || DB_VERSION_MAJOR > 4)
|           #error "failed to find bdb 4.8+"
|         #endif
| 
|   ;
|   return 0;
| }
configure:24697: g++ -m64 -std=c++11 -c -pipe -O2  -I/home/administrator/walletbuilders/build_environment/litecoin/0.18.1/depends/x86_64-pc-linux/share/../include/  -DHAVE_BUILD_INFO -D__STDC_FORMAT_MACROS conftest.cpp >&5
conftest.cpp:72:18: fatal error: db4.8/db_cxx.h: No such file or directory
         #include <db4.8/db_cxx.h>
                  ^~~~~~~~~~~~~~~~
compilation terminated.
configure:24697: $? = 1
configure: failed program was:
| /* confdefs.h */
| #define PACKAGE_NAME "Ferrite Core"
| #define PACKAGE_TARNAME "ferrite"
| #define PACKAGE_VERSION "1.0.0"
| #define PACKAGE_STRING "Ferrite Core 1.0.0"
| #define PACKAGE_BUGREPORT "https://github.com/ferrite-project/ferrite/issues"
| #define PACKAGE_URL "https://ferrite.org/"
| #define HAVE_CXX11 1
| #define STDC_HEADERS 1
| #define HAVE_SYS_TYPES_H 1
| #define HAVE_SYS_STAT_H 1
| #define HAVE_STDLIB_H 1
| #define HAVE_STRING_H 1
| #define HAVE_MEMORY_H 1
| #define HAVE_STRINGS_H 1
| #define HAVE_INTTYPES_H 1
| #define HAVE_STDINT_H 1
| #define HAVE_UNISTD_H 1
| #define HAVE_DLFCN_H 1
| #define LT_OBJDIR ".libs/"
| #define USE_ASM 1
| #define ENABLE_SSE41 1
| #define ENABLE_AVX2 1
| #define ENABLE_SHANI 1
| #define HAVE_PTHREAD_PRIO_INHERIT 1
| #define HAVE_PTHREAD 1
| #define HAVE_DECL_STRERROR_R 1
| #define HAVE_STRERROR_R 1
| #define STRERROR_R_CHAR_P 1
| #define HAVE_FUNC_ATTRIBUTE_VISIBILITY 1
| #define HAVE_ENDIAN_H 1
| #define HAVE_BYTESWAP_H 1
| #define HAVE_STDIO_H 1
| #define HAVE_STDLIB_H 1
| #define HAVE_UNISTD_H 1
| #define HAVE_STRINGS_H 1
| #define HAVE_SYS_TYPES_H 1
| #define HAVE_SYS_STAT_H 1
| #define HAVE_SYS_SELECT_H 1
| #define HAVE_SYS_PRCTL_H 1
| #define HAVE_DECL_GETIFADDRS 1
| #define HAVE_DECL_FREEIFADDRS 1
| #define HAVE_DECL_STRNLEN 1
| #define HAVE_DECL_DAEMON 1
| #define HAVE_DECL_LE16TOH 1
| #define HAVE_DECL_LE32TOH 1
| #define HAVE_DECL_LE64TOH 1
| #define HAVE_DECL_HTOLE16 1
| #define HAVE_DECL_HTOLE32 1
| #define HAVE_DECL_HTOLE64 1
| #define HAVE_DECL_BE16TOH 1
| #define HAVE_DECL_BE32TOH 1
| #define HAVE_DECL_BE64TOH 1
| #define HAVE_DECL_HTOBE16 1
| #define HAVE_DECL_HTOBE32 1
| #define HAVE_DECL_HTOBE64 1
| #define HAVE_DECL_BSWAP_16 1
| #define HAVE_DECL_BSWAP_32 1
| #define HAVE_DECL_BSWAP_64 1
| #define HAVE_DECL___BUILTIN_CLZ 1
| #define HAVE_DECL___BUILTIN_CLZL 1
| #define HAVE_DECL___BUILTIN_CLZLL 1
| #define HAVE_MALLOC_INFO 1
| #define HAVE_MALLOPT_ARENA_MAX 1
| #define HAVE_VISIBILITY_ATTRIBUTE 1
| #define HAVE_THREAD_LOCAL 1
| #define HAVE_SYS_GETRANDOM 1
| #define HAVE_GETENTROPY 1
| #define HAVE_GETENTROPY_RAND 1
| /* end confdefs.h.  */
| 
|         #include <db4.8/db_cxx.h>
| 
| int
| main ()
| {
| 
|         #if !((DB_VERSION_MAJOR == 4 && DB_VERSION_MINOR >= 8) || DB_VERSION_MAJOR > 4)
|           #error "failed to find bdb 4.8+"
|         #endif
| 
|   ;
|   return 0;
| }
configure:24697: g++ -m64 -std=c++11 -c -pipe -O2  -I/home/administrator/walletbuilders/build_environment/litecoin/0.18.1/depends/x86_64-pc-linux/share/../include/  -DHAVE_BUILD_INFO -D__STDC_FORMAT_MACROS conftest.cpp >&5
conftest.cpp:72:18: fatal error: bdb48/db_cxx.h: No such file or directory
         #include <bdb48/db_cxx.h>
                  ^~~~~~~~~~~~~~~~
compilation terminated.
configure:24697: $? = 1
configure: failed program was:
| /* confdefs.h */
| #define PACKAGE_NAME "Ferrite Core"
| #define PACKAGE_TARNAME "ferrite"
| #define PACKAGE_VERSION "1.0.0"
| #define PACKAGE_STRING "Ferrite Core 1.0.0"
| #define PACKAGE_BUGREPORT "https://github.com/ferrite-project/ferrite/issues"
| #define PACKAGE_URL "https://ferrite.org/"
| #define HAVE_CXX11 1
| #define STDC_HEADERS 1
| #define HAVE_SYS_TYPES_H 1
| #define HAVE_SYS_STAT_H 1
| #define HAVE_STDLIB_H 1
| #define HAVE_STRING_H 1
| #define HAVE_MEMORY_H 1
| #define HAVE_STRINGS_H 1
| #define HAVE_INTTYPES_H 1
| #define HAVE_STDINT_H 1
| #define HAVE_UNISTD_H 1
| #define HAVE_DLFCN_H 1
| #define LT_OBJDIR ".libs/"
| #define USE_ASM 1
| #define ENABLE_SSE41 1
| #define ENABLE_AVX2 1
| #define ENABLE_SHANI 1
| #define HAVE_PTHREAD_PRIO_INHERIT 1
| #define HAVE_PTHREAD 1
| #define HAVE_DECL_STRERROR_R 1
| #define HAVE_STRERROR_R 1
| #define STRERROR_R_CHAR_P 1
| #define HAVE_FUNC_ATTRIBUTE_VISIBILITY 1
| #define HAVE_ENDIAN_H 1
| #define HAVE_BYTESWAP_H 1
| #define HAVE_STDIO_H 1
| #define HAVE_STDLIB_H 1
| #define HAVE_UNISTD_H 1
| #define HAVE_STRINGS_H 1
| #define HAVE_SYS_TYPES_H 1
| #define HAVE_SYS_STAT_H 1
| #define HAVE_SYS_SELECT_H 1
| #define HAVE_SYS_PRCTL_H 1
| #define HAVE_DECL_GETIFADDRS 1
| #define HAVE_DECL_FREEIFADDRS 1
| #define HAVE_DECL_STRNLEN 1
| #define HAVE_DECL_DAEMON 1
| #define HAVE_DECL_LE16TOH 1
| #define HAVE_DECL_LE32TOH 1
| #define HAVE_DECL_LE64TOH 1
| #define HAVE_DECL_HTOLE16 1
| #define HAVE_DECL_HTOLE32 1
| #define HAVE_DECL_HTOLE64 1
| #define HAVE_DECL_BE16TOH 1
| #define HAVE_DECL_BE32TOH 1
| #define HAVE_DECL_BE64TOH 1
| #define HAVE_DECL_HTOBE16 1
| #define HAVE_DECL_HTOBE32 1
| #define HAVE_DECL_HTOBE64 1
| #define HAVE_DECL_BSWAP_16 1
| #define HAVE_DECL_BSWAP_32 1
| #define HAVE_DECL_BSWAP_64 1
| #define HAVE_DECL___BUILTIN_CLZ 1
| #define HAVE_DECL___BUILTIN_CLZL 1
| #define HAVE_DECL___BUILTIN_CLZLL 1
| #define HAVE_MALLOC_INFO 1
| #define HAVE_MALLOPT_ARENA_MAX 1
| #define HAVE_VISIBILITY_ATTRIBUTE 1
| #define HAVE_THREAD_LOCAL 1
| #define HAVE_SYS_GETRANDOM 1
| #define HAVE_GETENTROPY 1
| #define HAVE_GETENTROPY_RAND 1
| /* end confdefs.h.  */
| 
|         #include <bdb48/db_cxx.h>
| 
| int
| main ()
| {
| 
|         #if !((DB_VERSION_MAJOR == 4 && DB_VERSION_MINOR >= 8) || DB_VERSION_MAJOR > 4)
|           #error "failed to find bdb 4.8+"
|         #endif
| 
|   ;
|   return 0;
| }
configure:24697: g++ -m64 -std=c++11 -c -pipe -O2  -I/home/administrator/walletbuilders/build_environment/litecoin/0.18.1/depends/x86_64-pc-linux/share/../include/  -DHAVE_BUILD_INFO -D__STDC_FORMAT_MACROS conftest.cpp >&5
conftest.cpp:72:18: fatal error: libdb48/db_cxx.h: No such file or directory
         #include <libdb48/db_cxx.h>
                  ^~~~~~~~~~~~~~~~~~
compilation terminated.
configure:24697: $? = 1
configure: failed program was:
| /* confdefs.h */
| #define PACKAGE_NAME "Ferrite Core"
| #define PACKAGE_TARNAME "ferrite"
| #define PACKAGE_VERSION "1.0.0"
| #define PACKAGE_STRING "Ferrite Core 1.0.0"
| #define PACKAGE_BUGREPORT "https://github.com/ferrite-project/ferrite/issues"
| #define PACKAGE_URL "https://ferrite.org/"
| #define HAVE_CXX11 1
| #define STDC_HEADERS 1
| #define HAVE_SYS_TYPES_H 1
| #define HAVE_SYS_STAT_H 1
| #define HAVE_STDLIB_H 1
| #define HAVE_STRING_H 1
| #define HAVE_MEMORY_H 1
| #define HAVE_STRINGS_H 1
| #define HAVE_INTTYPES_H 1
| #define HAVE_STDINT_H 1
| #define HAVE_UNISTD_H 1
| #define HAVE_DLFCN_H 1
| #define LT_OBJDIR ".libs/"
| #define USE_ASM 1
| #define ENABLE_SSE41 1
| #define ENABLE_AVX2 1
| #define ENABLE_SHANI 1
| #define HAVE_PTHREAD_PRIO_INHERIT 1
| #define HAVE_PTHREAD 1
| #define HAVE_DECL_STRERROR_R 1
| #define HAVE_STRERROR_R 1
| #define STRERROR_R_CHAR_P 1
| #define HAVE_FUNC_ATTRIBUTE_VISIBILITY 1
| #define HAVE_ENDIAN_H 1
| #define HAVE_BYTESWAP_H 1
| #define HAVE_STDIO_H 1
| #define HAVE_STDLIB_H 1
| #define HAVE_UNISTD_H 1
| #define HAVE_STRINGS_H 1
| #define HAVE_SYS_TYPES_H 1
| #define HAVE_SYS_STAT_H 1
| #define HAVE_SYS_SELECT_H 1
| #define HAVE_SYS_PRCTL_H 1
| #define HAVE_DECL_GETIFADDRS 1
| #define HAVE_DECL_FREEIFADDRS 1
| #define HAVE_DECL_STRNLEN 1
| #define HAVE_DECL_DAEMON 1
| #define HAVE_DECL_LE16TOH 1
| #define HAVE_DECL_LE32TOH 1
| #define HAVE_DECL_LE64TOH 1
| #define HAVE_DECL_HTOLE16 1
| #define HAVE_DECL_HTOLE32 1
| #define HAVE_DECL_HTOLE64 1
| #define HAVE_DECL_BE16TOH 1
| #define HAVE_DECL_BE32TOH 1
| #define HAVE_DECL_BE64TOH 1
| #define HAVE_DECL_HTOBE16 1
| #define HAVE_DECL_HTOBE32 1
| #define HAVE_DECL_HTOBE64 1
| #define HAVE_DECL_BSWAP_16 1
| #define HAVE_DECL_BSWAP_32 1
| #define HAVE_DECL_BSWAP_64 1
| #define HAVE_DECL___BUILTIN_CLZ 1
| #define HAVE_DECL___BUILTIN_CLZL 1
| #define HAVE_DECL___BUILTIN_CLZLL 1
| #define HAVE_MALLOC_INFO 1
| #define HAVE_MALLOPT_ARENA_MAX 1
| #define HAVE_VISIBILITY_ATTRIBUTE 1
| #define HAVE_THREAD_LOCAL 1
| #define HAVE_SYS_GETRANDOM 1
| #define HAVE_GETENTROPY 1
| #define HAVE_GETENTROPY_RAND 1
| /* end confdefs.h.  */
| 
|         #include <libdb48/db_cxx.h>
| 
| int
| main ()
| {
| 
|         #if !((DB_VERSION_MAJOR == 4 && DB_VERSION_MINOR >= 8) || DB_VERSION_MAJOR > 4)
|           #error "failed to find bdb 4.8+"
|         #endif
| 
|   ;
|   return 0;
| }
configure:24697: g++ -m64 -std=c++11 -c -pipe -O2  -I/home/administrator/walletbuilders/build_environment/litecoin/0.18.1/depends/x86_64-pc-linux/share/../include/  -DHAVE_BUILD_INFO -D__STDC_FORMAT_MACROS conftest.cpp >&5
conftest.cpp:72:18: fatal error: db48/db_cxx.h: No such file or directory
         #include <db48/db_cxx.h>
                  ^~~~~~~~~~~~~~~
compilation terminated.
configure:24697: $? = 1
configure: failed program was:
| /* confdefs.h */
| #define PACKAGE_NAME "Ferrite Core"
| #define PACKAGE_TARNAME "ferrite"
| #define PACKAGE_VERSION "1.0.0"
| #define PACKAGE_STRING "Ferrite Core 1.0.0"
| #define PACKAGE_BUGREPORT "https://github.com/ferrite-project/ferrite/issues"
| #define PACKAGE_URL "https://ferrite.org/"
| #define HAVE_CXX11 1
| #define STDC_HEADERS 1
| #define HAVE_SYS_TYPES_H 1
| #define HAVE_SYS_STAT_H 1
| #define HAVE_STDLIB_H 1
| #define HAVE_STRING_H 1
| #define HAVE_MEMORY_H 1
| #define HAVE_STRINGS_H 1
| #define HAVE_INTTYPES_H 1
| #define HAVE_STDINT_H 1
| #define HAVE_UNISTD_H 1
| #define HAVE_DLFCN_H 1
| #define LT_OBJDIR ".libs/"
| #define USE_ASM 1
| #define ENABLE_SSE41 1
| #define ENABLE_AVX2 1
| #define ENABLE_SHANI 1
| #define HAVE_PTHREAD_PRIO_INHERIT 1
| #define HAVE_PTHREAD 1
| #define HAVE_DECL_STRERROR_R 1
| #define HAVE_STRERROR_R 1
| #define STRERROR_R_CHAR_P 1
| #define HAVE_FUNC_ATTRIBUTE_VISIBILITY 1
| #define HAVE_ENDIAN_H 1
| #define HAVE_BYTESWAP_H 1
| #define HAVE_STDIO_H 1
| #define HAVE_STDLIB_H 1
| #define HAVE_UNISTD_H 1
| #define HAVE_STRINGS_H 1
| #define HAVE_SYS_TYPES_H 1
| #define HAVE_SYS_STAT_H 1
| #define HAVE_SYS_SELECT_H 1
| #define HAVE_SYS_PRCTL_H 1
| #define HAVE_DECL_GETIFADDRS 1
| #define HAVE_DECL_FREEIFADDRS 1
| #define HAVE_DECL_STRNLEN 1
| #define HAVE_DECL_DAEMON 1
| #define HAVE_DECL_LE16TOH 1
| #define HAVE_DECL_LE32TOH 1
| #define HAVE_DECL_LE64TOH 1
| #define HAVE_DECL_HTOLE16 1
| #define HAVE_DECL_HTOLE32 1
| #define HAVE_DECL_HTOLE64 1
| #define HAVE_DECL_BE16TOH 1
| #define HAVE_DECL_BE32TOH 1
| #define HAVE_DECL_BE64TOH 1
| #define HAVE_DECL_HTOBE16 1
| #define HAVE_DECL_HTOBE32 1
| #define HAVE_DECL_HTOBE64 1
| #define HAVE_DECL_BSWAP_16 1
| #define HAVE_DECL_BSWAP_32 1
| #define HAVE_DECL_BSWAP_64 1
| #define HAVE_DECL___BUILTIN_CLZ 1
| #define HAVE_DECL___BUILTIN_CLZL 1
| #define HAVE_DECL___BUILTIN_CLZLL 1
| #define HAVE_MALLOC_INFO 1
| #define HAVE_MALLOPT_ARENA_MAX 1
| #define HAVE_VISIBILITY_ATTRIBUTE 1
| #define HAVE_THREAD_LOCAL 1
| #define HAVE_SYS_GETRANDOM 1
| #define HAVE_GETENTROPY 1
| #define HAVE_GETENTROPY_RAND 1
| /* end confdefs.h.  */
| 
|         #include <db48/db_cxx.h>
| 
| int
| main ()
| {
| 
|         #if !((DB_VERSION_MAJOR == 4 && DB_VERSION_MINOR >= 8) || DB_VERSION_MAJOR > 4)
|           #error "failed to find bdb 4.8+"
|         #endif
| 
|   ;
|   return 0;
| }
configure:24697: g++ -m64 -std=c++11 -c -pipe -O2  -I/home/administrator/walletbuilders/build_environment/litecoin/0.18.1/depends/x86_64-pc-linux/share/../include/  -DHAVE_BUILD_INFO -D__STDC_FORMAT_MACROS conftest.cpp >&5
conftest.cpp:72:18: fatal error: bdb4/db_cxx.h: No such file or directory
         #include <bdb4/db_cxx.h>
                  ^~~~~~~~~~~~~~~
compilation terminated.
configure:24697: $? = 1
configure: failed program was:
| /* confdefs.h */
| #define PACKAGE_NAME "Ferrite Core"
| #define PACKAGE_TARNAME "ferrite"
| #define PACKAGE_VERSION "1.0.0"
| #define PACKAGE_STRING "Ferrite Core 1.0.0"
| #define PACKAGE_BUGREPORT "https://github.com/ferrite-project/ferrite/issues"
| #define PACKAGE_URL "https://ferrite.org/"
| #define HAVE_CXX11 1
| #define STDC_HEADERS 1
| #define HAVE_SYS_TYPES_H 1
| #define HAVE_SYS_STAT_H 1
| #define HAVE_STDLIB_H 1
| #define HAVE_STRING_H 1
| #define HAVE_MEMORY_H 1
| #define HAVE_STRINGS_H 1
| #define HAVE_INTTYPES_H 1
| #define HAVE_STDINT_H 1
| #define HAVE_UNISTD_H 1
| #define HAVE_DLFCN_H 1
| #define LT_OBJDIR ".libs/"
| #define USE_ASM 1
| #define ENABLE_SSE41 1
| #define ENABLE_AVX2 1
| #define ENABLE_SHANI 1
| #define HAVE_PTHREAD_PRIO_INHERIT 1
| #define HAVE_PTHREAD 1
| #define HAVE_DECL_STRERROR_R 1
| #define HAVE_STRERROR_R 1
| #define STRERROR_R_CHAR_P 1
| #define HAVE_FUNC_ATTRIBUTE_VISIBILITY 1
| #define HAVE_ENDIAN_H 1
| #define HAVE_BYTESWAP_H 1
| #define HAVE_STDIO_H 1
| #define HAVE_STDLIB_H 1
| #define HAVE_UNISTD_H 1
| #define HAVE_STRINGS_H 1
| #define HAVE_SYS_TYPES_H 1
| #define HAVE_SYS_STAT_H 1
| #define HAVE_SYS_SELECT_H 1
| #define HAVE_SYS_PRCTL_H 1
| #define HAVE_DECL_GETIFADDRS 1
| #define HAVE_DECL_FREEIFADDRS 1
| #define HAVE_DECL_STRNLEN 1
| #define HAVE_DECL_DAEMON 1
| #define HAVE_DECL_LE16TOH 1
| #define HAVE_DECL_LE32TOH 1
| #define HAVE_DECL_LE64TOH 1
| #define HAVE_DECL_HTOLE16 1
| #define HAVE_DECL_HTOLE32 1
| #define HAVE_DECL_HTOLE64 1
| #define HAVE_DECL_BE16TOH 1
| #define HAVE_DECL_BE32TOH 1
| #define HAVE_DECL_BE64TOH 1
| #define HAVE_DECL_HTOBE16 1
| #define HAVE_DECL_HTOBE32 1
| #define HAVE_DECL_HTOBE64 1
| #define HAVE_DECL_BSWAP_16 1
| #define HAVE_DECL_BSWAP_32 1
| #define HAVE_DECL_BSWAP_64 1
| #define HAVE_DECL___BUILTIN_CLZ 1
| #define HAVE_DECL___BUILTIN_CLZL 1
| #define HAVE_DECL___BUILTIN_CLZLL 1
| #define HAVE_MALLOC_INFO 1
| #define HAVE_MALLOPT_ARENA_MAX 1
| #define HAVE_VISIBILITY_ATTRIBUTE 1
| #define HAVE_THREAD_LOCAL 1
| #define HAVE_SYS_GETRANDOM 1
| #define HAVE_GETENTROPY 1
| #define HAVE_GETENTROPY_RAND 1
| /* end confdefs.h.  */
| 
|         #include <bdb4/db_cxx.h>
| 
| int
| main ()
| {
| 
|         #if !((DB_VERSION_MAJOR == 4 && DB_VERSION_MINOR >= 8) || DB_VERSION_MAJOR > 4)
|           #error "failed to find bdb 4.8+"
|         #endif
| 
|   ;
|   return 0;
| }
configure:24697: g++ -m64 -std=c++11 -c -pipe -O2  -I/home/administrator/walletbuilders/build_environment/litecoin/0.18.1/depends/x86_64-pc-linux/share/../include/  -DHAVE_BUILD_INFO -D__STDC_FORMAT_MACROS conftest.cpp >&5
conftest.cpp:72:18: fatal error: libdb4/db_cxx.h: No such file or directory
         #include <libdb4/db_cxx.h>
                  ^~~~~~~~~~~~~~~~~
compilation terminated.
configure:24697: $? = 1
configure: failed program was:
| /* confdefs.h */
| #define PACKAGE_NAME "Ferrite Core"
| #define PACKAGE_TARNAME "ferrite"
| #define PACKAGE_VERSION "1.0.0"
| #define PACKAGE_STRING "Ferrite Core 1.0.0"
| #define PACKAGE_BUGREPORT "https://github.com/ferrite-project/ferrite/issues"
| #define PACKAGE_URL "https://ferrite.org/"
| #define HAVE_CXX11 1
| #define STDC_HEADERS 1
| #define HAVE_SYS_TYPES_H 1
| #define HAVE_SYS_STAT_H 1
| #define HAVE_STDLIB_H 1
| #define HAVE_STRING_H 1
| #define HAVE_MEMORY_H 1
| #define HAVE_STRINGS_H 1
| #define HAVE_INTTYPES_H 1
| #define HAVE_STDINT_H 1
| #define HAVE_UNISTD_H 1
| #define HAVE_DLFCN_H 1
| #define LT_OBJDIR ".libs/"
| #define USE_ASM 1
| #define ENABLE_SSE41 1
| #define ENABLE_AVX2 1
| #define ENABLE_SHANI 1
| #define HAVE_PTHREAD_PRIO_INHERIT 1
| #define HAVE_PTHREAD 1
| #define HAVE_DECL_STRERROR_R 1
| #define HAVE_STRERROR_R 1
| #define STRERROR_R_CHAR_P 1
| #define HAVE_FUNC_ATTRIBUTE_VISIBILITY 1
| #define HAVE_ENDIAN_H 1
| #define HAVE_BYTESWAP_H 1
| #define HAVE_STDIO_H 1
| #define HAVE_STDLIB_H 1
| #define HAVE_UNISTD_H 1
| #define HAVE_STRINGS_H 1
| #define HAVE_SYS_TYPES_H 1
| #define HAVE_SYS_STAT_H 1
| #define HAVE_SYS_SELECT_H 1
| #define HAVE_SYS_PRCTL_H 1
| #define HAVE_DECL_GETIFADDRS 1
| #define HAVE_DECL_FREEIFADDRS 1
| #define HAVE_DECL_STRNLEN 1
| #define HAVE_DECL_DAEMON 1
| #define HAVE_DECL_LE16TOH 1
| #define HAVE_DECL_LE32TOH 1
| #define HAVE_DECL_LE64TOH 1
| #define HAVE_DECL_HTOLE16 1
| #define HAVE_DECL_HTOLE32 1
| #define HAVE_DECL_HTOLE64 1
| #define HAVE_DECL_BE16TOH 1
| #define HAVE_DECL_BE32TOH 1
| #define HAVE_DECL_BE64TOH 1
| #define HAVE_DECL_HTOBE16 1
| #define HAVE_DECL_HTOBE32 1
| #define HAVE_DECL_HTOBE64 1
| #define HAVE_DECL_BSWAP_16 1
| #define HAVE_DECL_BSWAP_32 1
| #define HAVE_DECL_BSWAP_64 1
| #define HAVE_DECL___BUILTIN_CLZ 1
| #define HAVE_DECL___BUILTIN_CLZL 1
| #define HAVE_DECL___BUILTIN_CLZLL 1
| #define HAVE_MALLOC_INFO 1
| #define HAVE_MALLOPT_ARENA_MAX 1
| #define HAVE_VISIBILITY_ATTRIBUTE 1
| #define HAVE_THREAD_LOCAL 1
| #define HAVE_SYS_GETRANDOM 1
| #define HAVE_GETENTROPY 1
| #define HAVE_GETENTROPY_RAND 1
| /* end confdefs.h.  */
| 
|         #include <libdb4/db_cxx.h>
| 
| int
| main ()
| {
| 
|         #if !((DB_VERSION_MAJOR == 4 && DB_VERSION_MINOR >= 8) || DB_VERSION_MAJOR > 4)
|           #error "failed to find bdb 4.8+"
|         #endif
| 
|   ;
|   return 0;
| }
configure:24697: g++ -m64 -std=c++11 -c -pipe -O2  -I/home/administrator/walletbuilders/build_environment/litecoin/0.18.1/depends/x86_64-pc-linux/share/../include/  -DHAVE_BUILD_INFO -D__STDC_FORMAT_MACROS conftest.cpp >&5
conftest.cpp:72:18: fatal error: db4/db_cxx.h: No such file or directory
         #include <db4/db_cxx.h>
                  ^~~~~~~~~~~~~~
compilation terminated.
configure:24697: $? = 1
configure: failed program was:
| /* confdefs.h */
| #define PACKAGE_NAME "Ferrite Core"
| #define PACKAGE_TARNAME "ferrite"
| #define PACKAGE_VERSION "1.0.0"
| #define PACKAGE_STRING "Ferrite Core 1.0.0"
| #define PACKAGE_BUGREPORT "https://github.com/ferrite-project/ferrite/issues"
| #define PACKAGE_URL "https://ferrite.org/"
| #define HAVE_CXX11 1
| #define STDC_HEADERS 1
| #define HAVE_SYS_TYPES_H 1
| #define HAVE_SYS_STAT_H 1
| #define HAVE_STDLIB_H 1
| #define HAVE_STRING_H 1
| #define HAVE_MEMORY_H 1
| #define HAVE_STRINGS_H 1
| #define HAVE_INTTYPES_H 1
| #define HAVE_STDINT_H 1
| #define HAVE_UNISTD_H 1
| #define HAVE_DLFCN_H 1
| #define LT_OBJDIR ".libs/"
| #define USE_ASM 1
| #define ENABLE_SSE41 1
| #define ENABLE_AVX2 1
| #define ENABLE_SHANI 1
| #define HAVE_PTHREAD_PRIO_INHERIT 1
| #define HAVE_PTHREAD 1
| #define HAVE_DECL_STRERROR_R 1
| #define HAVE_STRERROR_R 1
| #define STRERROR_R_CHAR_P 1
| #define HAVE_FUNC_ATTRIBUTE_VISIBILITY 1
| #define HAVE_ENDIAN_H 1
| #define HAVE_BYTESWAP_H 1
| #define HAVE_STDIO_H 1
| #define HAVE_STDLIB_H 1
| #define HAVE_UNISTD_H 1
| #define HAVE_STRINGS_H 1
| #define HAVE_SYS_TYPES_H 1
| #define HAVE_SYS_STAT_H 1
| #define HAVE_SYS_SELECT_H 1
| #define HAVE_SYS_PRCTL_H 1
| #define HAVE_DECL_GETIFADDRS 1
| #define HAVE_DECL_FREEIFADDRS 1
| #define HAVE_DECL_STRNLEN 1
| #define HAVE_DECL_DAEMON 1
| #define HAVE_DECL_LE16TOH 1
| #define HAVE_DECL_LE32TOH 1
| #define HAVE_DECL_LE64TOH 1
| #define HAVE_DECL_HTOLE16 1
| #define HAVE_DECL_HTOLE32 1
| #define HAVE_DECL_HTOLE64 1
| #define HAVE_DECL_BE16TOH 1
| #define HAVE_DECL_BE32TOH 1
| #define HAVE_DECL_BE64TOH 1
| #define HAVE_DECL_HTOBE16 1
| #define HAVE_DECL_HTOBE32 1
| #define HAVE_DECL_HTOBE64 1
| #define HAVE_DECL_BSWAP_16 1
| #define HAVE_DECL_BSWAP_32 1
| #define HAVE_DECL_BSWAP_64 1
| #define HAVE_DECL___BUILTIN_CLZ 1
| #define HAVE_DECL___BUILTIN_CLZL 1
| #define HAVE_DECL___BUILTIN_CLZLL 1
| #define HAVE_MALLOC_INFO 1
| #define HAVE_MALLOPT_ARENA_MAX 1
| #define HAVE_VISIBILITY_ATTRIBUTE 1
| #define HAVE_THREAD_LOCAL 1
| #define HAVE_SYS_GETRANDOM 1
| #define HAVE_GETENTROPY 1
| #define HAVE_GETENTROPY_RAND 1
| /* end confdefs.h.  */
| 
|         #include <db4/db_cxx.h>
| 
| int
| main ()
| {
| 
|         #if !((DB_VERSION_MAJOR == 4 && DB_VERSION_MINOR >= 8) || DB_VERSION_MAJOR > 4)
|           #error "failed to find bdb 4.8+"
|         #endif
| 
|   ;
|   return 0;
| }
configure:24697: g++ -m64 -std=c++11 -c -pipe -O2  -I/home/administrator/walletbuilders/build_environment/litecoin/0.18.1/depends/x86_64-pc-linux/share/../include/  -DHAVE_BUILD_INFO -D__STDC_FORMAT_MACROS conftest.cpp >&5
conftest.cpp:72:18: fatal error: bdb5/db_cxx.h: No such file or directory
         #include <bdb5/db_cxx.h>
                  ^~~~~~~~~~~~~~~
compilation terminated.
configure:24697: $? = 1
configure: failed program was:
| /* confdefs.h */
| #define PACKAGE_NAME "Ferrite Core"
| #define PACKAGE_TARNAME "ferrite"
| #define PACKAGE_VERSION "1.0.0"
| #define PACKAGE_STRING "Ferrite Core 1.0.0"
| #define PACKAGE_BUGREPORT "https://github.com/ferrite-project/ferrite/issues"
| #define PACKAGE_URL "https://ferrite.org/"
| #define HAVE_CXX11 1
| #define STDC_HEADERS 1
| #define HAVE_SYS_TYPES_H 1
| #define HAVE_SYS_STAT_H 1
| #define HAVE_STDLIB_H 1
| #define HAVE_STRING_H 1
| #define HAVE_MEMORY_H 1
| #define HAVE_STRINGS_H 1
| #define HAVE_INTTYPES_H 1
| #define HAVE_STDINT_H 1
| #define HAVE_UNISTD_H 1
| #define HAVE_DLFCN_H 1
| #define LT_OBJDIR ".libs/"
| #define USE_ASM 1
| #define ENABLE_SSE41 1
| #define ENABLE_AVX2 1
| #define ENABLE_SHANI 1
| #define HAVE_PTHREAD_PRIO_INHERIT 1
| #define HAVE_PTHREAD 1
| #define HAVE_DECL_STRERROR_R 1
| #define HAVE_STRERROR_R 1
| #define STRERROR_R_CHAR_P 1
| #define HAVE_FUNC_ATTRIBUTE_VISIBILITY 1
| #define HAVE_ENDIAN_H 1
| #define HAVE_BYTESWAP_H 1
| #define HAVE_STDIO_H 1
| #define HAVE_STDLIB_H 1
| #define HAVE_UNISTD_H 1
| #define HAVE_STRINGS_H 1
| #define HAVE_SYS_TYPES_H 1
| #define HAVE_SYS_STAT_H 1
| #define HAVE_SYS_SELECT_H 1
| #define HAVE_SYS_PRCTL_H 1
| #define HAVE_DECL_GETIFADDRS 1
| #define HAVE_DECL_FREEIFADDRS 1
| #define HAVE_DECL_STRNLEN 1
| #define HAVE_DECL_DAEMON 1
| #define HAVE_DECL_LE16TOH 1
| #define HAVE_DECL_LE32TOH 1
| #define HAVE_DECL_LE64TOH 1
| #define HAVE_DECL_HTOLE16 1
| #define HAVE_DECL_HTOLE32 1
| #define HAVE_DECL_HTOLE64 1
| #define HAVE_DECL_BE16TOH 1
| #define HAVE_DECL_BE32TOH 1
| #define HAVE_DECL_BE64TOH 1
| #define HAVE_DECL_HTOBE16 1
| #define HAVE_DECL_HTOBE32 1
| #define HAVE_DECL_HTOBE64 1
| #define HAVE_DECL_BSWAP_16 1
| #define HAVE_DECL_BSWAP_32 1
| #define HAVE_DECL_BSWAP_64 1
| #define HAVE_DECL___BUILTIN_CLZ 1
| #define HAVE_DECL___BUILTIN_CLZL 1
| #define HAVE_DECL___BUILTIN_CLZLL 1
| #define HAVE_MALLOC_INFO 1
| #define HAVE_MALLOPT_ARENA_MAX 1
| #define HAVE_VISIBILITY_ATTRIBUTE 1
| #define HAVE_THREAD_LOCAL 1
| #define HAVE_SYS_GETRANDOM 1
| #define HAVE_GETENTROPY 1
| #define HAVE_GETENTROPY_RAND 1
| /* end confdefs.h.  */
| 
|         #include <bdb5/db_cxx.h>
| 
| int
| main ()
| {
| 
|         #if !((DB_VERSION_MAJOR == 4 && DB_VERSION_MINOR >= 8) || DB_VERSION_MAJOR > 4)
|           #error "failed to find bdb 4.8+"
|         #endif
| 
|   ;
|   return 0;
| }
configure:24697: g++ -m64 -std=c++11 -c -pipe -O2  -I/home/administrator/walletbuilders/build_environment/litecoin/0.18.1/depends/x86_64-pc-linux/share/../include/  -DHAVE_BUILD_INFO -D__STDC_FORMAT_MACROS conftest.cpp >&5
conftest.cpp:72:18: fatal error: libdb5/db_cxx.h: No such file or directory
         #include <libdb5/db_cxx.h>
                  ^~~~~~~~~~~~~~~~~
compilation terminated.
configure:24697: $? = 1
configure: failed program was:
| /* confdefs.h */
| #define PACKAGE_NAME "Ferrite Core"
| #define PACKAGE_TARNAME "ferrite"
| #define PACKAGE_VERSION "1.0.0"
| #define PACKAGE_STRING "Ferrite Core 1.0.0"
| #define PACKAGE_BUGREPORT "https://github.com/ferrite-project/ferrite/issues"
| #define PACKAGE_URL "https://ferrite.org/"
| #define HAVE_CXX11 1
| #define STDC_HEADERS 1
| #define HAVE_SYS_TYPES_H 1
| #define HAVE_SYS_STAT_H 1
| #define HAVE_STDLIB_H 1
| #define HAVE_STRING_H 1
| #define HAVE_MEMORY_H 1
| #define HAVE_STRINGS_H 1
| #define HAVE_INTTYPES_H 1
| #define HAVE_STDINT_H 1
| #define HAVE_UNISTD_H 1
| #define HAVE_DLFCN_H 1
| #define LT_OBJDIR ".libs/"
| #define USE_ASM 1
| #define ENABLE_SSE41 1
| #define ENABLE_AVX2 1
| #define ENABLE_SHANI 1
| #define HAVE_PTHREAD_PRIO_INHERIT 1
| #define HAVE_PTHREAD 1
| #define HAVE_DECL_STRERROR_R 1
| #define HAVE_STRERROR_R 1
| #define STRERROR_R_CHAR_P 1
| #define HAVE_FUNC_ATTRIBUTE_VISIBILITY 1
| #define HAVE_ENDIAN_H 1
| #define HAVE_BYTESWAP_H 1
| #define HAVE_STDIO_H 1
| #define HAVE_STDLIB_H 1
| #define HAVE_UNISTD_H 1
| #define HAVE_STRINGS_H 1
| #define HAVE_SYS_TYPES_H 1
| #define HAVE_SYS_STAT_H 1
| #define HAVE_SYS_SELECT_H 1
| #define HAVE_SYS_PRCTL_H 1
| #define HAVE_DECL_GETIFADDRS 1
| #define HAVE_DECL_FREEIFADDRS 1
| #define HAVE_DECL_STRNLEN 1
| #define HAVE_DECL_DAEMON 1
| #define HAVE_DECL_LE16TOH 1
| #define HAVE_DECL_LE32TOH 1
| #define HAVE_DECL_LE64TOH 1
| #define HAVE_DECL_HTOLE16 1
| #define HAVE_DECL_HTOLE32 1
| #define HAVE_DECL_HTOLE64 1
| #define HAVE_DECL_BE16TOH 1
| #define HAVE_DECL_BE32TOH 1
| #define HAVE_DECL_BE64TOH 1
| #define HAVE_DECL_HTOBE16 1
| #define HAVE_DECL_HTOBE32 1
| #define HAVE_DECL_HTOBE64 1
| #define HAVE_DECL_BSWAP_16 1
| #define HAVE_DECL_BSWAP_32 1
| #define HAVE_DECL_BSWAP_64 1
| #define HAVE_DECL___BUILTIN_CLZ 1
| #define HAVE_DECL___BUILTIN_CLZL 1
| #define HAVE_DECL___BUILTIN_CLZLL 1
| #define HAVE_MALLOC_INFO 1
| #define HAVE_MALLOPT_ARENA_MAX 1
| #define HAVE_VISIBILITY_ATTRIBUTE 1
| #define HAVE_THREAD_LOCAL 1
| #define HAVE_SYS_GETRANDOM 1
| #define HAVE_GETENTROPY 1
| #define HAVE_GETENTROPY_RAND 1
| /* end confdefs.h.  */
| 
|         #include <libdb5/db_cxx.h>
| 
| int
| main ()
| {
| 
|         #if !((DB_VERSION_MAJOR == 4 && DB_VERSION_MINOR >= 8) || DB_VERSION_MAJOR > 4)
|           #error "failed to find bdb 4.8+"
|         #endif
| 
|   ;
|   return 0;
| }
configure:24697: g++ -m64 -std=c++11 -c -pipe -O2  -I/home/administrator/walletbuilders/build_environment/litecoin/0.18.1/depends/x86_64-pc-linux/share/../include/  -DHAVE_BUILD_INFO -D__STDC_FORMAT_MACROS conftest.cpp >&5
conftest.cpp:72:18: fatal error: db5/db_cxx.h: No such file or directory
         #include <db5/db_cxx.h>
                  ^~~~~~~~~~~~~~
compilation terminated.
configure:24697: $? = 1
configure: failed program was:
| /* confdefs.h */
| #define PACKAGE_NAME "Ferrite Core"
| #define PACKAGE_TARNAME "ferrite"
| #define PACKAGE_VERSION "1.0.0"
| #define PACKAGE_STRING "Ferrite Core 1.0.0"
| #define PACKAGE_BUGREPORT "https://github.com/ferrite-project/ferrite/issues"
| #define PACKAGE_URL "https://ferrite.org/"
| #define HAVE_CXX11 1
| #define STDC_HEADERS 1
| #define HAVE_SYS_TYPES_H 1
| #define HAVE_SYS_STAT_H 1
| #define HAVE_STDLIB_H 1
| #define HAVE_STRING_H 1
| #define HAVE_MEMORY_H 1
| #define HAVE_STRINGS_H 1
| #define HAVE_INTTYPES_H 1
| #define HAVE_STDINT_H 1
| #define HAVE_UNISTD_H 1
| #define HAVE_DLFCN_H 1
| #define LT_OBJDIR ".libs/"
| #define USE_ASM 1
| #define ENABLE_SSE41 1
| #define ENABLE_AVX2 1
| #define ENABLE_SHANI 1
| #define HAVE_PTHREAD_PRIO_INHERIT 1
| #define HAVE_PTHREAD 1
| #define HAVE_DECL_STRERROR_R 1
| #define HAVE_STRERROR_R 1
| #define STRERROR_R_CHAR_P 1
| #define HAVE_FUNC_ATTRIBUTE_VISIBILITY 1
| #define HAVE_ENDIAN_H 1
| #define HAVE_BYTESWAP_H 1
| #define HAVE_STDIO_H 1
| #define HAVE_STDLIB_H 1
| #define HAVE_UNISTD_H 1
| #define HAVE_STRINGS_H 1
| #define HAVE_SYS_TYPES_H 1
| #define HAVE_SYS_STAT_H 1
| #define HAVE_SYS_SELECT_H 1
| #define HAVE_SYS_PRCTL_H 1
| #define HAVE_DECL_GETIFADDRS 1
| #define HAVE_DECL_FREEIFADDRS 1
| #define HAVE_DECL_STRNLEN 1
| #define HAVE_DECL_DAEMON 1
| #define HAVE_DECL_LE16TOH 1
| #define HAVE_DECL_LE32TOH 1
| #define HAVE_DECL_LE64TOH 1
| #define HAVE_DECL_HTOLE16 1
| #define HAVE_DECL_HTOLE32 1
| #define HAVE_DECL_HTOLE64 1
| #define HAVE_DECL_BE16TOH 1
| #define HAVE_DECL_BE32TOH 1
| #define HAVE_DECL_BE64TOH 1
| #define HAVE_DECL_HTOBE16 1
| #define HAVE_DECL_HTOBE32 1
| #define HAVE_DECL_HTOBE64 1
| #define HAVE_DECL_BSWAP_16 1
| #define HAVE_DECL_BSWAP_32 1
| #define HAVE_DECL_BSWAP_64 1
| #define HAVE_DECL___BUILTIN_CLZ 1
| #define HAVE_DECL___BUILTIN_CLZL 1
| #define HAVE_DECL___BUILTIN_CLZLL 1
| #define HAVE_MALLOC_INFO 1
| #define HAVE_MALLOPT_ARENA_MAX 1
| #define HAVE_VISIBILITY_ATTRIBUTE 1
| #define HAVE_THREAD_LOCAL 1
| #define HAVE_SYS_GETRANDOM 1
| #define HAVE_GETENTROPY 1
| #define HAVE_GETENTROPY_RAND 1
| /* end confdefs.h.  */
| 
|         #include <db5/db_cxx.h>
| 
| int
| main ()
| {
| 
|         #if !((DB_VERSION_MAJOR == 4 && DB_VERSION_MINOR >= 8) || DB_VERSION_MAJOR > 4)
|           #error "failed to find bdb 4.8+"
|         #endif
| 
|   ;
|   return 0;
| }
configure:24697: g++ -m64 -std=c++11 -c -pipe -O2  -I/home/administrator/walletbuilders/build_environment/litecoin/0.18.1/depends/x86_64-pc-linux/share/../include/  -DHAVE_BUILD_INFO -D__STDC_FORMAT_MACROS conftest.cpp >&5
conftest.cpp:72:18: fatal error: bdb5.3/db_cxx.h: No such file or directory
         #include <bdb5.3/db_cxx.h>
                  ^~~~~~~~~~~~~~~~~
compilation terminated.
configure:24697: $? = 1
configure: failed program was:
| /* confdefs.h */
| #define PACKAGE_NAME "Ferrite Core"
| #define PACKAGE_TARNAME "ferrite"
| #define PACKAGE_VERSION "1.0.0"
| #define PACKAGE_STRING "Ferrite Core 1.0.0"
| #define PACKAGE_BUGREPORT "https://github.com/ferrite-project/ferrite/issues"
| #define PACKAGE_URL "https://ferrite.org/"
| #define HAVE_CXX11 1
| #define STDC_HEADERS 1
| #define HAVE_SYS_TYPES_H 1
| #define HAVE_SYS_STAT_H 1
| #define HAVE_STDLIB_H 1
| #define HAVE_STRING_H 1
| #define HAVE_MEMORY_H 1
| #define HAVE_STRINGS_H 1
| #define HAVE_INTTYPES_H 1
| #define HAVE_STDINT_H 1
| #define HAVE_UNISTD_H 1
| #define HAVE_DLFCN_H 1
| #define LT_OBJDIR ".libs/"
| #define USE_ASM 1
| #define ENABLE_SSE41 1
| #define ENABLE_AVX2 1
| #define ENABLE_SHANI 1
| #define HAVE_PTHREAD_PRIO_INHERIT 1
| #define HAVE_PTHREAD 1
| #define HAVE_DECL_STRERROR_R 1
| #define HAVE_STRERROR_R 1
| #define STRERROR_R_CHAR_P 1
| #define HAVE_FUNC_ATTRIBUTE_VISIBILITY 1
| #define HAVE_ENDIAN_H 1
| #define HAVE_BYTESWAP_H 1
| #define HAVE_STDIO_H 1
| #define HAVE_STDLIB_H 1
| #define HAVE_UNISTD_H 1
| #define HAVE_STRINGS_H 1
| #define HAVE_SYS_TYPES_H 1
| #define HAVE_SYS_STAT_H 1
| #define HAVE_SYS_SELECT_H 1
| #define HAVE_SYS_PRCTL_H 1
| #define HAVE_DECL_GETIFADDRS 1
| #define HAVE_DECL_FREEIFADDRS 1
| #define HAVE_DECL_STRNLEN 1
| #define HAVE_DECL_DAEMON 1
| #define HAVE_DECL_LE16TOH 1
| #define HAVE_DECL_LE32TOH 1
| #define HAVE_DECL_LE64TOH 1
| #define HAVE_DECL_HTOLE16 1
| #define HAVE_DECL_HTOLE32 1
| #define HAVE_DECL_HTOLE64 1
| #define HAVE_DECL_BE16TOH 1
| #define HAVE_DECL_BE32TOH 1
| #define HAVE_DECL_BE64TOH 1
| #define HAVE_DECL_HTOBE16 1
| #define HAVE_DECL_HTOBE32 1
| #define HAVE_DECL_HTOBE64 1
| #define HAVE_DECL_BSWAP_16 1
| #define HAVE_DECL_BSWAP_32 1
| #define HAVE_DECL_BSWAP_64 1
| #define HAVE_DECL___BUILTIN_CLZ 1
| #define HAVE_DECL___BUILTIN_CLZL 1
| #define HAVE_DECL___BUILTIN_CLZLL 1
| #define HAVE_MALLOC_INFO 1
| #define HAVE_MALLOPT_ARENA_MAX 1
| #define HAVE_VISIBILITY_ATTRIBUTE 1
| #define HAVE_THREAD_LOCAL 1
| #define HAVE_SYS_GETRANDOM 1
| #define HAVE_GETENTROPY 1
| #define HAVE_GETENTROPY_RAND 1
| /* end confdefs.h.  */
| 
|         #include <bdb5.3/db_cxx.h>
| 
| int
| main ()
| {
| 
|         #if !((DB_VERSION_MAJOR == 4 && DB_VERSION_MINOR >= 8) || DB_VERSION_MAJOR > 4)
|           #error "failed to find bdb 4.8+"
|         #endif
| 
|   ;
|   return 0;
| }
configure:24697: g++ -m64 -std=c++11 -c -pipe -O2  -I/home/administrator/walletbuilders/build_environment/litecoin/0.18.1/depends/x86_64-pc-linux/share/../include/  -DHAVE_BUILD_INFO -D__STDC_FORMAT_MACROS conftest.cpp >&5
conftest.cpp:72:18: fatal error: libdb5.3/db_cxx.h: No such file or directory
         #include <libdb5.3/db_cxx.h>
                  ^~~~~~~~~~~~~~~~~~~
compilation terminated.
configure:24697: $? = 1
configure: failed program was:
| /* confdefs.h */
| #define PACKAGE_NAME "Ferrite Core"
| #define PACKAGE_TARNAME "ferrite"
| #define PACKAGE_VERSION "1.0.0"
| #define PACKAGE_STRING "Ferrite Core 1.0.0"
| #define PACKAGE_BUGREPORT "https://github.com/ferrite-project/ferrite/issues"
| #define PACKAGE_URL "https://ferrite.org/"
| #define HAVE_CXX11 1
| #define STDC_HEADERS 1
| #define HAVE_SYS_TYPES_H 1
| #define HAVE_SYS_STAT_H 1
| #define HAVE_STDLIB_H 1
| #define HAVE_STRING_H 1
| #define HAVE_MEMORY_H 1
| #define HAVE_STRINGS_H 1
| #define HAVE_INTTYPES_H 1
| #define HAVE_STDINT_H 1
| #define HAVE_UNISTD_H 1
| #define HAVE_DLFCN_H 1
| #define LT_OBJDIR ".libs/"
| #define USE_ASM 1
| #define ENABLE_SSE41 1
| #define ENABLE_AVX2 1
| #define ENABLE_SHANI 1
| #define HAVE_PTHREAD_PRIO_INHERIT 1
| #define HAVE_PTHREAD 1
| #define HAVE_DECL_STRERROR_R 1
| #define HAVE_STRERROR_R 1
| #define STRERROR_R_CHAR_P 1
| #define HAVE_FUNC_ATTRIBUTE_VISIBILITY 1
| #define HAVE_ENDIAN_H 1
| #define HAVE_BYTESWAP_H 1
| #define HAVE_STDIO_H 1
| #define HAVE_STDLIB_H 1
| #define HAVE_UNISTD_H 1
| #define HAVE_STRINGS_H 1
| #define HAVE_SYS_TYPES_H 1
| #define HAVE_SYS_STAT_H 1
| #define HAVE_SYS_SELECT_H 1
| #define HAVE_SYS_PRCTL_H 1
| #define HAVE_DECL_GETIFADDRS 1
| #define HAVE_DECL_FREEIFADDRS 1
| #define HAVE_DECL_STRNLEN 1
| #define HAVE_DECL_DAEMON 1
| #define HAVE_DECL_LE16TOH 1
| #define HAVE_DECL_LE32TOH 1
| #define HAVE_DECL_LE64TOH 1
| #define HAVE_DECL_HTOLE16 1
| #define HAVE_DECL_HTOLE32 1
| #define HAVE_DECL_HTOLE64 1
| #define HAVE_DECL_BE16TOH 1
| #define HAVE_DECL_BE32TOH 1
| #define HAVE_DECL_BE64TOH 1
| #define HAVE_DECL_HTOBE16 1
| #define HAVE_DECL_HTOBE32 1
| #define HAVE_DECL_HTOBE64 1
| #define HAVE_DECL_BSWAP_16 1
| #define HAVE_DECL_BSWAP_32 1
| #define HAVE_DECL_BSWAP_64 1
| #define HAVE_DECL___BUILTIN_CLZ 1
| #define HAVE_DECL___BUILTIN_CLZL 1
| #define HAVE_DECL___BUILTIN_CLZLL 1
| #define HAVE_MALLOC_INFO 1
| #define HAVE_MALLOPT_ARENA_MAX 1
| #define HAVE_VISIBILITY_ATTRIBUTE 1
| #define HAVE_THREAD_LOCAL 1
| #define HAVE_SYS_GETRANDOM 1
| #define HAVE_GETENTROPY 1
| #define HAVE_GETENTROPY_RAND 1
| /* end confdefs.h.  */
| 
|         #include <libdb5.3/db_cxx.h>
| 
| int
| main ()
| {
| 
|         #if !((DB_VERSION_MAJOR == 4 && DB_VERSION_MINOR >= 8) || DB_VERSION_MAJOR > 4)
|           #error "failed to find bdb 4.8+"
|         #endif
| 
|   ;
|   return 0;
| }
configure:24697: g++ -m64 -std=c++11 -c -pipe -O2  -I/home/administrator/walletbuilders/build_environment/litecoin/0.18.1/depends/x86_64-pc-linux/share/../include/  -DHAVE_BUILD_INFO -D__STDC_FORMAT_MACROS conftest.cpp >&5
conftest.cpp:72:18: fatal error: db5.3/db_cxx.h: No such file or directory
         #include <db5.3/db_cxx.h>
                  ^~~~~~~~~~~~~~~~
compilation terminated.
configure:24697: $? = 1
configure: failed program was:
| /* confdefs.h */
| #define PACKAGE_NAME "Ferrite Core"
| #define PACKAGE_TARNAME "ferrite"
| #define PACKAGE_VERSION "1.0.0"
| #define PACKAGE_STRING "Ferrite Core 1.0.0"
| #define PACKAGE_BUGREPORT "https://github.com/ferrite-project/ferrite/issues"
| #define PACKAGE_URL "https://ferrite.org/"
| #define HAVE_CXX11 1
| #define STDC_HEADERS 1
| #define HAVE_SYS_TYPES_H 1
| #define HAVE_SYS_STAT_H 1
| #define HAVE_STDLIB_H 1
| #define HAVE_STRING_H 1
| #define HAVE_MEMORY_H 1
| #define HAVE_STRINGS_H 1
| #define HAVE_INTTYPES_H 1
| #define HAVE_STDINT_H 1
| #define HAVE_UNISTD_H 1
| #define HAVE_DLFCN_H 1
| #define LT_OBJDIR ".libs/"
| #define USE_ASM 1
| #define ENABLE_SSE41 1
| #define ENABLE_AVX2 1
| #define ENABLE_SHANI 1
| #define HAVE_PTHREAD_PRIO_INHERIT 1
| #define HAVE_PTHREAD 1
| #define HAVE_DECL_STRERROR_R 1
| #define HAVE_STRERROR_R 1
| #define STRERROR_R_CHAR_P 1
| #define HAVE_FUNC_ATTRIBUTE_VISIBILITY 1
| #define HAVE_ENDIAN_H 1
| #define HAVE_BYTESWAP_H 1
| #define HAVE_STDIO_H 1
| #define HAVE_STDLIB_H 1
| #define HAVE_UNISTD_H 1
| #define HAVE_STRINGS_H 1
| #define HAVE_SYS_TYPES_H 1
| #define HAVE_SYS_STAT_H 1
| #define HAVE_SYS_SELECT_H 1
| #define HAVE_SYS_PRCTL_H 1
| #define HAVE_DECL_GETIFADDRS 1
| #define HAVE_DECL_FREEIFADDRS 1
| #define HAVE_DECL_STRNLEN 1
| #define HAVE_DECL_DAEMON 1
| #define HAVE_DECL_LE16TOH 1
| #define HAVE_DECL_LE32TOH 1
| #define HAVE_DECL_LE64TOH 1
| #define HAVE_DECL_HTOLE16 1
| #define HAVE_DECL_HTOLE32 1
| #define HAVE_DECL_HTOLE64 1
| #define HAVE_DECL_BE16TOH 1
| #define HAVE_DECL_BE32TOH 1
| #define HAVE_DECL_BE64TOH 1
| #define HAVE_DECL_HTOBE16 1
| #define HAVE_DECL_HTOBE32 1
| #define HAVE_DECL_HTOBE64 1
| #define HAVE_DECL_BSWAP_16 1
| #define HAVE_DECL_BSWAP_32 1
| #define HAVE_DECL_BSWAP_64 1
| #define HAVE_DECL___BUILTIN_CLZ 1
| #define HAVE_DECL___BUILTIN_CLZL 1
| #define HAVE_DECL___BUILTIN_CLZLL 1
| #define HAVE_MALLOC_INFO 1
| #define HAVE_MALLOPT_ARENA_MAX 1
| #define HAVE_VISIBILITY_ATTRIBUTE 1
| #define HAVE_THREAD_LOCAL 1
| #define HAVE_SYS_GETRANDOM 1
| #define HAVE_GETENTROPY 1
| #define HAVE_GETENTROPY_RAND 1
| /* end confdefs.h.  */
| 
|         #include <db5.3/db_cxx.h>
| 
| int
| main ()
| {
| 
|         #if !((DB_VERSION_MAJOR == 4 && DB_VERSION_MINOR >= 8) || DB_VERSION_MAJOR > 4)
|           #error "failed to find bdb 4.8+"
|         #endif
| 
|   ;
|   return 0;
| }
configure:24697: g++ -m64 -std=c++11 -c -pipe -O2  -I/home/administrator/walletbuilders/build_environment/litecoin/0.18.1/depends/x86_64-pc-linux/share/../include/  -DHAVE_BUILD_INFO -D__STDC_FORMAT_MACROS conftest.cpp >&5
conftest.cpp:72:18: fatal error: bdb/db_cxx.h: No such file or directory
         #include <bdb/db_cxx.h>
                  ^~~~~~~~~~~~~~
compilation terminated.
configure:24697: $? = 1
configure: failed program was:
| /* confdefs.h */
| #define PACKAGE_NAME "Ferrite Core"
| #define PACKAGE_TARNAME "ferrite"
| #define PACKAGE_VERSION "1.0.0"
| #define PACKAGE_STRING "Ferrite Core 1.0.0"
| #define PACKAGE_BUGREPORT "https://github.com/ferrite-project/ferrite/issues"
| #define PACKAGE_URL "https://ferrite.org/"
| #define HAVE_CXX11 1
| #define STDC_HEADERS 1
| #define HAVE_SYS_TYPES_H 1
| #define HAVE_SYS_STAT_H 1
| #define HAVE_STDLIB_H 1
| #define HAVE_STRING_H 1
| #define HAVE_MEMORY_H 1
| #define HAVE_STRINGS_H 1
| #define HAVE_INTTYPES_H 1
| #define HAVE_STDINT_H 1
| #define HAVE_UNISTD_H 1
| #define HAVE_DLFCN_H 1
| #define LT_OBJDIR ".libs/"
| #define USE_ASM 1
| #define ENABLE_SSE41 1
| #define ENABLE_AVX2 1
| #define ENABLE_SHANI 1
| #define HAVE_PTHREAD_PRIO_INHERIT 1
| #define HAVE_PTHREAD 1
| #define HAVE_DECL_STRERROR_R 1
| #define HAVE_STRERROR_R 1
| #define STRERROR_R_CHAR_P 1
| #define HAVE_FUNC_ATTRIBUTE_VISIBILITY 1
| #define HAVE_ENDIAN_H 1
| #define HAVE_BYTESWAP_H 1
| #define HAVE_STDIO_H 1
| #define HAVE_STDLIB_H 1
| #define HAVE_UNISTD_H 1
| #define HAVE_STRINGS_H 1
| #define HAVE_SYS_TYPES_H 1
| #define HAVE_SYS_STAT_H 1
| #define HAVE_SYS_SELECT_H 1
| #define HAVE_SYS_PRCTL_H 1
| #define HAVE_DECL_GETIFADDRS 1
| #define HAVE_DECL_FREEIFADDRS 1
| #define HAVE_DECL_STRNLEN 1
| #define HAVE_DECL_DAEMON 1
| #define HAVE_DECL_LE16TOH 1
| #define HAVE_DECL_LE32TOH 1
| #define HAVE_DECL_LE64TOH 1
| #define HAVE_DECL_HTOLE16 1
| #define HAVE_DECL_HTOLE32 1
| #define HAVE_DECL_HTOLE64 1
| #define HAVE_DECL_BE16TOH 1
| #define HAVE_DECL_BE32TOH 1
| #define HAVE_DECL_BE64TOH 1
| #define HAVE_DECL_HTOBE16 1
| #define HAVE_DECL_HTOBE32 1
| #define HAVE_DECL_HTOBE64 1
| #define HAVE_DECL_BSWAP_16 1
| #define HAVE_DECL_BSWAP_32 1
| #define HAVE_DECL_BSWAP_64 1
| #define HAVE_DECL___BUILTIN_CLZ 1
| #define HAVE_DECL___BUILTIN_CLZL 1
| #define HAVE_DECL___BUILTIN_CLZLL 1
| #define HAVE_MALLOC_INFO 1
| #define HAVE_MALLOPT_ARENA_MAX 1
| #define HAVE_VISIBILITY_ATTRIBUTE 1
| #define HAVE_THREAD_LOCAL 1
| #define HAVE_SYS_GETRANDOM 1
| #define HAVE_GETENTROPY 1
| #define HAVE_GETENTROPY_RAND 1
| /* end confdefs.h.  */
| 
|         #include <bdb/db_cxx.h>
| 
| int
| main ()
| {
| 
|         #if !((DB_VERSION_MAJOR == 4 && DB_VERSION_MINOR >= 8) || DB_VERSION_MAJOR > 4)
|           #error "failed to find bdb 4.8+"
|         #endif
| 
|   ;
|   return 0;
| }
configure:24697: g++ -m64 -std=c++11 -c -pipe -O2  -I/home/administrator/walletbuilders/build_environment/litecoin/0.18.1/depends/x86_64-pc-linux/share/../include/  -DHAVE_BUILD_INFO -D__STDC_FORMAT_MACROS conftest.cpp >&5
conftest.cpp:72:18: fatal error: libdb/db_cxx.h: No such file or directory
         #include <libdb/db_cxx.h>
                  ^~~~~~~~~~~~~~~~
compilation terminated.
configure:24697: $? = 1
configure: failed program was:
| /* confdefs.h */
| #define PACKAGE_NAME "Ferrite Core"
| #define PACKAGE_TARNAME "ferrite"
| #define PACKAGE_VERSION "1.0.0"
| #define PACKAGE_STRING "Ferrite Core 1.0.0"
| #define PACKAGE_BUGREPORT "https://github.com/ferrite-project/ferrite/issues"
| #define PACKAGE_URL "https://ferrite.org/"
| #define HAVE_CXX11 1
| #define STDC_HEADERS 1
| #define HAVE_SYS_TYPES_H 1
| #define HAVE_SYS_STAT_H 1
| #define HAVE_STDLIB_H 1
| #define HAVE_STRING_H 1
| #define HAVE_MEMORY_H 1
| #define HAVE_STRINGS_H 1
| #define HAVE_INTTYPES_H 1
| #define HAVE_STDINT_H 1
| #define HAVE_UNISTD_H 1
| #define HAVE_DLFCN_H 1
| #define LT_OBJDIR ".libs/"
| #define USE_ASM 1
| #define ENABLE_SSE41 1
| #define ENABLE_AVX2 1
| #define ENABLE_SHANI 1
| #define HAVE_PTHREAD_PRIO_INHERIT 1
| #define HAVE_PTHREAD 1
| #define HAVE_DECL_STRERROR_R 1
| #define HAVE_STRERROR_R 1
| #define STRERROR_R_CHAR_P 1
| #define HAVE_FUNC_ATTRIBUTE_VISIBILITY 1
| #define HAVE_ENDIAN_H 1
| #define HAVE_BYTESWAP_H 1
| #define HAVE_STDIO_H 1
| #define HAVE_STDLIB_H 1
| #define HAVE_UNISTD_H 1
| #define HAVE_STRINGS_H 1
| #define HAVE_SYS_TYPES_H 1
| #define HAVE_SYS_STAT_H 1
| #define HAVE_SYS_SELECT_H 1
| #define HAVE_SYS_PRCTL_H 1
| #define HAVE_DECL_GETIFADDRS 1
| #define HAVE_DECL_FREEIFADDRS 1
| #define HAVE_DECL_STRNLEN 1
| #define HAVE_DECL_DAEMON 1
| #define HAVE_DECL_LE16TOH 1
| #define HAVE_DECL_LE32TOH 1
| #define HAVE_DECL_LE64TOH 1
| #define HAVE_DECL_HTOLE16 1
| #define HAVE_DECL_HTOLE32 1
| #define HAVE_DECL_HTOLE64 1
| #define HAVE_DECL_BE16TOH 1
| #define HAVE_DECL_BE32TOH 1
| #define HAVE_DECL_BE64TOH 1
| #define HAVE_DECL_HTOBE16 1
| #define HAVE_DECL_HTOBE32 1
| #define HAVE_DECL_HTOBE64 1
| #define HAVE_DECL_BSWAP_16 1
| #define HAVE_DECL_BSWAP_32 1
| #define HAVE_DECL_BSWAP_64 1
| #define HAVE_DECL___BUILTIN_CLZ 1
| #define HAVE_DECL___BUILTIN_CLZL 1
| #define HAVE_DECL___BUILTIN_CLZLL 1
| #define HAVE_MALLOC_INFO 1
| #define HAVE_MALLOPT_ARENA_MAX 1
| #define HAVE_VISIBILITY_ATTRIBUTE 1
| #define HAVE_THREAD_LOCAL 1
| #define HAVE_SYS_GETRANDOM 1
| #define HAVE_GETENTROPY 1
| #define HAVE_GETENTROPY_RAND 1
| /* end confdefs.h.  */
| 
|         #include <libdb/db_cxx.h>
| 
| int
| main ()
| {
| 
|         #if !((DB_VERSION_MAJOR == 4 && DB_VERSION_MINOR >= 8) || DB_VERSION_MAJOR > 4)
|           #error "failed to find bdb 4.8+"
|         #endif
| 
|   ;
|   return 0;
| }
configure:24697: g++ -m64 -std=c++11 -c -pipe -O2  -I/home/administrator/walletbuilders/build_environment/litecoin/0.18.1/depends/x86_64-pc-linux/share/../include/  -DHAVE_BUILD_INFO -D__STDC_FORMAT_MACROS conftest.cpp >&5
conftest.cpp:72:18: fatal error: db/db_cxx.h: No such file or directory
         #include <db/db_cxx.h>
                  ^~~~~~~~~~~~~
compilation terminated.
configure:24697: $? = 1
configure: failed program was:
| /* confdefs.h */
| #define PACKAGE_NAME "Ferrite Core"
| #define PACKAGE_TARNAME "ferrite"
| #define PACKAGE_VERSION "1.0.0"
| #define PACKAGE_STRING "Ferrite Core 1.0.0"
| #define PACKAGE_BUGREPORT "https://github.com/ferrite-project/ferrite/issues"
| #define PACKAGE_URL "https://ferrite.org/"
| #define HAVE_CXX11 1
| #define STDC_HEADERS 1
| #define HAVE_SYS_TYPES_H 1
| #define HAVE_SYS_STAT_H 1
| #define HAVE_STDLIB_H 1
| #define HAVE_STRING_H 1
| #define HAVE_MEMORY_H 1
| #define HAVE_STRINGS_H 1
| #define HAVE_INTTYPES_H 1
| #define HAVE_STDINT_H 1
| #define HAVE_UNISTD_H 1
| #define HAVE_DLFCN_H 1
| #define LT_OBJDIR ".libs/"
| #define USE_ASM 1
| #define ENABLE_SSE41 1
| #define ENABLE_AVX2 1
| #define ENABLE_SHANI 1
| #define HAVE_PTHREAD_PRIO_INHERIT 1
| #define HAVE_PTHREAD 1
| #define HAVE_DECL_STRERROR_R 1
| #define HAVE_STRERROR_R 1
| #define STRERROR_R_CHAR_P 1
| #define HAVE_FUNC_ATTRIBUTE_VISIBILITY 1
| #define HAVE_ENDIAN_H 1
| #define HAVE_BYTESWAP_H 1
| #define HAVE_STDIO_H 1
| #define HAVE_STDLIB_H 1
| #define HAVE_UNISTD_H 1
| #define HAVE_STRINGS_H 1
| #define HAVE_SYS_TYPES_H 1
| #define HAVE_SYS_STAT_H 1
| #define HAVE_SYS_SELECT_H 1
| #define HAVE_SYS_PRCTL_H 1
| #define HAVE_DECL_GETIFADDRS 1
| #define HAVE_DECL_FREEIFADDRS 1
| #define HAVE_DECL_STRNLEN 1
| #define HAVE_DECL_DAEMON 1
| #define HAVE_DECL_LE16TOH 1
| #define HAVE_DECL_LE32TOH 1
| #define HAVE_DECL_LE64TOH 1
| #define HAVE_DECL_HTOLE16 1
| #define HAVE_DECL_HTOLE32 1
| #define HAVE_DECL_HTOLE64 1
| #define HAVE_DECL_BE16TOH 1
| #define HAVE_DECL_BE32TOH 1
| #define HAVE_DECL_BE64TOH 1
| #define HAVE_DECL_HTOBE16 1
| #define HAVE_DECL_HTOBE32 1
| #define HAVE_DECL_HTOBE64 1
| #define HAVE_DECL_BSWAP_16 1
| #define HAVE_DECL_BSWAP_32 1
| #define HAVE_DECL_BSWAP_64 1
| #define HAVE_DECL___BUILTIN_CLZ 1
| #define HAVE_DECL___BUILTIN_CLZL 1
| #define HAVE_DECL___BUILTIN_CLZLL 1
| #define HAVE_MALLOC_INFO 1
| #define HAVE_MALLOPT_ARENA_MAX 1
| #define HAVE_VISIBILITY_ATTRIBUTE 1
| #define HAVE_THREAD_LOCAL 1
| #define HAVE_SYS_GETRANDOM 1
| #define HAVE_GETENTROPY 1
| #define HAVE_GETENTROPY_RAND 1
| /* end confdefs.h.  */
| 
|         #include <db/db_cxx.h>
| 
| int
| main ()
| {
| 
|         #if !((DB_VERSION_MAJOR == 4 && DB_VERSION_MINOR >= 8) || DB_VERSION_MAJOR > 4)
|           #error "failed to find bdb 4.8+"
|         #endif
| 
|   ;
|   return 0;
| }
configure:24697: g++ -m64 -std=c++11 -c -pipe -O2  -I/home/administrator/walletbuilders/build_environment/litecoin/0.18.1/depends/x86_64-pc-linux/share/../include/  -DHAVE_BUILD_INFO -D__STDC_FORMAT_MACROS conftest.cpp >&5
configure:24697: $? = 0
configure:24726: g++ -m64 -std=c++11 -c -pipe -O2  -I/home/administrator/walletbuilders/build_environment/litecoin/0.18.1/depends/x86_64-pc-linux/share/../include/  -DHAVE_BUILD_INFO -D__STDC_FORMAT_MACROS conftest.cpp >&5
configure:24726: $? = 0
configure:24769: result: default
configure:24792: checking for main in -ldb_cxx-4.8
configure:24811: g++ -m64 -std=c++11 -o conftest -pipe -O2  -I/home/administrator/walletbuilders/build_environment/litecoin/0.18.1/depends/x86_64-pc-linux/share/../include/  -DHAVE_BUILD_INFO -D__STDC_FORMAT_MACROS -L/home/administrator/walletbuilders/build_environment/litecoin/0.18.1/depends/x86_64-pc-linux/share/../lib  conftest.cpp -ldb_cxx-4.8   >&5
configure:24811: $? = 0
configure:24821: result: yes
configure:24843: checking miniupnpc/miniwget.h usability
configure:24843: g++ -m64 -std=c++11 -c -pipe -O2  -I/home/administrator/walletbuilders/build_environment/litecoin/0.18.1/depends/x86_64-pc-linux/share/../include/  -DHAVE_BUILD_INFO -D__STDC_FORMAT_MACROS conftest.cpp >&5
configure:24843: $? = 0
configure:24843: result: yes
configure:24843: checking miniupnpc/miniwget.h presence
configure:24843: g++ -m64 -std=c++11 -E -I/home/administrator/walletbuilders/build_environment/litecoin/0.18.1/depends/x86_64-pc-linux/share/../include/  -DHAVE_BUILD_INFO -D__STDC_FORMAT_MACROS conftest.cpp
configure:24843: $? = 0
configure:24843: result: yes
configure:24843: checking for miniupnpc/miniwget.h
configure:24843: result: yes
configure:24848: checking for upnpDiscover in -lminiupnpc
configure:24873: g++ -m64 -std=c++11 -o conftest -pipe -O2  -I/home/administrator/walletbuilders/build_environment/litecoin/0.18.1/depends/x86_64-pc-linux/share/../include/  -DHAVE_BUILD_INFO -D__STDC_FORMAT_MACROS -L/home/administrator/walletbuilders/build_environment/litecoin/0.18.1/depends/x86_64-pc-linux/share/../lib  conftest.cpp -lminiupnpc   >&5
configure:24873: $? = 0
configure:24882: result: yes
configure:24843: checking miniupnpc/miniupnpc.h usability
configure:24843: g++ -m64 -std=c++11 -c -pipe -O2  -I/home/administrator/walletbuilders/build_environment/litecoin/0.18.1/depends/x86_64-pc-linux/share/../include/  -DHAVE_BUILD_INFO -D__STDC_FORMAT_MACROS conftest.cpp >&5
configure:24843: $? = 0
configure:24843: result: yes
configure:24843: checking miniupnpc/miniupnpc.h presence
configure:24843: g++ -m64 -std=c++11 -E -I/home/administrator/walletbuilders/build_environment/litecoin/0.18.1/depends/x86_64-pc-linux/share/../include/  -DHAVE_BUILD_INFO -D__STDC_FORMAT_MACROS conftest.cpp
configure:24843: $? = 0
configure:24843: result: yes
configure:24843: checking for miniupnpc/miniupnpc.h
configure:24843: result: yes
configure:24848: checking for upnpDiscover in -lminiupnpc
configure:24882: result: yes
configure:24843: checking miniupnpc/upnpcommands.h usability
configure:24843: g++ -m64 -std=c++11 -c -pipe -O2  -I/home/administrator/walletbuilders/build_environment/litecoin/0.18.1/depends/x86_64-pc-linux/share/../include/  -DHAVE_BUILD_INFO -D__STDC_FORMAT_MACROS conftest.cpp >&5
configure:24843: $? = 0
configure:24843: result: yes
configure:24843: checking miniupnpc/upnpcommands.h presence
configure:24843: g++ -m64 -std=c++11 -E -I/home/administrator/walletbuilders/build_environment/litecoin/0.18.1/depends/x86_64-pc-linux/share/../include/  -DHAVE_BUILD_INFO -D__STDC_FORMAT_MACROS conftest.cpp
configure:24843: $? = 0
configure:24843: result: yes
configure:24843: checking for miniupnpc/upnpcommands.h
configure:24843: result: yes
configure:24848: checking for upnpDiscover in -lminiupnpc
configure:24882: result: yes
configure:24843: checking miniupnpc/upnperrors.h usability
configure:24843: g++ -m64 -std=c++11 -c -pipe -O2  -I/home/administrator/walletbuilders/build_environment/litecoin/0.18.1/depends/x86_64-pc-linux/share/../include/  -DHAVE_BUILD_INFO -D__STDC_FORMAT_MACROS conftest.cpp >&5
configure:24843: $? = 0
configure:24843: result: yes
configure:24843: checking miniupnpc/upnperrors.h presence
configure:24843: g++ -m64 -std=c++11 -E -I/home/administrator/walletbuilders/build_environment/litecoin/0.18.1/depends/x86_64-pc-linux/share/../include/  -DHAVE_BUILD_INFO -D__STDC_FORMAT_MACROS conftest.cpp
configure:24843: $? = 0
configure:24843: result: yes
configure:24843: checking for miniupnpc/upnperrors.h
configure:24843: result: yes
configure:24848: checking for upnpDiscover in -lminiupnpc
configure:24882: result: yes
configure:24980: checking for QT5
configure:24987: $PKG_CONFIG --exists --print-errors "$qt5_modules"
configure:24990: $? = 0
configure:25004: $PKG_CONFIG --exists --print-errors "$qt5_modules"
configure:25007: $? = 0
configure:25045: result: yes
configure:25077: checking for QT_TEST
configure:25084: $PKG_CONFIG --exists --print-errors "${QT_LIB_PREFIX}Test"
configure:25087: $? = 0
configure:25101: $PKG_CONFIG --exists --print-errors "${QT_LIB_PREFIX}Test"
configure:25104: $? = 0
configure:25142: result: yes
configure:25149: checking for QT_DBUS
configure:25156: $PKG_CONFIG --exists --print-errors "${QT_LIB_PREFIX}DBus"
configure:25159: $? = 0
configure:25173: $PKG_CONFIG --exists --print-errors "${QT_LIB_PREFIX}DBus"
configure:25176: $? = 0
configure:25214: result: yes
configure:26348: checking for static Qt
configure:26374: g++ -m64 -std=c++11 -c -fPIC -pipe -O2  -I/home/administrator/walletbuilders/build_environment/litecoin/0.18.1/depends/x86_64-pc-linux/include/QtNetwork -I/home/administrator/walletbuilders/build_environment/litecoin/0.18.1/depends/x86_64-pc-linux/include/QtWidgets -I/home/administrator/walletbuilders/build_environment/litecoin/0.18.1/depends/x86_64-pc-linux/include/QtGui -I/home/administrator/walletbuilders/build_environment/litecoin/0.18.1/depends/x86_64-pc-linux/include/QtCore -I/home/administrator/walletbuilders/build_environment/litecoin/0.18.1/depends/x86_64-pc-linux/share/../include/  -DHAVE_BUILD_INFO -D__STDC_FORMAT_MACROS conftest.cpp >&5
conftest.cpp:77:28: warning: extra tokens at end of #ifndef directive
         #ifndef QT_VERSION OR QT_VERSION_STR
                            ^~
configure:26374: $? = 0
configure:26382: result: yes
configure:26494: checking for QTFONTDATABASE
configure:26501: $PKG_CONFIG --exists --print-errors "Qt5FontDatabaseSupport"
configure:26504: $? = 0
configure:26518: $PKG_CONFIG --exists --print-errors "Qt5FontDatabaseSupport"
configure:26521: $? = 0
configure:26579: result: yes
configure:26585: checking for QTEVENTDISPATCHER
configure:26592: $PKG_CONFIG --exists --print-errors "Qt5EventDispatcherSupport"
configure:26595: $? = 0
configure:26609: $PKG_CONFIG --exists --print-errors "Qt5EventDispatcherSupport"
configure:26612: $? = 0
configure:26670: result: yes
configure:26676: checking for QTTHEME
configure:26683: $PKG_CONFIG --exists --print-errors "Qt5ThemeSupport"
configure:26686: $? = 0
configure:26700: $PKG_CONFIG --exists --print-errors "Qt5ThemeSupport"
configure:26703: $? = 0
configure:26761: result: yes
configure:26767: checking for QTDEVICEDISCOVERY
configure:26774: $PKG_CONFIG --exists --print-errors "Qt5DeviceDiscoverySupport"
configure:26777: $? = 0
configure:26791: $PKG_CONFIG --exists --print-errors "Qt5DeviceDiscoverySupport"
configure:26794: $? = 0
configure:26852: result: yes
configure:26858: checking for QTACCESSIBILITY
configure:26865: $PKG_CONFIG --exists --print-errors "Qt5AccessibilitySupport"
configure:26868: $? = 0
configure:26882: $PKG_CONFIG --exists --print-errors "Qt5AccessibilitySupport"
configure:26885: $? = 0
configure:26943: result: yes
configure:26949: checking for QTFB
configure:26956: $PKG_CONFIG --exists --print-errors "Qt5FbSupport"
configure:26959: $? = 0
configure:26973: $PKG_CONFIG --exists --print-errors "Qt5FbSupport"
configure:26976: $? = 0
configure:27034: result: yes
configure:27042: checking for X11XCB
configure:27049: $PKG_CONFIG --exists --print-errors "x11-xcb"
configure:27052: $? = 0
configure:27066: $PKG_CONFIG --exists --print-errors "x11-xcb"
configure:27069: $? = 0
configure:27127: result: yes
configure:27133: checking for QTXCBQPA
configure:27140: $PKG_CONFIG --exists --print-errors "Qt5XcbQpa"
configure:27143: $? = 0
configure:27157: $PKG_CONFIG --exists --print-errors "Qt5XcbQpa"
configure:27160: $? = 0
configure:27218: result: yes
configure:27984: checking for static Qt plugins: -lqminimal
configure:28002: g++ -m64 -std=c++11 -o conftest -fPIC -pipe -O2  -I/home/administrator/walletbuilders/build_environment/litecoin/0.18.1/depends/x86_64-pc-linux/include/QtNetwork -I/home/administrator/walletbuilders/build_environment/litecoin/0.18.1/depends/x86_64-pc-linux/include/QtWidgets -I/home/administrator/walletbuilders/build_environment/litecoin/0.18.1/depends/x86_64-pc-linux/include/QtGui -I/home/administrator/walletbuilders/build_environment/litecoin/0.18.1/depends/x86_64-pc-linux/include/QtCore -I/home/administrator/walletbuilders/build_environment/litecoin/0.18.1/depends/x86_64-pc-linux/share/../include/  -DHAVE_BUILD_INFO -D__STDC_FORMAT_MACROS -L/home/administrator/walletbuilders/build_environment/litecoin/0.18.1/depends/x86_64-pc-linux/share/../lib  conftest.cpp -lqminimal -L/home/administrator/walletbuilders/build_environment/litecoin/0.18.1/depends/x86_64-pc-linux/lib -L//home/administrator/walletbuilders/build_environment/litecoin/0.18.1/depends/x86_64-pc-linux/lib -L/home/administrator/walletbuilders/build_environment/litecoin/0.18.1/depends/x86_64-pc-linux/lib -L//home/administrator/walletbuilders/build_environment/litecoin/0.18.1/depends/x86_64-pc-linux/lib -L/home/administrator/walletbuilders/build_environment/litecoin/0.18.1/depends/x86_64-pc-linux/lib -lQt5XcbQpa -lQt5ServiceSupport -lQt5ThemeSupport -lQt5DBus -lQt5EventDispatcherSupport -lQt5FontDatabaseSupport -lfontconfig -lfreetype -lQt5Gui -lqtlibpng -lqtharfbuzz -lQt5Core -lm -lz -lqtpcre2 -lpthread -lX11-xcb -lX11 -lxcb-static -lxcb -ldl -lQt5ServiceSupport -lQt5Gui -lqtlibpng -lqtharfbuzz -lQt5Core -lm -lz -lqtpcre2 -ldl -lpthread -lQt5ThemeSupport -lQt5Gui -lqtlibpng -lqtharfbuzz -lQt5Core -lm -lz -lqtpcre2 -ldl -lpthread -lQt5DBus -lQt5Core -lpthread -lm -lz -lqtpcre2 -ldl -lQt5EventDispatcherSupport -lQt5Gui -lqtlibpng -lqtharfbuzz -lQt5Core -lm -lz -lqtpcre2 -ldl -lpthread -lQt5FontDatabaseSupport -lQt5Gui -lqtlibpng -lqtharfbuzz -lQt5Core -lm -lz -lqtpcre2 -ldl -lpthread -lfontconfig -lfreetype -lQt5Gui -lQt5Core -lm -lz -lqtpcre2 -ldl -lpthread -lqtlibpng -lqtharfbuzz -lz -lQt5Core -lpthread -lm -lz -lqtpcre2 -ldl -L/home/administrator/walletbuilders/build_environment/litecoin/0.18.1/depends/x86_64-pc-linux/lib -lX11-xcb -lX11 -lpthread -lxcb -lXau -lQt5FbSupport -lQt5AccessibilitySupport -lQt5DeviceDiscoverySupport -lQt5ThemeSupport -lQt5EventDispatcherSupport -lQt5FontDatabaseSupport -L/home/administrator/walletbuilders/build_environment/litecoin/0.18.1/depends/x86_64-pc-linux/lib -lQt5Network -lQt5Core -lm -lz -lqtpcre2 -ldl -lpthread -lz -lssl -lcrypto -lQt5Widgets -lQt5Gui -lqtlibpng -lqtharfbuzz -lQt5Core -lm -lz -lqtpcre2 -ldl -lpthread -lQt5Gui -lQt5Core -lm -lz -lqtpcre2 -ldl -lpthread -lqtlibpng -lqtharfbuzz -lz -lQt5Core -lpthread -lm -lz -lqtpcre2 -ldl -L/home/administrator/walletbuilders/build_environment/litecoin/0.18.1/depends/x86_64-pc-linux/share/../plugins/platforms  >&5
conftest.cpp:78:0: warning: "QT_STATICPLUGIN" redefined
     #define QT_STATICPLUGIN
 
conftest.cpp:75:0: note: this is the location of the previous definition
 #define QT_STATICPLUGIN 1
 
configure:28002: $? = 0
configure:28003: result: yes
configure:28074: checking for static Qt plugins: -lqxcb -lxcb-static
configure:28092: g++ -m64 -std=c++11 -o conftest -fPIC -pipe -O2  -I/home/administrator/walletbuilders/build_environment/litecoin/0.18.1/depends/x86_64-pc-linux/include/QtNetwork -I/home/administrator/walletbuilders/build_environment/litecoin/0.18.1/depends/x86_64-pc-linux/include/QtWidgets -I/home/administrator/walletbuilders/build_environment/litecoin/0.18.1/depends/x86_64-pc-linux/include/QtGui -I/home/administrator/walletbuilders/build_environment/litecoin/0.18.1/depends/x86_64-pc-linux/include/QtCore -I/home/administrator/walletbuilders/build_environment/litecoin/0.18.1/depends/x86_64-pc-linux/share/../include/  -DHAVE_BUILD_INFO -D__STDC_FORMAT_MACROS -L/home/administrator/walletbuilders/build_environment/litecoin/0.18.1/depends/x86_64-pc-linux/share/../lib  conftest.cpp -lqxcb -lxcb-static -lqminimal -L/home/administrator/walletbuilders/build_environment/litecoin/0.18.1/depends/x86_64-pc-linux/lib -L//home/administrator/walletbuilders/build_environment/litecoin/0.18.1/depends/x86_64-pc-linux/lib -L/home/administrator/walletbuilders/build_environment/litecoin/0.18.1/depends/x86_64-pc-linux/lib -L//home/administrator/walletbuilders/build_environment/litecoin/0.18.1/depends/x86_64-pc-linux/lib -L/home/administrator/walletbuilders/build_environment/litecoin/0.18.1/depends/x86_64-pc-linux/lib -lQt5XcbQpa -lQt5ServiceSupport -lQt5ThemeSupport -lQt5DBus -lQt5EventDispatcherSupport -lQt5FontDatabaseSupport -lfontconfig -lfreetype -lQt5Gui -lqtlibpng -lqtharfbuzz -lQt5Core -lm -lz -lqtpcre2 -lpthread -lX11-xcb -lX11 -lxcb-static -lxcb -ldl -lQt5ServiceSupport -lQt5Gui -lqtlibpng -lqtharfbuzz -lQt5Core -lm -lz -lqtpcre2 -ldl -lpthread -lQt5ThemeSupport -lQt5Gui -lqtlibpng -lqtharfbuzz -lQt5Core -lm -lz -lqtpcre2 -ldl -lpthread -lQt5DBus -lQt5Core -lpthread -lm -lz -lqtpcre2 -ldl -lQt5EventDispatcherSupport -lQt5Gui -lqtlibpng -lqtharfbuzz -lQt5Core -lm -lz -lqtpcre2 -ldl -lpthread -lQt5FontDatabaseSupport -lQt5Gui -lqtlibpng -lqtharfbuzz -lQt5Core -lm -lz -lqtpcre2 -ldl -lpthread -lfontconfig -lfreetype -lQt5Gui -lQt5Core -lm -lz -lqtpcre2 -ldl -lpthread -lqtlibpng -lqtharfbuzz -lz -lQt5Core -lpthread -lm -lz -lqtpcre2 -ldl -L/home/administrator/walletbuilders/build_environment/litecoin/0.18.1/depends/x86_64-pc-linux/lib -lX11-xcb -lX11 -lpthread -lxcb -lXau -lQt5FbSupport -lQt5AccessibilitySupport -lQt5DeviceDiscoverySupport -lQt5ThemeSupport -lQt5EventDispatcherSupport -lQt5FontDatabaseSupport -L/home/administrator/walletbuilders/build_environment/litecoin/0.18.1/depends/x86_64-pc-linux/lib -lQt5Network -lQt5Core -lm -lz -lqtpcre2 -ldl -lpthread -lz -lssl -lcrypto -lQt5Widgets -lQt5Gui -lqtlibpng -lqtharfbuzz -lQt5Core -lm -lz -lqtpcre2 -ldl -lpthread -lQt5Gui -lQt5Core -lm -lz -lqtpcre2 -ldl -lpthread -lqtlibpng -lqtharfbuzz -lz -lQt5Core -lpthread -lm -lz -lqtpcre2 -ldl -L/home/administrator/walletbuilders/build_environment/litecoin/0.18.1/depends/x86_64-pc-linux/share/../plugins/platforms  >&5
conftest.cpp:79:0: warning: "QT_STATICPLUGIN" redefined
     #define QT_STATICPLUGIN
 
conftest.cpp:75:0: note: this is the location of the previous definition
 #define QT_STATICPLUGIN 1
 
configure:28092: $? = 0
configure:28093: result: yes
configure:28218: checking whether -fPIE can be used with this Qt config
configure:28244: g++ -m64 -std=c++11 -c -fPIE -pipe -O2  -I/home/administrator/walletbuilders/build_environment/litecoin/0.18.1/depends/x86_64-pc-linux/include/QtNetwork -I/home/administrator/walletbuilders/build_environment/litecoin/0.18.1/depends/x86_64-pc-linux/include/QtWidgets -I/home/administrator/walletbuilders/build_environment/litecoin/0.18.1/depends/x86_64-pc-linux/include/QtGui -I/home/administrator/walletbuilders/build_environment/litecoin/0.18.1/depends/x86_64-pc-linux/include/QtCore -I/home/administrator/walletbuilders/build_environment/litecoin/0.18.1/depends/x86_64-pc-linux/share/../include/  -DHAVE_BUILD_INFO -D__STDC_FORMAT_MACROS conftest.cpp >&5
configure:28244: $? = 0
configure:28245: result: yes
configure:28318: checking for moc-qt5
configure:28351: result: no
configure:28318: checking for moc5
configure:28351: result: no
configure:28318: checking for moc
configure:28336: found /home/administrator/walletbuilders/build_environment/litecoin/0.18.1/depends/x86_64-pc-linux/share/../native/bin/moc
configure:28348: result: /home/administrator/walletbuilders/build_environment/litecoin/0.18.1/depends/x86_64-pc-linux/share/../native/bin/moc
configure:28437: checking for uic-qt5
configure:28470: result: no
configure:28437: checking for uic5
configure:28470: result: no
configure:28437: checking for uic
configure:28455: found /home/administrator/walletbuilders/build_environment/litecoin/0.18.1/depends/x86_64-pc-linux/share/../native/bin/uic
configure:28467: result: /home/administrator/walletbuilders/build_environment/litecoin/0.18.1/depends/x86_64-pc-linux/share/../native/bin/uic
configure:28556: checking for rcc-qt5
configure:28589: result: no
configure:28556: checking for rcc5
configure:28589: result: no
configure:28556: checking for rcc
configure:28574: found /home/administrator/walletbuilders/build_environment/litecoin/0.18.1/depends/x86_64-pc-linux/share/../native/bin/rcc
configure:28586: result: /home/administrator/walletbuilders/build_environment/litecoin/0.18.1/depends/x86_64-pc-linux/share/../native/bin/rcc
configure:28675: checking for lrelease-qt5
configure:28708: result: no
configure:28675: checking for lrelease5
configure:28708: result: no
configure:28675: checking for lrelease
configure:28693: found /home/administrator/walletbuilders/build_environment/litecoin/0.18.1/depends/x86_64-pc-linux/share/../native/bin/lrelease
configure:28705: result: /home/administrator/walletbuilders/build_environment/litecoin/0.18.1/depends/x86_64-pc-linux/share/../native/bin/lrelease
configure:28794: checking for lupdate-qt5
configure:28827: result: no
configure:28794: checking for lupdate5
configure:28827: result: no
configure:28794: checking for lupdate
configure:28812: found /home/administrator/walletbuilders/build_environment/litecoin/0.18.1/depends/x86_64-pc-linux/share/../native/bin/lupdate
configure:28824: result: /home/administrator/walletbuilders/build_environment/litecoin/0.18.1/depends/x86_64-pc-linux/share/../native/bin/lupdate
configure:29009: checking whether to build Ferrite Core GUI
configure:29039: result: yes (Qt5)
configure:29152: checking for boostlib >= 1.47.0 (104700) includes in "/home/administrator/walletbuilders/build_environment/litecoin/0.18.1/depends/x86_64-pc-linux/share/../include"
configure:29156: result: yes
configure:29160: checking for boostlib >= 1.47.0 (104700) lib path in "/home/administrator/walletbuilders/build_environment/litecoin/0.18.1/depends/x86_64-pc-linux/share/../lib/x86_64-linux-gnu"
configure:29170: result: no
configure:29160: checking for boostlib >= 1.47.0 (104700) lib path in "/home/administrator/walletbuilders/build_environment/litecoin/0.18.1/depends/x86_64-pc-linux/share/../lib64"
configure:29170: result: no
configure:29160: checking for boostlib >= 1.47.0 (104700) lib path in "/home/administrator/walletbuilders/build_environment/litecoin/0.18.1/depends/x86_64-pc-linux/share/../libx32"
configure:29170: result: no
configure:29160: checking for boostlib >= 1.47.0 (104700) lib path in "/home/administrator/walletbuilders/build_environment/litecoin/0.18.1/depends/x86_64-pc-linux/share/../lib"
configure:29164: result: yes
configure:29204: checking for boostlib >= 1.47.0 (104700)
configure:29236: g++ -m64 -std=c++11 -c -pipe -O2  -I/home/administrator/walletbuilders/build_environment/litecoin/0.18.1/depends/x86_64-pc-linux/share/../include/  -DHAVE_BUILD_INFO -D__STDC_FORMAT_MACROS -I/home/administrator/walletbuilders/build_environment/litecoin/0.18.1/depends/x86_64-pc-linux/share/../include conftest.cpp >&5
configure:29236: $? = 0
configure:29238: result: yes
configure:29433: checking whether the Boost::System library is available
configure:29458: g++ -m64 -std=c++11 -c  -I/home/administrator/walletbuilders/build_environment/litecoin/0.18.1/depends/x86_64-pc-linux/share/../include/  -DHAVE_BUILD_INFO -D__STDC_FORMAT_MACROS -I/home/administrator/walletbuilders/build_environment/litecoin/0.18.1/depends/x86_64-pc-linux/share/../include conftest.cpp >&5
configure:29458: $? = 0
configure:29473: result: yes
configure:29488: checking for exit in -lboost_system-mt
configure:29513: g++ -m64 -std=c++11 -o conftest -pipe -O2  -I/home/administrator/walletbuilders/build_environment/litecoin/0.18.1/depends/x86_64-pc-linux/share/../include/  -DHAVE_BUILD_INFO -D__STDC_FORMAT_MACROS -I/home/administrator/walletbuilders/build_environment/litecoin/0.18.1/depends/x86_64-pc-linux/share/../include -L/home/administrator/walletbuilders/build_environment/litecoin/0.18.1/depends/x86_64-pc-linux/share/../lib  -L/home/administrator/walletbuilders/build_environment/litecoin/0.18.1/depends/x86_64-pc-linux/share/../lib conftest.cpp -lboost_system-mt   >&5
conftest.cpp:88:6: warning: declaration of 'char exit()' conflicts with built-in declaration 'void exit(int)' [-Wbuiltin-declaration-mismatch]
 char exit ();
      ^~~~
configure:29513: $? = 0
configure:29523: result: yes
configure:29678: checking whether the Boost::Filesystem library is available
configure:29702: g++ -m64 -std=c++11 -c -pipe -O2  -I/home/administrator/walletbuilders/build_environment/litecoin/0.18.1/depends/x86_64-pc-linux/share/../include/  -DHAVE_BUILD_INFO -D__STDC_FORMAT_MACROS -I/home/administrator/walletbuilders/build_environment/litecoin/0.18.1/depends/x86_64-pc-linux/share/../include conftest.cpp >&5
configure:29702: $? = 0
configure:29716: result: yes
configure:29727: checking for exit in -lboost_filesystem-mt
configure:29752: g++ -m64 -std=c++11 -o conftest -pipe -O2  -I/home/administrator/walletbuilders/build_environment/litecoin/0.18.1/depends/x86_64-pc-linux/share/../include/  -DHAVE_BUILD_INFO -D__STDC_FORMAT_MACROS -I/home/administrator/walletbuilders/build_environment/litecoin/0.18.1/depends/x86_64-pc-linux/share/../include -L/home/administrator/walletbuilders/build_environment/litecoin/0.18.1/depends/x86_64-pc-linux/share/../lib  -L/home/administrator/walletbuilders/build_environment/litecoin/0.18.1/depends/x86_64-pc-linux/share/../lib conftest.cpp -lboost_filesystem-mt   -lboost_system-mt >&5
conftest.cpp:89:6: warning: declaration of 'char exit()' conflicts with built-in declaration 'void exit(int)' [-Wbuiltin-declaration-mismatch]
 char exit ();
      ^~~~
configure:29752: $? = 0
configure:29762: result: yes
configure:29912: checking whether the Boost::Thread library is available
configure:29945: g++ -m64 -std=c++11 -c -pthread -pipe -O2  -I/home/administrator/walletbuilders/build_environment/litecoin/0.18.1/depends/x86_64-pc-linux/share/../include/  -DHAVE_BUILD_INFO -D__STDC_FORMAT_MACROS -I/home/administrator/walletbuilders/build_environment/litecoin/0.18.1/depends/x86_64-pc-linux/share/../include conftest.cpp >&5
configure:29945: $? = 0
configure:29960: result: yes
configure:29989: checking for exit in -lboost_thread-mt
configure:30014: g++ -m64 -std=c++11 -o conftest -pipe -O2  -I/home/administrator/walletbuilders/build_environment/litecoin/0.18.1/depends/x86_64-pc-linux/share/../include/  -DHAVE_BUILD_INFO -D__STDC_FORMAT_MACROS -I/home/administrator/walletbuilders/build_environment/litecoin/0.18.1/depends/x86_64-pc-linux/share/../include -L/home/administrator/walletbuilders/build_environment/litecoin/0.18.1/depends/x86_64-pc-linux/share/../lib  -L/home/administrator/walletbuilders/build_environment/litecoin/0.18.1/depends/x86_64-pc-linux/share/../lib conftest.cpp -lboost_thread-mt   >&5
conftest.cpp:90:6: warning: declaration of 'char exit()' conflicts with built-in declaration 'void exit(int)' [-Wbuiltin-declaration-mismatch]
 char exit ();
      ^~~~
configure:30014: $? = 0
configure:30024: result: yes
configure:30196: checking whether the Boost::Chrono library is available
configure:30220: g++ -m64 -std=c++11 -c -pipe -O2  -I/home/administrator/walletbuilders/build_environment/litecoin/0.18.1/depends/x86_64-pc-linux/share/../include/  -DHAVE_BUILD_INFO -D__STDC_FORMAT_MACROS -pthread -I/home/administrator/walletbuilders/build_environment/litecoin/0.18.1/depends/x86_64-pc-linux/share/../include conftest.cpp >&5
configure:30220: $? = 0
configure:30235: result: yes
configure:30250: checking for exit in -lboost_chrono-mt
configure:30275: g++ -m64 -std=c++11 -o conftest -pipe -O2  -I/home/administrator/walletbuilders/build_environment/litecoin/0.18.1/depends/x86_64-pc-linux/share/../include/  -DHAVE_BUILD_INFO -D__STDC_FORMAT_MACROS -pthread -I/home/administrator/walletbuilders/build_environment/litecoin/0.18.1/depends/x86_64-pc-linux/share/../include -L/home/administrator/walletbuilders/build_environment/litecoin/0.18.1/depends/x86_64-pc-linux/share/../lib  -L/home/administrator/walletbuilders/build_environment/litecoin/0.18.1/depends/x86_64-pc-linux/share/../lib conftest.cpp -lboost_chrono-mt   >&5
conftest.cpp:91:6: warning: declaration of 'char exit()' conflicts with built-in declaration 'void exit(int)' [-Wbuiltin-declaration-mismatch]
 char exit ();
      ^~~~
configure:30275: $? = 0
configure:30285: result: yes
configure:30717: checking for mismatched boost c++11 scoped enums
configure:30745: g++ -m64 -std=c++11 -o conftest -pipe -O2  -I/home/administrator/walletbuilders/build_environment/litecoin/0.18.1/depends/x86_64-pc-linux/share/../include/  -DHAVE_BUILD_INFO -D__STDC_FORMAT_MACROS -DBOOST_SP_USE_STD_ATOMIC -DBOOST_AC_USE_STD_ATOMIC -pthread -I/home/administrator/walletbuilders/build_environment/litecoin/0.18.1/depends/x86_64-pc-linux/share/../include -L/home/administrator/walletbuilders/build_environment/litecoin/0.18.1/depends/x86_64-pc-linux/share/../lib  conftest.cpp -L/home/administrator/walletbuilders/build_environment/litecoin/0.18.1/depends/x86_64-pc-linux/share/../lib -lboost_system-mt -lboost_filesystem-mt -lboost_thread-mt -lpthread -lboost_chrono-mt  >&5
conftest.cpp: In function 'int main()':
conftest.cpp:101:5: error: 'choke' was not declared in this scope
     choke;
     ^~~~~
conftest.cpp:101:5: note: suggested alternative: 'clone'
     choke;
     ^~~~~
     clone
configure:30745: $? = 1
configure: failed program was:
| /* confdefs.h */
| #define PACKAGE_NAME "Ferrite Core"
| #define PACKAGE_TARNAME "ferrite"
| #define PACKAGE_VERSION "1.0.0"
| #define PACKAGE_STRING "Ferrite Core 1.0.0"
| #define PACKAGE_BUGREPORT "https://github.com/ferrite-project/ferrite/issues"
| #define PACKAGE_URL "https://ferrite.org/"
| #define HAVE_CXX11 1
| #define STDC_HEADERS 1
| #define HAVE_SYS_TYPES_H 1
| #define HAVE_SYS_STAT_H 1
| #define HAVE_STDLIB_H 1
| #define HAVE_STRING_H 1
| #define HAVE_MEMORY_H 1
| #define HAVE_STRINGS_H 1
| #define HAVE_INTTYPES_H 1
| #define HAVE_STDINT_H 1
| #define HAVE_UNISTD_H 1
| #define HAVE_DLFCN_H 1
| #define LT_OBJDIR ".libs/"
| #define USE_ASM 1
| #define ENABLE_SSE41 1
| #define ENABLE_AVX2 1
| #define ENABLE_SHANI 1
| #define HAVE_PTHREAD_PRIO_INHERIT 1
| #define HAVE_PTHREAD 1
| #define HAVE_DECL_STRERROR_R 1
| #define HAVE_STRERROR_R 1
| #define STRERROR_R_CHAR_P 1
| #define HAVE_FUNC_ATTRIBUTE_VISIBILITY 1
| #define HAVE_ENDIAN_H 1
| #define HAVE_BYTESWAP_H 1
| #define HAVE_STDIO_H 1
| #define HAVE_STDLIB_H 1
| #define HAVE_UNISTD_H 1
| #define HAVE_STRINGS_H 1
| #define HAVE_SYS_TYPES_H 1
| #define HAVE_SYS_STAT_H 1
| #define HAVE_SYS_SELECT_H 1
| #define HAVE_SYS_PRCTL_H 1
| #define HAVE_DECL_GETIFADDRS 1
| #define HAVE_DECL_FREEIFADDRS 1
| #define HAVE_DECL_STRNLEN 1
| #define HAVE_DECL_DAEMON 1
| #define HAVE_DECL_LE16TOH 1
| #define HAVE_DECL_LE32TOH 1
| #define HAVE_DECL_LE64TOH 1
| #define HAVE_DECL_HTOLE16 1
| #define HAVE_DECL_HTOLE32 1
| #define HAVE_DECL_HTOLE64 1
| #define HAVE_DECL_BE16TOH 1
| #define HAVE_DECL_BE32TOH 1
| #define HAVE_DECL_BE64TOH 1
| #define HAVE_DECL_HTOBE16 1
| #define HAVE_DECL_HTOBE32 1
| #define HAVE_DECL_HTOBE64 1
| #define HAVE_DECL_BSWAP_16 1
| #define HAVE_DECL_BSWAP_32 1
| #define HAVE_DECL_BSWAP_64 1
| #define HAVE_DECL___BUILTIN_CLZ 1
| #define HAVE_DECL___BUILTIN_CLZL 1
| #define HAVE_DECL___BUILTIN_CLZLL 1
| #define HAVE_MALLOC_INFO 1
| #define HAVE_MALLOPT_ARENA_MAX 1
| #define HAVE_VISIBILITY_ATTRIBUTE 1
| #define HAVE_THREAD_LOCAL 1
| #define HAVE_SYS_GETRANDOM 1
| #define HAVE_GETENTROPY 1
| #define HAVE_GETENTROPY_RAND 1
| #define HAVE_MINIUPNPC_MINIWGET_H 1
| #define HAVE_MINIUPNPC_MINIUPNPC_H 1
| #define HAVE_MINIUPNPC_UPNPCOMMANDS_H 1
| #define HAVE_MINIUPNPC_UPNPERRORS_H 1
| #define QT_STATICPLUGIN 1
| #define QT_STATICPLUGIN 1
| #define QT_QPA_PLATFORM_MINIMAL 1
| #define QT_QPA_PLATFORM_XCB 1
| #define HAVE_BOOST /**/
| #define HAVE_BOOST_SYSTEM /**/
| #define HAVE_BOOST_FILESYSTEM /**/
| #define HAVE_BOOST_THREAD /**/
| #define HAVE_BOOST_CHRONO /**/
| /* end confdefs.h.  */
| 
|   #include <boost/config.hpp>
|   #include <boost/version.hpp>
|   #if !defined(BOOST_NO_SCOPED_ENUMS) && !defined(BOOST_NO_CXX11_SCOPED_ENUMS) && BOOST_VERSION < 105700
|   #define BOOST_NO_SCOPED_ENUMS
|   #define BOOST_NO_CXX11_SCOPED_ENUMS
|   #define CHECK
|   #endif
|   #include <boost/filesystem.hpp>
| 
| int
| main ()
| {
| 
|   #if defined(CHECK)
|     boost::filesystem::copy_file("foo", "bar");
|   #else
|     choke;
|   #endif
| 
|   ;
|   return 0;
| }
configure:30749: result: ok
configure:30781: g++ -m64 -std=c++11 -o conftest -pipe -O2  -I/home/administrator/walletbuilders/build_environment/litecoin/0.18.1/depends/x86_64-pc-linux/share/../include/  -DHAVE_BUILD_INFO -D__STDC_FORMAT_MACROS -DBOOST_SP_USE_STD_ATOMIC -DBOOST_AC_USE_STD_ATOMIC -pthread -I/home/administrator/walletbuilders/build_environment/litecoin/0.18.1/depends/x86_64-pc-linux/share/../include -L/home/administrator/walletbuilders/build_environment/litecoin/0.18.1/depends/x86_64-pc-linux/share/../lib  conftest.cpp -L/home/administrator/walletbuilders/build_environment/litecoin/0.18.1/depends/x86_64-pc-linux/share/../lib -lboost_system-mt -lboost_filesystem-mt -lboost_thread-mt -lpthread -lboost_chrono-mt  >&5
configure:30781: $? = 0
configure:30843: checking for SSL
configure:30850: $PKG_CONFIG --exists --print-errors "libssl"
configure:30853: $? = 0
configure:30867: $PKG_CONFIG --exists --print-errors "libssl"
configure:30870: $? = 0
configure:30908: result: yes
configure:30914: checking for CRYPTO
configure:30921: $PKG_CONFIG --exists --print-errors "libcrypto"
configure:30924: $? = 0
configure:30938: $PKG_CONFIG --exists --print-errors "libcrypto"
configure:30941: $? = 0
configure:30979: result: yes
configure:30989: checking for PROTOBUF
configure:30996: $PKG_CONFIG --exists --print-errors "protobuf"
configure:30999: $? = 0
configure:31013: $PKG_CONFIG --exists --print-errors "protobuf"
configure:31016: $? = 0
configure:31054: result: yes
configure:31070: checking for QR
configure:31077: $PKG_CONFIG --exists --print-errors "libqrencode"
configure:31080: $? = 0
configure:31094: $PKG_CONFIG --exists --print-errors "libqrencode"
configure:31097: $? = 0
configure:31135: result: yes
configure:31148: checking for EVENT
configure:31155: $PKG_CONFIG --exists --print-errors "libevent"
configure:31158: $? = 0
configure:31172: $PKG_CONFIG --exists --print-errors "libevent"
configure:31175: $? = 0
configure:31213: result: yes
configure:31220: checking for EVENT_PTHREADS
configure:31227: $PKG_CONFIG --exists --print-errors "libevent_pthreads"
configure:31230: $? = 0
configure:31244: $PKG_CONFIG --exists --print-errors "libevent_pthreads"
configure:31247: $? = 0
configure:31285: result: yes
configure:31295: checking for ZMQ
configure:31302: $PKG_CONFIG --exists --print-errors "libzmq >= 4"
configure:31305: $? = 0
configure:31319: $PKG_CONFIG --exists --print-errors "libzmq >= 4"
configure:31322: $? = 0
configure:31370: result: yes
configure:31754: checking whether EVP_MD_CTX_new is declared
configure:31754: g++ -m64 -std=c++11 -c -pipe -O2  -I/home/administrator/walletbuilders/build_environment/litecoin/0.18.1/depends/x86_64-pc-linux/include -I/home/administrator/walletbuilders/build_environment/litecoin/0.18.1/depends/x86_64-pc-linux/include -I/home/administrator/walletbuilders/build_environment/litecoin/0.18.1/depends/x86_64-pc-linux/share/../include/  -DHAVE_BUILD_INFO -D__STDC_FORMAT_MACROS conftest.cpp >&5
conftest.cpp: In function 'int main()':
conftest.cpp:127:10: error: 'EVP_MD_CTX_new' was not declared in this scope
   (void) EVP_MD_CTX_new;
          ^~~~~~~~~~~~~~
conftest.cpp:127:10: note: suggested alternative: 'EVP_MD_CTX_init'
   (void) EVP_MD_CTX_new;
          ^~~~~~~~~~~~~~
          EVP_MD_CTX_init
configure:31754: $? = 1
configure: failed program was:
| /* confdefs.h */
| #define PACKAGE_NAME "Ferrite Core"
| #define PACKAGE_TARNAME "ferrite"
| #define PACKAGE_VERSION "1.0.0"
| #define PACKAGE_STRING "Ferrite Core 1.0.0"
| #define PACKAGE_BUGREPORT "https://github.com/ferrite-project/ferrite/issues"
| #define PACKAGE_URL "https://ferrite.org/"
| #define HAVE_CXX11 1
| #define STDC_HEADERS 1
| #define HAVE_SYS_TYPES_H 1
| #define HAVE_SYS_STAT_H 1
| #define HAVE_STDLIB_H 1
| #define HAVE_STRING_H 1
| #define HAVE_MEMORY_H 1
| #define HAVE_STRINGS_H 1
| #define HAVE_INTTYPES_H 1
| #define HAVE_STDINT_H 1
| #define HAVE_UNISTD_H 1
| #define HAVE_DLFCN_H 1
| #define LT_OBJDIR ".libs/"
| #define USE_ASM 1
| #define ENABLE_SSE41 1
| #define ENABLE_AVX2 1
| #define ENABLE_SHANI 1
| #define HAVE_PTHREAD_PRIO_INHERIT 1
| #define HAVE_PTHREAD 1
| #define HAVE_DECL_STRERROR_R 1
| #define HAVE_STRERROR_R 1
| #define STRERROR_R_CHAR_P 1
| #define HAVE_FUNC_ATTRIBUTE_VISIBILITY 1
| #define HAVE_ENDIAN_H 1
| #define HAVE_BYTESWAP_H 1
| #define HAVE_STDIO_H 1
| #define HAVE_STDLIB_H 1
| #define HAVE_UNISTD_H 1
| #define HAVE_STRINGS_H 1
| #define HAVE_SYS_TYPES_H 1
| #define HAVE_SYS_STAT_H 1
| #define HAVE_SYS_SELECT_H 1
| #define HAVE_SYS_PRCTL_H 1
| #define HAVE_DECL_GETIFADDRS 1
| #define HAVE_DECL_FREEIFADDRS 1
| #define HAVE_DECL_STRNLEN 1
| #define HAVE_DECL_DAEMON 1
| #define HAVE_DECL_LE16TOH 1
| #define HAVE_DECL_LE32TOH 1
| #define HAVE_DECL_LE64TOH 1
| #define HAVE_DECL_HTOLE16 1
| #define HAVE_DECL_HTOLE32 1
| #define HAVE_DECL_HTOLE64 1
| #define HAVE_DECL_BE16TOH 1
| #define HAVE_DECL_BE32TOH 1
| #define HAVE_DECL_BE64TOH 1
| #define HAVE_DECL_HTOBE16 1
| #define HAVE_DECL_HTOBE32 1
| #define HAVE_DECL_HTOBE64 1
| #define HAVE_DECL_BSWAP_16 1
| #define HAVE_DECL_BSWAP_32 1
| #define HAVE_DECL_BSWAP_64 1
| #define HAVE_DECL___BUILTIN_CLZ 1
| #define HAVE_DECL___BUILTIN_CLZL 1
| #define HAVE_DECL___BUILTIN_CLZLL 1
| #define HAVE_MALLOC_INFO 1
| #define HAVE_MALLOPT_ARENA_MAX 1
| #define HAVE_VISIBILITY_ATTRIBUTE 1
| #define HAVE_THREAD_LOCAL 1
| #define HAVE_SYS_GETRANDOM 1
| #define HAVE_GETENTROPY 1
| #define HAVE_GETENTROPY_RAND 1
| #define HAVE_MINIUPNPC_MINIWGET_H 1
| #define HAVE_MINIUPNPC_MINIUPNPC_H 1
| #define HAVE_MINIUPNPC_UPNPCOMMANDS_H 1
| #define HAVE_MINIUPNPC_UPNPERRORS_H 1
| #define QT_STATICPLUGIN 1
| #define QT_STATICPLUGIN 1
| #define QT_QPA_PLATFORM_MINIMAL 1
| #define QT_QPA_PLATFORM_XCB 1
| #define HAVE_BOOST /**/
| #define HAVE_BOOST_SYSTEM /**/
| #define HAVE_BOOST_FILESYSTEM /**/
| #define HAVE_BOOST_THREAD /**/
| #define HAVE_BOOST_CHRONO /**/
| #define HAVE_WORKING_BOOST_SLEEP_FOR 1
| #define ENABLE_ZMQ 1
| /* end confdefs.h.  */
| #include <stdio.h>
| #ifdef HAVE_SYS_TYPES_H
| # include <sys/types.h>
| #endif
| #ifdef HAVE_SYS_STAT_H
| # include <sys/stat.h>
| #endif
| #ifdef STDC_HEADERS
| # include <stdlib.h>
| # include <stddef.h>
| #else
| # ifdef HAVE_STDLIB_H
| #  include <stdlib.h>
| # endif
| #endif
| #ifdef HAVE_STRING_H
| # if !defined STDC_HEADERS && defined HAVE_MEMORY_H
| #  include <memory.h>
| # endif
| # include <string.h>
| #endif
| #ifdef HAVE_STRINGS_H
| # include <strings.h>
| #endif
| #ifdef HAVE_INTTYPES_H
| # include <inttypes.h>
| #endif
| #ifdef HAVE_STDINT_H
| # include <stdint.h>
| #endif
| #ifdef HAVE_UNISTD_H
| # include <unistd.h>
| #endif
| #include <openssl/x509_vfy.h>
| 
| 
| int
| main ()
| {
| #ifndef EVP_MD_CTX_new
| #ifdef __cplusplus
|   (void) EVP_MD_CTX_new;
| #else
|   (void) EVP_MD_CTX_new;
| #endif
| #endif
| 
|   ;
|   return 0;
| }
configure:31754: result: no
configure:31775: checking rapidcheck.h usability
configure:31775: g++ -m64 -std=c++11 -c -pipe -O2  -I/home/administrator/walletbuilders/build_environment/litecoin/0.18.1/depends/x86_64-pc-linux/share/../include/  -DHAVE_BUILD_INFO -D__STDC_FORMAT_MACROS conftest.cpp >&5
conftest.cpp:120:10: fatal error: rapidcheck.h: No such file or directory
 #include <rapidcheck.h>
          ^~~~~~~~~~~~~~
compilation terminated.
configure:31775: $? = 1
configure: failed program was:
| /* confdefs.h */
| #define PACKAGE_NAME "Ferrite Core"
| #define PACKAGE_TARNAME "ferrite"
| #define PACKAGE_VERSION "1.0.0"
| #define PACKAGE_STRING "Ferrite Core 1.0.0"
| #define PACKAGE_BUGREPORT "https://github.com/ferrite-project/ferrite/issues"
| #define PACKAGE_URL "https://ferrite.org/"
| #define HAVE_CXX11 1
| #define STDC_HEADERS 1
| #define HAVE_SYS_TYPES_H 1
| #define HAVE_SYS_STAT_H 1
| #define HAVE_STDLIB_H 1
| #define HAVE_STRING_H 1
| #define HAVE_MEMORY_H 1
| #define HAVE_STRINGS_H 1
| #define HAVE_INTTYPES_H 1
| #define HAVE_STDINT_H 1
| #define HAVE_UNISTD_H 1
| #define HAVE_DLFCN_H 1
| #define LT_OBJDIR ".libs/"
| #define USE_ASM 1
| #define ENABLE_SSE41 1
| #define ENABLE_AVX2 1
| #define ENABLE_SHANI 1
| #define HAVE_PTHREAD_PRIO_INHERIT 1
| #define HAVE_PTHREAD 1
| #define HAVE_DECL_STRERROR_R 1
| #define HAVE_STRERROR_R 1
| #define STRERROR_R_CHAR_P 1
| #define HAVE_FUNC_ATTRIBUTE_VISIBILITY 1
| #define HAVE_ENDIAN_H 1
| #define HAVE_BYTESWAP_H 1
| #define HAVE_STDIO_H 1
| #define HAVE_STDLIB_H 1
| #define HAVE_UNISTD_H 1
| #define HAVE_STRINGS_H 1
| #define HAVE_SYS_TYPES_H 1
| #define HAVE_SYS_STAT_H 1
| #define HAVE_SYS_SELECT_H 1
| #define HAVE_SYS_PRCTL_H 1
| #define HAVE_DECL_GETIFADDRS 1
| #define HAVE_DECL_FREEIFADDRS 1
| #define HAVE_DECL_STRNLEN 1
| #define HAVE_DECL_DAEMON 1
| #define HAVE_DECL_LE16TOH 1
| #define HAVE_DECL_LE32TOH 1
| #define HAVE_DECL_LE64TOH 1
| #define HAVE_DECL_HTOLE16 1
| #define HAVE_DECL_HTOLE32 1
| #define HAVE_DECL_HTOLE64 1
| #define HAVE_DECL_BE16TOH 1
| #define HAVE_DECL_BE32TOH 1
| #define HAVE_DECL_BE64TOH 1
| #define HAVE_DECL_HTOBE16 1
| #define HAVE_DECL_HTOBE32 1
| #define HAVE_DECL_HTOBE64 1
| #define HAVE_DECL_BSWAP_16 1
| #define HAVE_DECL_BSWAP_32 1
| #define HAVE_DECL_BSWAP_64 1
| #define HAVE_DECL___BUILTIN_CLZ 1
| #define HAVE_DECL___BUILTIN_CLZL 1
| #define HAVE_DECL___BUILTIN_CLZLL 1
| #define HAVE_MALLOC_INFO 1
| #define HAVE_MALLOPT_ARENA_MAX 1
| #define HAVE_VISIBILITY_ATTRIBUTE 1
| #define HAVE_THREAD_LOCAL 1
| #define HAVE_SYS_GETRANDOM 1
| #define HAVE_GETENTROPY 1
| #define HAVE_GETENTROPY_RAND 1
| #define HAVE_MINIUPNPC_MINIWGET_H 1
| #define HAVE_MINIUPNPC_MINIUPNPC_H 1
| #define HAVE_MINIUPNPC_UPNPCOMMANDS_H 1
| #define HAVE_MINIUPNPC_UPNPERRORS_H 1
| #define QT_STATICPLUGIN 1
| #define QT_STATICPLUGIN 1
| #define QT_QPA_PLATFORM_MINIMAL 1
| #define QT_QPA_PLATFORM_XCB 1
| #define HAVE_BOOST /**/
| #define HAVE_BOOST_SYSTEM /**/
| #define HAVE_BOOST_FILESYSTEM /**/
| #define HAVE_BOOST_THREAD /**/
| #define HAVE_BOOST_CHRONO /**/
| #define HAVE_WORKING_BOOST_SLEEP_FOR 1
| #define ENABLE_ZMQ 1
| #define HAVE_DECL_EVP_MD_CTX_NEW 0
| /* end confdefs.h.  */
| #include <stdio.h>
| #ifdef HAVE_SYS_TYPES_H
| # include <sys/types.h>
| #endif
| #ifdef HAVE_SYS_STAT_H
| # include <sys/stat.h>
| #endif
| #ifdef STDC_HEADERS
| # include <stdlib.h>
| # include <stddef.h>
| #else
| # ifdef HAVE_STDLIB_H
| #  include <stdlib.h>
| # endif
| #endif
| #ifdef HAVE_STRING_H
| # if !defined STDC_HEADERS && defined HAVE_MEMORY_H
| #  include <memory.h>
| # endif
| # include <string.h>
| #endif
| #ifdef HAVE_STRINGS_H
| # include <strings.h>
| #endif
| #ifdef HAVE_INTTYPES_H
| # include <inttypes.h>
| #endif
| #ifdef HAVE_STDINT_H
| # include <stdint.h>
| #endif
| #ifdef HAVE_UNISTD_H
| # include <unistd.h>
| #endif
| #include <rapidcheck.h>
configure:31775: result: no
configure:31775: checking rapidcheck.h presence
configure:31775: g++ -m64 -std=c++11 -E -I/home/administrator/walletbuilders/build_environment/litecoin/0.18.1/depends/x86_64-pc-linux/share/../include/  -DHAVE_BUILD_INFO -D__STDC_FORMAT_MACROS conftest.cpp
conftest.cpp:87:10: fatal error: rapidcheck.h: No such file or directory
 #include <rapidcheck.h>
          ^~~~~~~~~~~~~~
compilation terminated.
configure:31775: $? = 1
configure: failed program was:
| /* confdefs.h */
| #define PACKAGE_NAME "Ferrite Core"
| #define PACKAGE_TARNAME "ferrite"
| #define PACKAGE_VERSION "1.0.0"
| #define PACKAGE_STRING "Ferrite Core 1.0.0"
| #define PACKAGE_BUGREPORT "https://github.com/ferrite-project/ferrite/issues"
| #define PACKAGE_URL "https://ferrite.org/"
| #define HAVE_CXX11 1
| #define STDC_HEADERS 1
| #define HAVE_SYS_TYPES_H 1
| #define HAVE_SYS_STAT_H 1
| #define HAVE_STDLIB_H 1
| #define HAVE_STRING_H 1
| #define HAVE_MEMORY_H 1
| #define HAVE_STRINGS_H 1
| #define HAVE_INTTYPES_H 1
| #define HAVE_STDINT_H 1
| #define HAVE_UNISTD_H 1
| #define HAVE_DLFCN_H 1
| #define LT_OBJDIR ".libs/"
| #define USE_ASM 1
| #define ENABLE_SSE41 1
| #define ENABLE_AVX2 1
| #define ENABLE_SHANI 1
| #define HAVE_PTHREAD_PRIO_INHERIT 1
| #define HAVE_PTHREAD 1
| #define HAVE_DECL_STRERROR_R 1
| #define HAVE_STRERROR_R 1
| #define STRERROR_R_CHAR_P 1
| #define HAVE_FUNC_ATTRIBUTE_VISIBILITY 1
| #define HAVE_ENDIAN_H 1
| #define HAVE_BYTESWAP_H 1
| #define HAVE_STDIO_H 1
| #define HAVE_STDLIB_H 1
| #define HAVE_UNISTD_H 1
| #define HAVE_STRINGS_H 1
| #define HAVE_SYS_TYPES_H 1
| #define HAVE_SYS_STAT_H 1
| #define HAVE_SYS_SELECT_H 1
| #define HAVE_SYS_PRCTL_H 1
| #define HAVE_DECL_GETIFADDRS 1
| #define HAVE_DECL_FREEIFADDRS 1
| #define HAVE_DECL_STRNLEN 1
| #define HAVE_DECL_DAEMON 1
| #define HAVE_DECL_LE16TOH 1
| #define HAVE_DECL_LE32TOH 1
| #define HAVE_DECL_LE64TOH 1
| #define HAVE_DECL_HTOLE16 1
| #define HAVE_DECL_HTOLE32 1
| #define HAVE_DECL_HTOLE64 1
| #define HAVE_DECL_BE16TOH 1
| #define HAVE_DECL_BE32TOH 1
| #define HAVE_DECL_BE64TOH 1
| #define HAVE_DECL_HTOBE16 1
| #define HAVE_DECL_HTOBE32 1
| #define HAVE_DECL_HTOBE64 1
| #define HAVE_DECL_BSWAP_16 1
| #define HAVE_DECL_BSWAP_32 1
| #define HAVE_DECL_BSWAP_64 1
| #define HAVE_DECL___BUILTIN_CLZ 1
| #define HAVE_DECL___BUILTIN_CLZL 1
| #define HAVE_DECL___BUILTIN_CLZLL 1
| #define HAVE_MALLOC_INFO 1
| #define HAVE_MALLOPT_ARENA_MAX 1
| #define HAVE_VISIBILITY_ATTRIBUTE 1
| #define HAVE_THREAD_LOCAL 1
| #define HAVE_SYS_GETRANDOM 1
| #define HAVE_GETENTROPY 1
| #define HAVE_GETENTROPY_RAND 1
| #define HAVE_MINIUPNPC_MINIWGET_H 1
| #define HAVE_MINIUPNPC_MINIUPNPC_H 1
| #define HAVE_MINIUPNPC_UPNPCOMMANDS_H 1
| #define HAVE_MINIUPNPC_UPNPERRORS_H 1
| #define QT_STATICPLUGIN 1
| #define QT_STATICPLUGIN 1
| #define QT_QPA_PLATFORM_MINIMAL 1
| #define QT_QPA_PLATFORM_XCB 1
| #define HAVE_BOOST /**/
| #define HAVE_BOOST_SYSTEM /**/
| #define HAVE_BOOST_FILESYSTEM /**/
| #define HAVE_BOOST_THREAD /**/
| #define HAVE_BOOST_CHRONO /**/
| #define HAVE_WORKING_BOOST_SLEEP_FOR 1
| #define ENABLE_ZMQ 1
| #define HAVE_DECL_EVP_MD_CTX_NEW 0
| /* end confdefs.h.  */
| #include <rapidcheck.h>
configure:31775: result: no
configure:31775: checking for rapidcheck.h
configure:31775: result: no
configure:31980: checking for protoc
configure:31998: found /home/administrator/walletbuilders/build_environment/litecoin/0.18.1/depends/x86_64-pc-linux/share/../native/bin/protoc
configure:32010: result: /home/administrator/walletbuilders/build_environment/litecoin/0.18.1/depends/x86_64-pc-linux/share/../native/bin/protoc
configure:32091: checking whether to build ferrited
configure:32101: result: yes
configure:32104: checking whether to build ferrite-cli
configure:32114: result: yes
configure:32117: checking whether to build ferrite-tx
configure:32127: result: yes
configure:32130: checking whether to build ferrite-wallet
configure:32140: result: yes
configure:32143: checking whether to build libraries
configure:32160: result: yes
configure:32171: checking if ccache should be used
configure:32184: result: no
configure:32225: checking if wallet should be enabled
configure:32228: result: yes
configure:32241: checking whether to build with support for UPnP
configure:32251: result: yes
configure:32253: checking whether to build with UPnP enabled by default
configure:32261: result: no
configure:32279: checking whether to build GUI with support for D-Bus
configure:32286: result: yes
configure:32289: checking whether to build GUI with support for QR codes
configure:32299: result: yes
configure:32316: checking whether to build test_ferrite-qt
configure:32323: result: no
configure:32327: checking whether to build BIP70 support
configure:32342: result: yes
configure:32360: checking whether to build test_ferrite
configure:32367: result: no
configure:32372: checking whether to enable sse2 instructions
configure:32383: result: no
configure:32387: checking whether to reduce exports
configure:32393: result: no
configure:32807: checking that generated files are newer than configure
configure:32813: result: done
configure:32973: creating ./config.status

## ---------------------- ##
## Running config.status. ##
## ---------------------- ##

This file was extended by Ferrite Core config.status 1.0.0, which was
generated by GNU Autoconf 2.69.  Invocation command line was

  CONFIG_FILES    = 
  CONFIG_HEADERS  = 
  CONFIG_LINKS    = 
  CONFIG_COMMANDS = 
  $ ./config.status 

on bld

config.status:1536: creating libbitcoinconsensus.pc
config.status:1536: creating Makefile
config.status:1536: creating src/Makefile
config.status:1536: creating doc/man/Makefile
config.status:1536: creating share/setup.nsi
config.status:1536: creating share/qt/Info.plist
config.status:1536: creating test/config.ini
config.status:1536: creating contrib/devtools/split-debug.sh
config.status:1536: creating doc/Doxyfile
config.status:1536: creating src/config/bitcoin-config.h
config.status:1796: executing depfiles commands
config.status:1796: executing libtool commands
configure:35496: === configuring in src/univalue (/tmp/upgrade-wallet/ferrite/src/univalue)
configure:35559: running /bin/bash ./configure --disable-option-checking '--prefix=/usr/local'  '--disable-tests' '--disable-bench' '--disable-shared' '--with-pic' '--with-bignum=no' '--enable-module-recovery' '--disable-jni' --cache-file=/dev/null --srcdir=.
configure:35496: === configuring in src/secp256k1 (/tmp/upgrade-wallet/ferrite/src/secp256k1)
configure:35559: running /bin/bash ./configure --disable-option-checking '--prefix=/usr/local'  '--disable-tests' '--disable-bench' '--disable-shared' '--with-pic' '--with-bignum=no' '--enable-module-recovery' '--disable-jni' --cache-file=/dev/null --srcdir=.
configure:35578: result: Fixing libtool for -rpath problems.

## ---------------- ##
## Cache variables. ##
## ---------------- ##

ac_cv_build=x86_64-pc-linux-gnu
ac_cv_c_bigendian=no
ac_cv_c_compiler_gnu=yes
ac_cv_cxx_compiler_gnu=yes
ac_cv_env_ARFLAGS_set=
ac_cv_env_ARFLAGS_value=
ac_cv_env_BDB_CFLAGS_set=
ac_cv_env_BDB_CFLAGS_value=
ac_cv_env_BDB_LIBS_set=
ac_cv_env_BDB_LIBS_value=
ac_cv_env_CCC_set=
ac_cv_env_CCC_value=
ac_cv_env_CC_set=
ac_cv_env_CC_value=
ac_cv_env_CFLAGS_set=
ac_cv_env_CFLAGS_value=
ac_cv_env_CPPFLAGS_set=
ac_cv_env_CPPFLAGS_value=
ac_cv_env_CPP_set=
ac_cv_env_CPP_value=
ac_cv_env_CRYPTO_CFLAGS_set=
ac_cv_env_CRYPTO_CFLAGS_value=
ac_cv_env_CRYPTO_LIBS_set=
ac_cv_env_CRYPTO_LIBS_value=
ac_cv_env_CXXCPP_set=
ac_cv_env_CXXCPP_value=
ac_cv_env_CXXFLAGS_set=
ac_cv_env_CXXFLAGS_value=
ac_cv_env_CXX_set=
ac_cv_env_CXX_value=
ac_cv_env_EVENT_CFLAGS_set=
ac_cv_env_EVENT_CFLAGS_value=
ac_cv_env_EVENT_LIBS_set=
ac_cv_env_EVENT_LIBS_value=
ac_cv_env_EVENT_PTHREADS_CFLAGS_set=
ac_cv_env_EVENT_PTHREADS_CFLAGS_value=
ac_cv_env_EVENT_PTHREADS_LIBS_set=
ac_cv_env_EVENT_PTHREADS_LIBS_value=
ac_cv_env_LDFLAGS_set=
ac_cv_env_LDFLAGS_value=
ac_cv_env_LIBS_set=
ac_cv_env_LIBS_value=
ac_cv_env_LT_SYS_LIBRARY_PATH_set=
ac_cv_env_LT_SYS_LIBRARY_PATH_value=
ac_cv_env_OBJCXXFLAGS_set=
ac_cv_env_OBJCXXFLAGS_value=
ac_cv_env_OBJCXX_set=
ac_cv_env_OBJCXX_value=
ac_cv_env_PKG_CONFIG_LIBDIR_set=
ac_cv_env_PKG_CONFIG_LIBDIR_value=
ac_cv_env_PKG_CONFIG_PATH_set=
ac_cv_env_PKG_CONFIG_PATH_value=
ac_cv_env_PKG_CONFIG_set=
ac_cv_env_PKG_CONFIG_value=
ac_cv_env_PROTOBUF_CFLAGS_set=
ac_cv_env_PROTOBUF_CFLAGS_value=
ac_cv_env_PROTOBUF_LIBS_set=
ac_cv_env_PROTOBUF_LIBS_value=
ac_cv_env_PYTHONPATH_set=
ac_cv_env_PYTHONPATH_value=
ac_cv_env_QR_CFLAGS_set=
ac_cv_env_QR_CFLAGS_value=
ac_cv_env_QR_LIBS_set=
ac_cv_env_QR_LIBS_value=
ac_cv_env_QT5_CFLAGS_set=
ac_cv_env_QT5_CFLAGS_value=
ac_cv_env_QT5_LIBS_set=
ac_cv_env_QT5_LIBS_value=
ac_cv_env_QTACCESSIBILITY_CFLAGS_set=
ac_cv_env_QTACCESSIBILITY_CFLAGS_value=
ac_cv_env_QTACCESSIBILITY_LIBS_set=
ac_cv_env_QTACCESSIBILITY_LIBS_value=
ac_cv_env_QTCGL_CFLAGS_set=
ac_cv_env_QTCGL_CFLAGS_value=
ac_cv_env_QTCGL_LIBS_set=
ac_cv_env_QTCGL_LIBS_value=
ac_cv_env_QTCLIPBOARD_CFLAGS_set=
ac_cv_env_QTCLIPBOARD_CFLAGS_value=
ac_cv_env_QTCLIPBOARD_LIBS_set=
ac_cv_env_QTCLIPBOARD_LIBS_value=
ac_cv_env_QTDEVICEDISCOVERY_CFLAGS_set=
ac_cv_env_QTDEVICEDISCOVERY_CFLAGS_value=
ac_cv_env_QTDEVICEDISCOVERY_LIBS_set=
ac_cv_env_QTDEVICEDISCOVERY_LIBS_value=
ac_cv_env_QTEVENTDISPATCHER_CFLAGS_set=
ac_cv_env_QTEVENTDISPATCHER_CFLAGS_value=
ac_cv_env_QTEVENTDISPATCHER_LIBS_set=
ac_cv_env_QTEVENTDISPATCHER_LIBS_value=
ac_cv_env_QTFB_CFLAGS_set=
ac_cv_env_QTFB_CFLAGS_value=
ac_cv_env_QTFB_LIBS_set=
ac_cv_env_QTFB_LIBS_value=
ac_cv_env_QTFONTDATABASE_CFLAGS_set=
ac_cv_env_QTFONTDATABASE_CFLAGS_value=
ac_cv_env_QTFONTDATABASE_LIBS_set=
ac_cv_env_QTFONTDATABASE_LIBS_value=
ac_cv_env_QTGRAPHICS_CFLAGS_set=
ac_cv_env_QTGRAPHICS_CFLAGS_value=
ac_cv_env_QTGRAPHICS_LIBS_set=
ac_cv_env_QTGRAPHICS_LIBS_value=
ac_cv_env_QTPLATFORM_CFLAGS_set=
ac_cv_env_QTPLATFORM_CFLAGS_value=
ac_cv_env_QTPLATFORM_LIBS_set=
ac_cv_env_QTPLATFORM_LIBS_value=
ac_cv_env_QTTHEME_CFLAGS_set=
ac_cv_env_QTTHEME_CFLAGS_value=
ac_cv_env_QTTHEME_LIBS_set=
ac_cv_env_QTTHEME_LIBS_value=
ac_cv_env_QTXCBQPA_CFLAGS_set=
ac_cv_env_QTXCBQPA_CFLAGS_value=
ac_cv_env_QTXCBQPA_LIBS_set=
ac_cv_env_QTXCBQPA_LIBS_value=
ac_cv_env_QT_DBUS_CFLAGS_set=
ac_cv_env_QT_DBUS_CFLAGS_value=
ac_cv_env_QT_DBUS_LIBS_set=
ac_cv_env_QT_DBUS_LIBS_value=
ac_cv_env_QT_TEST_CFLAGS_set=
ac_cv_env_QT_TEST_CFLAGS_value=
ac_cv_env_QT_TEST_LIBS_set=
ac_cv_env_QT_TEST_LIBS_value=
ac_cv_env_SSL_CFLAGS_set=
ac_cv_env_SSL_CFLAGS_value=
ac_cv_env_SSL_LIBS_set=
ac_cv_env_SSL_LIBS_value=
ac_cv_env_UNIVALUE_CFLAGS_set=
ac_cv_env_UNIVALUE_CFLAGS_value=
ac_cv_env_UNIVALUE_LIBS_set=
ac_cv_env_UNIVALUE_LIBS_value=
ac_cv_env_X11XCB_CFLAGS_set=
ac_cv_env_X11XCB_CFLAGS_value=
ac_cv_env_X11XCB_LIBS_set=
ac_cv_env_X11XCB_LIBS_value=
ac_cv_env_ZMQ_CFLAGS_set=
ac_cv_env_ZMQ_CFLAGS_value=
ac_cv_env_ZMQ_LIBS_set=
ac_cv_env_ZMQ_LIBS_value=
ac_cv_env_build_alias_set=
ac_cv_env_build_alias_value=
ac_cv_env_host_alias_set=
ac_cv_env_host_alias_value=
ac_cv_env_target_alias_set=
ac_cv_env_target_alias_value=
ac_cv_func_strerror_r=yes
ac_cv_func_strerror_r_char_p=yes
ac_cv_have_decl_EVP_MD_CTX_new=no
ac_cv_have_decl___builtin_clz=yes
ac_cv_have_decl___builtin_clzl=yes
ac_cv_have_decl___builtin_clzll=yes
ac_cv_have_decl_be16toh=yes
ac_cv_have_decl_be32toh=yes
ac_cv_have_decl_be64toh=yes
ac_cv_have_decl_bswap_16=yes
ac_cv_have_decl_bswap_32=yes
ac_cv_have_decl_bswap_64=yes
ac_cv_have_decl_daemon=yes
ac_cv_have_decl_freeifaddrs=yes
ac_cv_have_decl_getifaddrs=yes
ac_cv_have_decl_htobe16=yes
ac_cv_have_decl_htobe32=yes
ac_cv_have_decl_htobe64=yes
ac_cv_have_decl_htole16=yes
ac_cv_have_decl_htole32=yes
ac_cv_have_decl_htole64=yes
ac_cv_have_decl_le16toh=yes
ac_cv_have_decl_le32toh=yes
ac_cv_have_decl_le64toh=yes
ac_cv_have_decl_strerror_r=yes
ac_cv_have_decl_strnlen=yes
ac_cv_header_byteswap_h=yes
ac_cv_header_dlfcn_h=yes
ac_cv_header_endian_h=yes
ac_cv_header_inttypes_h=yes
ac_cv_header_memory_h=yes
ac_cv_header_miniupnpc_miniupnpc_h=yes
ac_cv_header_miniupnpc_miniwget_h=yes
ac_cv_header_miniupnpc_upnpcommands_h=yes
ac_cv_header_miniupnpc_upnperrors_h=yes
ac_cv_header_rapidcheck_h=no
ac_cv_header_stdc=yes
ac_cv_header_stdint_h=yes
ac_cv_header_stdio_h=yes
ac_cv_header_stdlib_h=yes
ac_cv_header_string_h=yes
ac_cv_header_strings_h=yes
ac_cv_header_sys_endian_h=no
ac_cv_header_sys_prctl_h=yes
ac_cv_header_sys_select_h=yes
ac_cv_header_sys_stat_h=yes
ac_cv_header_sys_types_h=yes
ac_cv_header_unistd_h=yes
ac_cv_host=x86_64-pc-linux-gnu
ac_cv_lib_boost_chrono_mt___exit=yes
ac_cv_lib_boost_filesystem_mt___exit=yes
ac_cv_lib_boost_system_mt___exit=yes
ac_cv_lib_boost_thread_mt___exit=yes
ac_cv_lib_db_cxx_4_8___main=yes
ac_cv_lib_miniupnpc_upnpDiscover=yes
ac_cv_objcxx_compiler_gnu=no
ac_cv_objext=o
ac_cv_path_DOXYGEN=/usr/bin/doxygen
ac_cv_path_EGREP='/bin/grep -E'
ac_cv_path_FGREP='/bin/grep -F'
ac_cv_path_GIT=/usr/bin/git
ac_cv_path_GREP=/bin/grep
ac_cv_path_HEXDUMP=/usr/bin/hexdump
ac_cv_path_LRELEASE=/home/administrator/walletbuilders/build_environment/litecoin/0.18.1/depends/x86_64-pc-linux/share/../native/bin/lrelease
ac_cv_path_LUPDATE=/home/administrator/walletbuilders/build_environment/litecoin/0.18.1/depends/x86_64-pc-linux/share/../native/bin/lupdate
ac_cv_path_MOC=/home/administrator/walletbuilders/build_environment/litecoin/0.18.1/depends/x86_64-pc-linux/share/../native/bin/moc
ac_cv_path_PKG_CONFIG='/usr/bin/pkg-config --static'
ac_cv_path_PROTOC=/home/administrator/walletbuilders/build_environment/litecoin/0.18.1/depends/x86_64-pc-linux/share/../native/bin/protoc
ac_cv_path_PYTHON=/usr/bin/python3.6
ac_cv_path_RCC=/home/administrator/walletbuilders/build_environment/litecoin/0.18.1/depends/x86_64-pc-linux/share/../native/bin/rcc
ac_cv_path_SED=/bin/sed
ac_cv_path_UIC=/home/administrator/walletbuilders/build_environment/litecoin/0.18.1/depends/x86_64-pc-linux/share/../native/bin/uic
ac_cv_path_XGETTEXT=/usr/bin/xgettext
ac_cv_path_ac_pt_AR=ar
ac_cv_path_ac_pt_CPPFILT=/usr/bin/c++filt
ac_cv_path_ac_pt_GCOV=/usr/bin/gcov
ac_cv_path_ac_pt_NM=nm
ac_cv_path_ac_pt_OBJCOPY=/usr/bin/objcopy
ac_cv_path_ac_pt_RANLIB=ranlib
ac_cv_path_ac_pt_READELF=/usr/bin/readelf
ac_cv_path_ac_pt_STRIP=/usr/bin/strip
ac_cv_path_install='/usr/bin/install -c'
ac_cv_path_lt_DD=/bin/dd
ac_cv_path_mkdir=/bin/mkdir
ac_cv_prog_AR=ar
ac_cv_prog_AWK=gawk
ac_cv_prog_CC='gcc -m64'
ac_cv_prog_CPP='gcc -m64 -E'
ac_cv_prog_CXXCPP='g++ -m64 -std=c++11 -E'
ac_cv_prog_OBJCXX='g++ -m64 -std=c++11'
ac_cv_prog_RANLIB=ranlib
ac_cv_prog_STRIP=strip
ac_cv_prog_ac_ct_MANIFEST_TOOL=mt
ac_cv_prog_ac_ct_OBJDUMP=objdump
ac_cv_prog_ac_ct_STRIP=strip
ac_cv_prog_cc_c89=
ac_cv_prog_cc_g=yes
ac_cv_prog_cxx_g=yes
ac_cv_prog_make_make_set=yes
ac_cv_prog_objcxx_g=no
ac_cv_search_clock_gettime='none required'
ac_cv_sys_file_offset_bits=no
ac_cv_sys_largefile_CC=no
am_cv_CC_dependencies_compiler_type=gcc3
am_cv_CXX_dependencies_compiler_type=gcc3
am_cv_OBJCXX_dependencies_compiler_type=gcc3
am_cv_make_support_nested_variables=yes
am_cv_prog_cc_c_o=yes
ax_cv_PTHREAD_CLANG=no
ax_cv_PTHREAD_JOINABLE_ATTR=PTHREAD_CREATE_JOINABLE
ax_cv_PTHREAD_PRIO_INHERIT=yes
ax_cv_PTHREAD_SPECIAL_FLAGS=no
ax_cv_boost_chrono=yes
ax_cv_boost_filesystem=yes
ax_cv_boost_system=yes
ax_cv_boost_thread=yes
ax_cv_check_cxxcppflags___D_FORTIFY_SOURCE_2=yes
ax_cv_check_cxxcppflags___U_FORTIFY_SOURCE=yes
ax_cv_check_cxxflags___Werror=yes
ax_cv_check_cxxflags___Wstack_protector=yes
ax_cv_check_cxxflags___fPIC=yes
ax_cv_check_cxxflags___fstack_protector_all=yes
ax_cv_check_cxxflags___fstack_reuse_none=yes
ax_cv_check_cxxflags__mavx__mavx2=yes
ax_cv_check_cxxflags__msse4_1=yes
ax_cv_check_cxxflags__msse4_2=yes
ax_cv_check_cxxflags__msse4__msha=yes
ax_cv_check_ldflags___Wl___dynamicbase=no
ax_cv_check_ldflags___Wl___high_entropy_va=no
ax_cv_check_ldflags___Wl___large_address_aware=no
ax_cv_check_ldflags___Wl___nxcompat=no
ax_cv_check_ldflags___Wl__z_now=yes
ax_cv_check_ldflags___Wl__z_relro=yes
ax_cv_check_ldflags__fPIE__pie=yes
ax_cv_cxx_compile_cxx11__std_cpp11=yes
ax_cv_have_func_attribute_dllexport=no
ax_cv_have_func_attribute_dllimport=no
ax_cv_have_func_attribute_visibility=yes
bitcoin_cv_static_qt=yes
lt_cv_ar_at_file=@
lt_cv_archive_cmds_need_lc=no
lt_cv_deplibs_check_method=pass_all
lt_cv_file_magic_cmd='$MAGIC_CMD'
lt_cv_file_magic_test_file=
lt_cv_ld_reload_flag=-r
lt_cv_nm_interface='BSD nm'
lt_cv_objdir=.libs
lt_cv_path_LD=/usr/bin/ld
lt_cv_path_LDCXX='/usr/bin/ld -m elf_x86_64'
lt_cv_path_NM=nm
lt_cv_path_mainfest_tool=no
lt_cv_prog_compiler_c_o=yes
lt_cv_prog_compiler_c_o_CXX=yes
lt_cv_prog_compiler_pic='-fPIC -DPIC'
lt_cv_prog_compiler_pic_CXX='-fPIC -DPIC'
lt_cv_prog_compiler_pic_works=yes
lt_cv_prog_compiler_pic_works_CXX=yes
lt_cv_prog_compiler_rtti_exceptions=no
lt_cv_prog_compiler_static_works=yes
lt_cv_prog_compiler_static_works_CXX=yes
lt_cv_prog_gnu_ld=yes
lt_cv_prog_gnu_ldcxx=yes
lt_cv_sharedlib_from_linklib_cmd='printf %s\n'
lt_cv_shlibpath_overrides_runpath=yes
lt_cv_sys_global_symbol_pipe='sed -n -e '\''s/^.*[	 ]\([ABCDGIRSTW][ABCDGIRSTW]*\)[	 ][	 ]*\([_A-Za-z][_A-Za-z0-9]*\)$/\1 \2 \2/p'\'' | sed '\''/ __gnu_lto/d'\'''
lt_cv_sys_global_symbol_to_c_name_address='sed -n -e '\''s/^: \(.*\) .*$/  {"\1", (void *) 0},/p'\'' -e '\''s/^[ABCDGIRSTW][ABCDGIRSTW]* .* \(.*\)$/  {"\1", (void *) \&\1},/p'\'''
lt_cv_sys_global_symbol_to_c_name_address_lib_prefix='sed -n -e '\''s/^: \(.*\) .*$/  {"\1", (void *) 0},/p'\'' -e '\''s/^[ABCDGIRSTW][ABCDGIRSTW]* .* \(lib.*\)$/  {"\1", (void *) \&\1},/p'\'' -e '\''s/^[ABCDGIRSTW][ABCDGIRSTW]* .* \(.*\)$/  {"lib\1", (void *) \&\1},/p'\'''
lt_cv_sys_global_symbol_to_cdecl='sed -n -e '\''s/^T .* \(.*\)$/extern int \1();/p'\'' -e '\''s/^[ABCDGIRSTW][ABCDGIRSTW]* .* \(.*\)$/extern char \1;/p'\'''
lt_cv_sys_global_symbol_to_import=
lt_cv_sys_max_cmd_len=1572864
lt_cv_to_host_file_cmd=func_convert_file_noop
lt_cv_to_tool_file_cmd=func_convert_file_noop
lt_cv_truncate_bin='/bin/dd bs=4096 count=1'
pkg_cv_CRYPTO_CFLAGS=-I/home/administrator/walletbuilders/build_environment/litecoin/0.18.1/depends/x86_64-pc-linux/include
pkg_cv_CRYPTO_LIBS='-L/home/administrator/walletbuilders/build_environment/litecoin/0.18.1/depends/x86_64-pc-linux/lib -lcrypto -ldl'
pkg_cv_EVENT_CFLAGS=-I/home/administrator/walletbuilders/build_environment/litecoin/0.18.1/depends/x86_64-pc-linux/include
pkg_cv_EVENT_LIBS='-L/home/administrator/walletbuilders/build_environment/litecoin/0.18.1/depends/x86_64-pc-linux/lib -levent'
pkg_cv_EVENT_PTHREADS_CFLAGS='-pthread -I/home/administrator/walletbuilders/build_environment/litecoin/0.18.1/depends/x86_64-pc-linux/include'
pkg_cv_EVENT_PTHREADS_LIBS='-L/home/administrator/walletbuilders/build_environment/litecoin/0.18.1/depends/x86_64-pc-linux/lib -levent_pthreads -levent'
pkg_cv_PROTOBUF_CFLAGS='-pthread -I/home/administrator/walletbuilders/build_environment/litecoin/0.18.1/depends/x86_64-pc-linux/include'
pkg_cv_PROTOBUF_LIBS='-L/home/administrator/walletbuilders/build_environment/litecoin/0.18.1/depends/x86_64-pc-linux/lib -lprotobuf -pthread -lpthread -lz'
pkg_cv_QR_CFLAGS=-I/home/administrator/walletbuilders/build_environment/litecoin/0.18.1/depends/x86_64-pc-linux/include
pkg_cv_QR_LIBS='-L/home/administrator/walletbuilders/build_environment/litecoin/0.18.1/depends/x86_64-pc-linux/lib -lqrencode -lpthread'
pkg_cv_QT5_CFLAGS='-I/home/administrator/walletbuilders/build_environment/litecoin/0.18.1/depends/x86_64-pc-linux/include/QtNetwork -I/home/administrator/walletbuilders/build_environment/litecoin/0.18.1/depends/x86_64-pc-linux/include/QtWidgets -I/home/administrator/walletbuilders/build_environment/litecoin/0.18.1/depends/x86_64-pc-linux/include/QtGui -I/home/administrator/walletbuilders/build_environment/litecoin/0.18.1/depends/x86_64-pc-linux/include/QtCore'
pkg_cv_QT5_LIBS='-L/home/administrator/walletbuilders/build_environment/litecoin/0.18.1/depends/x86_64-pc-linux/lib -lQt5Network -lQt5Core -lm -lz -lqtpcre2 -ldl -lpthread -lz -lssl -lcrypto -lQt5Widgets -lQt5Gui -lqtlibpng -lqtharfbuzz -lQt5Core -lm -lz -lqtpcre2 -ldl -lpthread -lQt5Gui -lQt5Core -lm -lz -lqtpcre2 -ldl -lpthread -lqtlibpng -lqtharfbuzz -lz -lQt5Core -lpthread -lm -lz -lqtpcre2 -ldl'
pkg_cv_QTACCESSIBILITY_CFLAGS='-I/home/administrator/walletbuilders/build_environment/litecoin/0.18.1/depends/x86_64-pc-linux/include/QtAccessibilitySupport -I/home/administrator/walletbuilders/build_environment/litecoin/0.18.1/depends/x86_64-pc-linux/include/QtGui -I/home/administrator/walletbuilders/build_environment/litecoin/0.18.1/depends/x86_64-pc-linux/include/QtCore'
pkg_cv_QTACCESSIBILITY_LIBS='-L/home/administrator/walletbuilders/build_environment/litecoin/0.18.1/depends/x86_64-pc-linux/lib -lQt5AccessibilitySupport -lQt5Gui -lqtlibpng -lqtharfbuzz -lQt5Core -lm -lz -lqtpcre2 -ldl -lpthread -lQt5Gui -lQt5Core -lm -lz -lqtpcre2 -ldl -lpthread -lqtlibpng -lqtharfbuzz -lz -lQt5Core -lpthread -lm -lz -lqtpcre2 -ldl'
pkg_cv_QTDEVICEDISCOVERY_CFLAGS='-I/home/administrator/walletbuilders/build_environment/litecoin/0.18.1/depends/x86_64-pc-linux/include/QtDeviceDiscoverySupport -I/home/administrator/walletbuilders/build_environment/litecoin/0.18.1/depends/x86_64-pc-linux/include/QtCore'
pkg_cv_QTDEVICEDISCOVERY_LIBS='-L/home/administrator/walletbuilders/build_environment/litecoin/0.18.1/depends/x86_64-pc-linux/lib -lQt5DeviceDiscoverySupport -lQt5Core -lm -lz -lqtpcre2 -ldl -lpthread -lQt5Core -lpthread -lm -lz -lqtpcre2 -ldl'
pkg_cv_QTEVENTDISPATCHER_CFLAGS='-I/home/administrator/walletbuilders/build_environment/litecoin/0.18.1/depends/x86_64-pc-linux/include/QtEventDispatcherSupport -I/home/administrator/walletbuilders/build_environment/litecoin/0.18.1/depends/x86_64-pc-linux/include/QtGui -I/home/administrator/walletbuilders/build_environment/litecoin/0.18.1/depends/x86_64-pc-linux/include/QtCore'
pkg_cv_QTEVENTDISPATCHER_LIBS='-L/home/administrator/walletbuilders/build_environment/litecoin/0.18.1/depends/x86_64-pc-linux/lib -lQt5EventDispatcherSupport -lQt5Gui -lqtlibpng -lqtharfbuzz -lQt5Core -lm -lz -lqtpcre2 -ldl -lpthread -lQt5Gui -lQt5Core -lm -lz -lqtpcre2 -ldl -lpthread -lqtlibpng -lqtharfbuzz -lz -lQt5Core -lpthread -lm -lz -lqtpcre2 -ldl'
pkg_cv_QTFB_CFLAGS='-I/home/administrator/walletbuilders/build_environment/litecoin/0.18.1/depends/x86_64-pc-linux/include/QtFbSupport -I/home/administrator/walletbuilders/build_environment/litecoin/0.18.1/depends/x86_64-pc-linux/include/QtGui -I/home/administrator/walletbuilders/build_environment/litecoin/0.18.1/depends/x86_64-pc-linux/include/QtCore'
pkg_cv_QTFB_LIBS='-L/home/administrator/walletbuilders/build_environment/litecoin/0.18.1/depends/x86_64-pc-linux/lib -lQt5FbSupport -lQt5Gui -lqtlibpng -lqtharfbuzz -lQt5Core -lm -lz -lqtpcre2 -ldl -lpthread -lQt5Gui -lQt5Core -lm -lz -lqtpcre2 -ldl -lpthread -lqtlibpng -lqtharfbuzz -lz -lQt5Core -lpthread -lm -lz -lqtpcre2 -ldl'
pkg_cv_QTFONTDATABASE_CFLAGS='-I/home/administrator/walletbuilders/build_environment/litecoin/0.18.1/depends/x86_64-pc-linux/include/QtFontDatabaseSupport -I/home/administrator/walletbuilders/build_environment/litecoin/0.18.1/depends/x86_64-pc-linux/include/QtGui -I/home/administrator/walletbuilders/build_environment/litecoin/0.18.1/depends/x86_64-pc-linux/include/QtCore'
pkg_cv_QTFONTDATABASE_LIBS='-L/home/administrator/walletbuilders/build_environment/litecoin/0.18.1/depends/x86_64-pc-linux/lib -L//home/administrator/walletbuilders/build_environment/litecoin/0.18.1/depends/x86_64-pc-linux/lib -L/home/administrator/walletbuilders/build_environment/litecoin/0.18.1/depends/x86_64-pc-linux/lib -lQt5FontDatabaseSupport -lQt5Gui -lqtlibpng -lqtharfbuzz -lQt5Core -lm -lz -lqtpcre2 -ldl -lpthread -lfontconfig -lfreetype -lQt5Gui -lQt5Core -lm -lz -lqtpcre2 -ldl -lpthread -lqtlibpng -lqtharfbuzz -lz -lQt5Core -lpthread -lm -lz -lqtpcre2 -ldl'
pkg_cv_QTTHEME_CFLAGS='-I/home/administrator/walletbuilders/build_environment/litecoin/0.18.1/depends/x86_64-pc-linux/include/QtThemeSupport -I/home/administrator/walletbuilders/build_environment/litecoin/0.18.1/depends/x86_64-pc-linux/include/QtGui -I/home/administrator/walletbuilders/build_environment/litecoin/0.18.1/depends/x86_64-pc-linux/include/QtCore'
pkg_cv_QTTHEME_LIBS='-L/home/administrator/walletbuilders/build_environment/litecoin/0.18.1/depends/x86_64-pc-linux/lib -lQt5ThemeSupport -lQt5Gui -lqtlibpng -lqtharfbuzz -lQt5Core -lm -lz -lqtpcre2 -ldl -lpthread -lQt5DBus -lQt5Core -lpthread -lm -lz -lqtpcre2 -ldl -lQt5Gui -lQt5Core -lm -lz -lqtpcre2 -ldl -lpthread -lqtlibpng -lqtharfbuzz -lz -lQt5Core -lpthread -lm -lz -lqtpcre2 -ldl'
pkg_cv_QTXCBQPA_CFLAGS='-I/home/administrator/walletbuilders/build_environment/litecoin/0.18.1/depends/x86_64-pc-linux/include/QtXcbQpa -I/home/administrator/walletbuilders/build_environment/litecoin/0.18.1/depends/x86_64-pc-linux/include/QtServiceSupport -I/home/administrator/walletbuilders/build_environment/litecoin/0.18.1/depends/x86_64-pc-linux/include/QtThemeSupport -I/home/administrator/walletbuilders/build_environment/litecoin/0.18.1/depends/x86_64-pc-linux/include/QtEventDispatcherSupport -I/home/administrator/walletbuilders/build_environment/litecoin/0.18.1/depends/x86_64-pc-linux/include/QtFontDatabaseSupport -I/home/administrator/walletbuilders/build_environment/litecoin/0.18.1/depends/x86_64-pc-linux/include/QtGui -I/home/administrator/walletbuilders/build_environment/litecoin/0.18.1/depends/x86_64-pc-linux/include/QtCore'
pkg_cv_QTXCBQPA_LIBS='-L/home/administrator/walletbuilders/build_environment/litecoin/0.18.1/depends/x86_64-pc-linux/lib -L//home/administrator/walletbuilders/build_environment/litecoin/0.18.1/depends/x86_64-pc-linux/lib -L/home/administrator/walletbuilders/build_environment/litecoin/0.18.1/depends/x86_64-pc-linux/lib -L//home/administrator/walletbuilders/build_environment/litecoin/0.18.1/depends/x86_64-pc-linux/lib -L/home/administrator/walletbuilders/build_environment/litecoin/0.18.1/depends/x86_64-pc-linux/lib -lQt5XcbQpa -lQt5ServiceSupport -lQt5ThemeSupport -lQt5DBus -lQt5EventDispatcherSupport -lQt5FontDatabaseSupport -lfontconfig -lfreetype -lQt5Gui -lqtlibpng -lqtharfbuzz -lQt5Core -lm -lz -lqtpcre2 -lpthread -lX11-xcb -lX11 -lxcb-static -lxcb -ldl -lQt5ServiceSupport -lQt5Gui -lqtlibpng -lqtharfbuzz -lQt5Core -lm -lz -lqtpcre2 -ldl -lpthread -lQt5ThemeSupport -lQt5Gui -lqtlibpng -lqtharfbuzz -lQt5Core -lm -lz -lqtpcre2 -ldl -lpthread -lQt5DBus -lQt5Core -lpthread -lm -lz -lqtpcre2 -ldl -lQt5EventDispatcherSupport -lQt5Gui -lqtlibpng -lqtharfbuzz -lQt5Core -lm -lz -lqtpcre2 -ldl -lpthread -lQt5FontDatabaseSupport -lQt5Gui -lqtlibpng -lqtharfbuzz -lQt5Core -lm -lz -lqtpcre2 -ldl -lpthread -lfontconfig -lfreetype -lQt5Gui -lQt5Core -lm -lz -lqtpcre2 -ldl -lpthread -lqtlibpng -lqtharfbuzz -lz -lQt5Core -lpthread -lm -lz -lqtpcre2 -ldl'
pkg_cv_QT_DBUS_CFLAGS='-I/home/administrator/walletbuilders/build_environment/litecoin/0.18.1/depends/x86_64-pc-linux/include/QtDBus -I/home/administrator/walletbuilders/build_environment/litecoin/0.18.1/depends/x86_64-pc-linux/include/QtCore'
pkg_cv_QT_DBUS_LIBS='-L/home/administrator/walletbuilders/build_environment/litecoin/0.18.1/depends/x86_64-pc-linux/lib -lQt5DBus -lQt5Core -lm -lz -lqtpcre2 -ldl -lpthread -lQt5Core -lpthread -lm -lz -lqtpcre2 -ldl'
pkg_cv_QT_TEST_CFLAGS='-I/home/administrator/walletbuilders/build_environment/litecoin/0.18.1/depends/x86_64-pc-linux/include/QtTest -I/home/administrator/walletbuilders/build_environment/litecoin/0.18.1/depends/x86_64-pc-linux/include/QtCore'
pkg_cv_QT_TEST_LIBS='-L/home/administrator/walletbuilders/build_environment/litecoin/0.18.1/depends/x86_64-pc-linux/lib -lQt5Test -lQt5Core -lm -lz -lqtpcre2 -ldl -lpthread -lQt5Core -lpthread -lm -lz -lqtpcre2 -ldl'
pkg_cv_SSL_CFLAGS=-I/home/administrator/walletbuilders/build_environment/litecoin/0.18.1/depends/x86_64-pc-linux/include
pkg_cv_SSL_LIBS='-L/home/administrator/walletbuilders/build_environment/litecoin/0.18.1/depends/x86_64-pc-linux/lib -lssl -lcrypto -ldl'
pkg_cv_X11XCB_CFLAGS='-I/home/administrator/walletbuilders/build_environment/litecoin/0.18.1/depends/x86_64-pc-linux/include -I/home/administrator/walletbuilders/build_environment/litecoin/0.18.1/depends/x86_64-pc-linux/include/xcb-shared -I/home/administrator/walletbuilders/build_environment/litecoin/0.18.1/depends/x86_64-pc-linux/include'
pkg_cv_X11XCB_LIBS='-L/home/administrator/walletbuilders/build_environment/litecoin/0.18.1/depends/x86_64-pc-linux/lib -lX11-xcb -lX11 -lpthread -lxcb -lXau'
pkg_cv_ZMQ_CFLAGS=-I/home/administrator/walletbuilders/build_environment/litecoin/0.18.1/depends/x86_64-pc-linux/include
pkg_cv_ZMQ_LIBS='-L/home/administrator/walletbuilders/build_environment/litecoin/0.18.1/depends/x86_64-pc-linux/lib -lzmq -lpthread -lrt'

## ----------------- ##
## Output variables. ##
## ----------------- ##

ACLOCAL='${SHELL} /tmp/upgrade-wallet/ferrite/build-aux/missing aclocal-1.15'
AMDEPBACKSLASH='\'
AMDEP_FALSE='#'
AMDEP_TRUE=''
AMTAR='$${TAR-tar}'
AM_BACKSLASH='\'
AM_DEFAULT_V='$(AM_DEFAULT_VERBOSITY)'
AM_DEFAULT_VERBOSITY='0'
AM_V='$(V)'
AR='ar'
ARFLAGS='cr'
AUTOCONF='${SHELL} /tmp/upgrade-wallet/ferrite/build-aux/missing autoconf'
AUTOHEADER='${SHELL} /tmp/upgrade-wallet/ferrite/build-aux/missing autoheader'
AUTOMAKE='${SHELL} /tmp/upgrade-wallet/ferrite/build-aux/missing automake-1.15'
AVX2_CXXFLAGS='-mavx -mavx2'
AWK='gawk'
BDB_CFLAGS=''
BDB_CPPFLAGS=''
BDB_LIBS='-ldb_cxx-4.8'
BITCOIN_CLI_NAME='ferrite-cli'
BITCOIN_DAEMON_NAME='ferrited'
BITCOIN_GUI_NAME='ferrite-qt'
BITCOIN_TX_NAME='ferrite-tx'
BITCOIN_WALLET_TOOL_NAME='ferrite-wallet'
BOOST_CHRONO_LIB='-lboost_chrono-mt'
BOOST_CPPFLAGS='-DBOOST_SP_USE_STD_ATOMIC -DBOOST_AC_USE_STD_ATOMIC -pthread -I/home/administrator/walletbuilders/build_environment/litecoin/0.18.1/depends/x86_64-pc-linux/share/../include'
BOOST_FILESYSTEM_LIB='-lboost_filesystem-mt'
BOOST_LDFLAGS='-L/home/administrator/walletbuilders/build_environment/litecoin/0.18.1/depends/x86_64-pc-linux/share/../lib'
BOOST_LIBS='-L/home/administrator/walletbuilders/build_environment/litecoin/0.18.1/depends/x86_64-pc-linux/share/../lib -lboost_system-mt -lboost_filesystem-mt -lboost_thread-mt -lpthread -lboost_chrono-mt'
BOOST_SYSTEM_LIB='-lboost_system-mt'
BOOST_THREAD_LIB='-lboost_thread-mt -lpthread'
BOOST_UNIT_TEST_FRAMEWORK_LIB=''
BREW=''
BUILD_BITCOIND_FALSE='#'
BUILD_BITCOIND_TRUE=''
BUILD_BITCOIN_CLI_FALSE='#'
BUILD_BITCOIN_CLI_TRUE=''
BUILD_BITCOIN_LIBS_FALSE='#'
BUILD_BITCOIN_LIBS_TRUE=''
BUILD_BITCOIN_TX_FALSE='#'
BUILD_BITCOIN_TX_TRUE=''
BUILD_BITCOIN_WALLET_FALSE='#'
BUILD_BITCOIN_WALLET_TRUE=''
BUILD_DARWIN_FALSE=''
BUILD_DARWIN_TRUE='#'
CC='gcc -m64'
CCACHE=''
CCDEPMODE='depmode=gcc3'
CFLAGS='-pipe -O2 '
CLIENT_VERSION_BUILD='0'
CLIENT_VERSION_IS_RELEASE='true'
CLIENT_VERSION_MAJOR='1'
CLIENT_VERSION_MINOR='0'
CLIENT_VERSION_REVISION='0'
COMPAT_LDFLAGS=''
COPYRIGHT_HOLDERS='The %s developers'
COPYRIGHT_HOLDERS_FINAL='The Ferrite Core developers'
COPYRIGHT_HOLDERS_SUBSTITUTION='Ferrite Core'
COPYRIGHT_YEAR='2022'
CPP='gcc -m64 -E'
CPPFILT='/usr/bin/c++filt'
CPPFLAGS='-I/home/administrator/walletbuilders/build_environment/litecoin/0.18.1/depends/x86_64-pc-linux/share/../include/  -DHAVE_BUILD_INFO -D__STDC_FORMAT_MACROS'
CRYPTO_CFLAGS='-I/home/administrator/walletbuilders/build_environment/litecoin/0.18.1/depends/x86_64-pc-linux/include'
CRYPTO_LIBS='-L/home/administrator/walletbuilders/build_environment/litecoin/0.18.1/depends/x86_64-pc-linux/lib -lcrypto -ldl'
CXX='g++ -m64 -std=c++11'
CXXCPP='g++ -m64 -std=c++11 -E'
CXXDEPMODE='depmode=gcc3'
CXXFLAGS='-pipe -O2 '
CYGPATH_W='echo'
DEBUG_CPPFLAGS=''
DEBUG_CXXFLAGS=''
DEFS='-DHAVE_CONFIG_H'
DEPDIR='.deps'
DLLTOOL='false'
DOXYGEN='/usr/bin/doxygen'
DSYMUTIL=''
DUMPBIN=''
ECHO_C=''
ECHO_N='-n'
ECHO_T=''
EGREP='/bin/grep -E'
EMBEDDED_LEVELDB_FALSE='#'
EMBEDDED_LEVELDB_TRUE=''
EMBEDDED_UNIVALUE_FALSE='#'
EMBEDDED_UNIVALUE_TRUE=''
ENABLE_AVX2_FALSE='#'
ENABLE_AVX2_TRUE=''
ENABLE_BENCH_FALSE=''
ENABLE_BENCH_TRUE='#'
ENABLE_BIP70_FALSE='#'
ENABLE_BIP70_TRUE=''
ENABLE_FUZZ_FALSE=''
ENABLE_FUZZ_TRUE='#'
ENABLE_HWCRC32_FALSE='#'
ENABLE_HWCRC32_TRUE=''
ENABLE_MAN_FALSE='#'
ENABLE_MAN_TRUE=''
ENABLE_PROPERTY_TESTS_FALSE=''
ENABLE_PROPERTY_TESTS_TRUE='#'
ENABLE_QT_FALSE='#'
ENABLE_QT_TESTS_FALSE=''
ENABLE_QT_TESTS_TRUE='#'
ENABLE_QT_TRUE=''
ENABLE_SHANI_FALSE='#'
ENABLE_SHANI_TRUE=''
ENABLE_SSE41_FALSE='#'
ENABLE_SSE41_TRUE=''
ENABLE_TESTS_FALSE=''
ENABLE_TESTS_TRUE='#'
ENABLE_WALLET_FALSE='#'
ENABLE_WALLET_TRUE=''
ENABLE_ZMQ_FALSE='#'
ENABLE_ZMQ_TRUE=''
ERROR_CXXFLAGS=''
EVENT_CFLAGS='-I/home/administrator/walletbuilders/build_environment/litecoin/0.18.1/depends/x86_64-pc-linux/include'
EVENT_LIBS='-L/home/administrator/walletbuilders/build_environment/litecoin/0.18.1/depends/x86_64-pc-linux/lib -levent'
EVENT_PTHREADS_CFLAGS='-pthread -I/home/administrator/walletbuilders/build_environment/litecoin/0.18.1/depends/x86_64-pc-linux/include'
EVENT_PTHREADS_LIBS='-L/home/administrator/walletbuilders/build_environment/litecoin/0.18.1/depends/x86_64-pc-linux/lib -levent_pthreads -levent'
EXEEXT=''
EXTENDED_FUNCTIONAL_TESTS=''
FGREP='/bin/grep -F'
GCOV='/usr/bin/gcov'
GENHTML=''
GENISOIMAGE=''
GIT='/usr/bin/git'
GLIBC_BACK_COMPAT_FALSE=''
GLIBC_BACK_COMPAT_TRUE='#'
GPROF_CXXFLAGS=''
GPROF_LDFLAGS=''
GREP='/bin/grep'
HARDENED_CPPFLAGS=' -U_FORTIFY_SOURCE -D_FORTIFY_SOURCE=2'
HARDENED_CXXFLAGS=' -fstack-reuse=none -Wstack-protector -fstack-protector-all'
HARDENED_LDFLAGS=' -Wl,-z,relro -Wl,-z,now -pie'
HARDEN_FALSE='#'
HARDEN_TRUE=''
HAVE_CXX11='1'
HAVE_DOXYGEN_FALSE='#'
HAVE_DOXYGEN_TRUE=''
HEXDUMP='/usr/bin/hexdump'
IMAGEMAGICK_CONVERT=''
INSTALLNAMETOOL=''
INSTALL_DATA='${INSTALL} -m 644'
INSTALL_PROGRAM='${INSTALL}'
INSTALL_SCRIPT='${INSTALL}'
INSTALL_STRIP_PROGRAM='$(install_sh) -c -s'
LCOV=''
LCOV_OPTS=''
LD='/usr/bin/ld -m elf_x86_64'
LDFLAGS='-L/home/administrator/walletbuilders/build_environment/litecoin/0.18.1/depends/x86_64-pc-linux/share/../lib '
LEVELDB_CPPFLAGS=''
LEVELDB_TARGET_FLAGS='-DOS_LINUX'
LIBLEVELDB=''
LIBMEMENV=''
LIBOBJS=''
LIBS=''
LIBTOOL='$(SHELL) $(top_builddir)/libtool'
LIBTOOL_APP_LDFLAGS=''
LIPO=''
LN_S='ln -s'
LRELEASE='/home/administrator/walletbuilders/build_environment/litecoin/0.18.1/depends/x86_64-pc-linux/share/../native/bin/lrelease'
LTLIBOBJS=''
LT_SYS_LIBRARY_PATH=''
LUPDATE='/home/administrator/walletbuilders/build_environment/litecoin/0.18.1/depends/x86_64-pc-linux/share/../native/bin/lupdate'
MAINT=''
MAINTAINER_MODE_FALSE='#'
MAINTAINER_MODE_TRUE=''
MAKEINFO='${SHELL} /tmp/upgrade-wallet/ferrite/build-aux/missing makeinfo'
MAKENSIS=''
MANIFEST_TOOL=':'
MINIUPNPC_CPPFLAGS=''
MINIUPNPC_LIBS='-lminiupnpc'
MKDIR_P='/bin/mkdir -p'
MOC='/home/administrator/walletbuilders/build_environment/litecoin/0.18.1/depends/x86_64-pc-linux/share/../native/bin/moc'
MOC_DEFS='-DHAVE_CONFIG_H -I$(srcdir)'
NM='nm'
NMEDIT=''
NOWARN_CXXFLAGS=''
OBJCOPY='/usr/bin/objcopy'
OBJCXX='g++ -m64 -std=c++11'
OBJCXXDEPMODE='depmode=gcc3'
OBJCXXFLAGS=''
OBJDUMP='objdump'
OBJEXT='o'
OTOOL64=''
OTOOL=''
PACKAGE='ferrite'
PACKAGE_BUGREPORT='https://github.com/ferrite-project/ferrite/issues'
PACKAGE_NAME='Ferrite Core'
PACKAGE_STRING='Ferrite Core 1.0.0'
PACKAGE_TARNAME='ferrite'
PACKAGE_URL='https://ferrite.org/'
PACKAGE_VERSION='1.0.0'
PATH_SEPARATOR=':'
PIC_FLAGS='-fPIC'
PIE_FLAGS='-fPIE'
PKG_CONFIG='/usr/bin/pkg-config --static'
PKG_CONFIG_LIBDIR=''
PKG_CONFIG_PATH='/home/administrator/walletbuilders/build_environment/litecoin/0.18.1/depends/x86_64-pc-linux/share/../share/pkgconfig:/home/administrator/walletbuilders/build_environment/litecoin/0.18.1/depends/x86_64-pc-linux/share/../lib/pkgconfig'
PROTOBUF_CFLAGS='-pthread -I/home/administrator/walletbuilders/build_environment/litecoin/0.18.1/depends/x86_64-pc-linux/include'
PROTOBUF_LIBS='-L/home/administrator/walletbuilders/build_environment/litecoin/0.18.1/depends/x86_64-pc-linux/lib -lprotobuf -pthread -lpthread -lz'
PROTOC='/home/administrator/walletbuilders/build_environment/litecoin/0.18.1/depends/x86_64-pc-linux/share/../native/bin/protoc'
PTHREAD_CC='gcc -m64'
PTHREAD_CFLAGS='-pthread'
PTHREAD_LIBS=''
PYTHON='/usr/bin/python3.6'
PYTHONPATH='/home/administrator/walletbuilders/build_environment/litecoin/0.18.1/depends/x86_64-pc-linux/share/../native/lib/python/dist-packages:'
QR_CFLAGS='-I/home/administrator/walletbuilders/build_environment/litecoin/0.18.1/depends/x86_64-pc-linux/include'
QR_LIBS='-L/home/administrator/walletbuilders/build_environment/litecoin/0.18.1/depends/x86_64-pc-linux/lib -lqrencode -lpthread'
QT5_CFLAGS='-I/home/administrator/walletbuilders/build_environment/litecoin/0.18.1/depends/x86_64-pc-linux/include/QtNetwork -I/home/administrator/walletbuilders/build_environment/litecoin/0.18.1/depends/x86_64-pc-linux/include/QtWidgets -I/home/administrator/walletbuilders/build_environment/litecoin/0.18.1/depends/x86_64-pc-linux/include/QtGui -I/home/administrator/walletbuilders/build_environment/litecoin/0.18.1/depends/x86_64-pc-linux/include/QtCore'
QT5_LIBS='-L/home/administrator/walletbuilders/build_environment/litecoin/0.18.1/depends/x86_64-pc-linux/lib -lQt5Network -lQt5Core -lm -lz -lqtpcre2 -ldl -lpthread -lz -lssl -lcrypto -lQt5Widgets -lQt5Gui -lqtlibpng -lqtharfbuzz -lQt5Core -lm -lz -lqtpcre2 -ldl -lpthread -lQt5Gui -lQt5Core -lm -lz -lqtpcre2 -ldl -lpthread -lqtlibpng -lqtharfbuzz -lz -lQt5Core -lpthread -lm -lz -lqtpcre2 -ldl'
QTACCESSIBILITY_CFLAGS='-I/home/administrator/walletbuilders/build_environment/litecoin/0.18.1/depends/x86_64-pc-linux/include/QtAccessibilitySupport -I/home/administrator/walletbuilders/build_environment/litecoin/0.18.1/depends/x86_64-pc-linux/include/QtGui -I/home/administrator/walletbuilders/build_environment/litecoin/0.18.1/depends/x86_64-pc-linux/include/QtCore'
QTACCESSIBILITY_LIBS='-L/home/administrator/walletbuilders/build_environment/litecoin/0.18.1/depends/x86_64-pc-linux/lib -lQt5AccessibilitySupport -lQt5Gui -lqtlibpng -lqtharfbuzz -lQt5Core -lm -lz -lqtpcre2 -ldl -lpthread -lQt5Gui -lQt5Core -lm -lz -lqtpcre2 -ldl -lpthread -lqtlibpng -lqtharfbuzz -lz -lQt5Core -lpthread -lm -lz -lqtpcre2 -ldl'
QTCGL_CFLAGS=''
QTCGL_LIBS=''
QTCLIPBOARD_CFLAGS=''
QTCLIPBOARD_LIBS=''
QTDEVICEDISCOVERY_CFLAGS='-I/home/administrator/walletbuilders/build_environment/litecoin/0.18.1/depends/x86_64-pc-linux/include/QtDeviceDiscoverySupport -I/home/administrator/walletbuilders/build_environment/litecoin/0.18.1/depends/x86_64-pc-linux/include/QtCore'
QTDEVICEDISCOVERY_LIBS='-L/home/administrator/walletbuilders/build_environment/litecoin/0.18.1/depends/x86_64-pc-linux/lib -lQt5DeviceDiscoverySupport -lQt5Core -lm -lz -lqtpcre2 -ldl -lpthread -lQt5Core -lpthread -lm -lz -lqtpcre2 -ldl'
QTEVENTDISPATCHER_CFLAGS='-I/home/administrator/walletbuilders/build_environment/litecoin/0.18.1/depends/x86_64-pc-linux/include/QtEventDispatcherSupport -I/home/administrator/walletbuilders/build_environment/litecoin/0.18.1/depends/x86_64-pc-linux/include/QtGui -I/home/administrator/walletbuilders/build_environment/litecoin/0.18.1/depends/x86_64-pc-linux/include/QtCore'
QTEVENTDISPATCHER_LIBS='-L/home/administrator/walletbuilders/build_environment/litecoin/0.18.1/depends/x86_64-pc-linux/lib -lQt5EventDispatcherSupport -lQt5Gui -lqtlibpng -lqtharfbuzz -lQt5Core -lm -lz -lqtpcre2 -ldl -lpthread -lQt5Gui -lQt5Core -lm -lz -lqtpcre2 -ldl -lpthread -lqtlibpng -lqtharfbuzz -lz -lQt5Core -lpthread -lm -lz -lqtpcre2 -ldl'
QTFB_CFLAGS='-I/home/administrator/walletbuilders/build_environment/litecoin/0.18.1/depends/x86_64-pc-linux/include/QtFbSupport -I/home/administrator/walletbuilders/build_environment/litecoin/0.18.1/depends/x86_64-pc-linux/include/QtGui -I/home/administrator/walletbuilders/build_environment/litecoin/0.18.1/depends/x86_64-pc-linux/include/QtCore'
QTFB_LIBS='-L/home/administrator/walletbuilders/build_environment/litecoin/0.18.1/depends/x86_64-pc-linux/lib -lQt5FbSupport -lQt5Gui -lqtlibpng -lqtharfbuzz -lQt5Core -lm -lz -lqtpcre2 -ldl -lpthread -lQt5Gui -lQt5Core -lm -lz -lqtpcre2 -ldl -lpthread -lqtlibpng -lqtharfbuzz -lz -lQt5Core -lpthread -lm -lz -lqtpcre2 -ldl'
QTFONTDATABASE_CFLAGS='-I/home/administrator/walletbuilders/build_environment/litecoin/0.18.1/depends/x86_64-pc-linux/include/QtFontDatabaseSupport -I/home/administrator/walletbuilders/build_environment/litecoin/0.18.1/depends/x86_64-pc-linux/include/QtGui -I/home/administrator/walletbuilders/build_environment/litecoin/0.18.1/depends/x86_64-pc-linux/include/QtCore'
QTFONTDATABASE_LIBS='-L/home/administrator/walletbuilders/build_environment/litecoin/0.18.1/depends/x86_64-pc-linux/lib -L//home/administrator/walletbuilders/build_environment/litecoin/0.18.1/depends/x86_64-pc-linux/lib -L/home/administrator/walletbuilders/build_environment/litecoin/0.18.1/depends/x86_64-pc-linux/lib -lQt5FontDatabaseSupport -lQt5Gui -lqtlibpng -lqtharfbuzz -lQt5Core -lm -lz -lqtpcre2 -ldl -lpthread -lfontconfig -lfreetype -lQt5Gui -lQt5Core -lm -lz -lqtpcre2 -ldl -lpthread -lqtlibpng -lqtharfbuzz -lz -lQt5Core -lpthread -lm -lz -lqtpcre2 -ldl'
QTGRAPHICS_CFLAGS=''
QTGRAPHICS_LIBS=''
QTPLATFORM_CFLAGS=''
QTPLATFORM_LIBS=''
QTTHEME_CFLAGS='-I/home/administrator/walletbuilders/build_environment/litecoin/0.18.1/depends/x86_64-pc-linux/include/QtThemeSupport -I/home/administrator/walletbuilders/build_environment/litecoin/0.18.1/depends/x86_64-pc-linux/include/QtGui -I/home/administrator/walletbuilders/build_environment/litecoin/0.18.1/depends/x86_64-pc-linux/include/QtCore'
QTTHEME_LIBS='-L/home/administrator/walletbuilders/build_environment/litecoin/0.18.1/depends/x86_64-pc-linux/lib -lQt5ThemeSupport -lQt5Gui -lqtlibpng -lqtharfbuzz -lQt5Core -lm -lz -lqtpcre2 -ldl -lpthread -lQt5DBus -lQt5Core -lpthread -lm -lz -lqtpcre2 -ldl -lQt5Gui -lQt5Core -lm -lz -lqtpcre2 -ldl -lpthread -lqtlibpng -lqtharfbuzz -lz -lQt5Core -lpthread -lm -lz -lqtpcre2 -ldl'
QTXCBQPA_CFLAGS='-I/home/administrator/walletbuilders/build_environment/litecoin/0.18.1/depends/x86_64-pc-linux/include/QtXcbQpa -I/home/administrator/walletbuilders/build_environment/litecoin/0.18.1/depends/x86_64-pc-linux/include/QtServiceSupport -I/home/administrator/walletbuilders/build_environment/litecoin/0.18.1/depends/x86_64-pc-linux/include/QtThemeSupport -I/home/administrator/walletbuilders/build_environment/litecoin/0.18.1/depends/x86_64-pc-linux/include/QtEventDispatcherSupport -I/home/administrator/walletbuilders/build_environment/litecoin/0.18.1/depends/x86_64-pc-linux/include/QtFontDatabaseSupport -I/home/administrator/walletbuilders/build_environment/litecoin/0.18.1/depends/x86_64-pc-linux/include/QtGui -I/home/administrator/walletbuilders/build_environment/litecoin/0.18.1/depends/x86_64-pc-linux/include/QtCore'
QTXCBQPA_LIBS='-L/home/administrator/walletbuilders/build_environment/litecoin/0.18.1/depends/x86_64-pc-linux/lib -L//home/administrator/walletbuilders/build_environment/litecoin/0.18.1/depends/x86_64-pc-linux/lib -L/home/administrator/walletbuilders/build_environment/litecoin/0.18.1/depends/x86_64-pc-linux/lib -L//home/administrator/walletbuilders/build_environment/litecoin/0.18.1/depends/x86_64-pc-linux/lib -L/home/administrator/walletbuilders/build_environment/litecoin/0.18.1/depends/x86_64-pc-linux/lib -lQt5XcbQpa -lQt5ServiceSupport -lQt5ThemeSupport -lQt5DBus -lQt5EventDispatcherSupport -lQt5FontDatabaseSupport -lfontconfig -lfreetype -lQt5Gui -lqtlibpng -lqtharfbuzz -lQt5Core -lm -lz -lqtpcre2 -lpthread -lX11-xcb -lX11 -lxcb-static -lxcb -ldl -lQt5ServiceSupport -lQt5Gui -lqtlibpng -lqtharfbuzz -lQt5Core -lm -lz -lqtpcre2 -ldl -lpthread -lQt5ThemeSupport -lQt5Gui -lqtlibpng -lqtharfbuzz -lQt5Core -lm -lz -lqtpcre2 -ldl -lpthread -lQt5DBus -lQt5Core -lpthread -lm -lz -lqtpcre2 -ldl -lQt5EventDispatcherSupport -lQt5Gui -lqtlibpng -lqtharfbuzz -lQt5Core -lm -lz -lqtpcre2 -ldl -lpthread -lQt5FontDatabaseSupport -lQt5Gui -lqtlibpng -lqtharfbuzz -lQt5Core -lm -lz -lqtpcre2 -ldl -lpthread -lfontconfig -lfreetype -lQt5Gui -lQt5Core -lm -lz -lqtpcre2 -ldl -lpthread -lqtlibpng -lqtharfbuzz -lz -lQt5Core -lpthread -lm -lz -lqtpcre2 -ldl'
QT_DBUS_CFLAGS='-I/home/administrator/walletbuilders/build_environment/litecoin/0.18.1/depends/x86_64-pc-linux/include/QtDBus -I/home/administrator/walletbuilders/build_environment/litecoin/0.18.1/depends/x86_64-pc-linux/include/QtCore'
QT_DBUS_INCLUDES='-I/home/administrator/walletbuilders/build_environment/litecoin/0.18.1/depends/x86_64-pc-linux/include/QtDBus -I/home/administrator/walletbuilders/build_environment/litecoin/0.18.1/depends/x86_64-pc-linux/include/QtCore'
QT_DBUS_LIBS='-L/home/administrator/walletbuilders/build_environment/litecoin/0.18.1/depends/x86_64-pc-linux/lib -lQt5DBus -lQt5Core -lm -lz -lqtpcre2 -ldl -lpthread -lQt5Core -lpthread -lm -lz -lqtpcre2 -ldl'
QT_INCLUDES='-I/home/administrator/walletbuilders/build_environment/litecoin/0.18.1/depends/x86_64-pc-linux/include/QtNetwork -I/home/administrator/walletbuilders/build_environment/litecoin/0.18.1/depends/x86_64-pc-linux/include/QtWidgets -I/home/administrator/walletbuilders/build_environment/litecoin/0.18.1/depends/x86_64-pc-linux/include/QtGui -I/home/administrator/walletbuilders/build_environment/litecoin/0.18.1/depends/x86_64-pc-linux/include/QtCore'
QT_LDFLAGS=''
QT_LIBS='-lqxcb -lxcb-static -lqminimal -L/home/administrator/walletbuilders/build_environment/litecoin/0.18.1/depends/x86_64-pc-linux/lib -L//home/administrator/walletbuilders/build_environment/litecoin/0.18.1/depends/x86_64-pc-linux/lib -L/home/administrator/walletbuilders/build_environment/litecoin/0.18.1/depends/x86_64-pc-linux/lib -L//home/administrator/walletbuilders/build_environment/litecoin/0.18.1/depends/x86_64-pc-linux/lib -L/home/administrator/walletbuilders/build_environment/litecoin/0.18.1/depends/x86_64-pc-linux/lib -lQt5XcbQpa -lQt5ServiceSupport -lQt5ThemeSupport -lQt5DBus -lQt5EventDispatcherSupport -lQt5FontDatabaseSupport -lfontconfig -lfreetype -lQt5Gui -lqtlibpng -lqtharfbuzz -lQt5Core -lm -lz -lqtpcre2 -lpthread -lX11-xcb -lX11 -lxcb-static -lxcb -ldl -lQt5ServiceSupport -lQt5Gui -lqtlibpng -lqtharfbuzz -lQt5Core -lm -lz -lqtpcre2 -ldl -lpthread -lQt5ThemeSupport -lQt5Gui -lqtlibpng -lqtharfbuzz -lQt5Core -lm -lz -lqtpcre2 -ldl -lpthread -lQt5DBus -lQt5Core -lpthread -lm -lz -lqtpcre2 -ldl -lQt5EventDispatcherSupport -lQt5Gui -lqtlibpng -lqtharfbuzz -lQt5Core -lm -lz -lqtpcre2 -ldl -lpthread -lQt5FontDatabaseSupport -lQt5Gui -lqtlibpng -lqtharfbuzz -lQt5Core -lm -lz -lqtpcre2 -ldl -lpthread -lfontconfig -lfreetype -lQt5Gui -lQt5Core -lm -lz -lqtpcre2 -ldl -lpthread -lqtlibpng -lqtharfbuzz -lz -lQt5Core -lpthread -lm -lz -lqtpcre2 -ldl -L/home/administrator/walletbuilders/build_environment/litecoin/0.18.1/depends/x86_64-pc-linux/lib -lX11-xcb -lX11 -lpthread -lxcb -lXau -lQt5FbSupport -lQt5AccessibilitySupport -lQt5DeviceDiscoverySupport -lQt5ThemeSupport -lQt5EventDispatcherSupport -lQt5FontDatabaseSupport -L/home/administrator/walletbuilders/build_environment/litecoin/0.18.1/depends/x86_64-pc-linux/lib -lQt5Network -lQt5Core -lm -lz -lqtpcre2 -ldl -lpthread -lz -lssl -lcrypto -lQt5Widgets -lQt5Gui -lqtlibpng -lqtharfbuzz -lQt5Core -lm -lz -lqtpcre2 -ldl -lpthread -lQt5Gui -lQt5Core -lm -lz -lqtpcre2 -ldl -lpthread -lqtlibpng -lqtharfbuzz -lz -lQt5Core -lpthread -lm -lz -lqtpcre2 -ldl -L/home/administrator/walletbuilders/build_environment/litecoin/0.18.1/depends/x86_64-pc-linux/share/../plugins/platforms'
QT_PIE_FLAGS='-fPIE'
QT_SELECT='qt5'
QT_TEST_CFLAGS='-I/home/administrator/walletbuilders/build_environment/litecoin/0.18.1/depends/x86_64-pc-linux/include/QtTest -I/home/administrator/walletbuilders/build_environment/litecoin/0.18.1/depends/x86_64-pc-linux/include/QtCore'
QT_TEST_INCLUDES='-I/home/administrator/walletbuilders/build_environment/litecoin/0.18.1/depends/x86_64-pc-linux/include/QtTest -I/home/administrator/walletbuilders/build_environment/litecoin/0.18.1/depends/x86_64-pc-linux/include/QtCore'
QT_TEST_LIBS='-L/home/administrator/walletbuilders/build_environment/litecoin/0.18.1/depends/x86_64-pc-linux/lib -lQt5Test -lQt5Core -lm -lz -lqtpcre2 -ldl -lpthread -lQt5Core -lpthread -lm -lz -lqtpcre2 -ldl'
QT_TRANSLATION_DIR='/home/administrator/walletbuilders/build_environment/litecoin/0.18.1/depends/x86_64-pc-linux/share/../translations'
RANLIB='ranlib'
RAPIDCHECK_LIBS=''
RCC='/home/administrator/walletbuilders/build_environment/litecoin/0.18.1/depends/x86_64-pc-linux/share/../native/bin/rcc'
READELF='/usr/bin/readelf'
RELDFLAGS=''
RSVG_CONVERT=''
SANITIZER_CXXFLAGS=''
SANITIZER_LDFLAGS=''
SED='/bin/sed'
SET_MAKE=''
SHANI_CXXFLAGS='-msse4 -msha'
SHELL='/bin/bash'
SSE41_CXXFLAGS='-msse4.1'
SSE42_CXXFLAGS='-msse4.2'
SSL_CFLAGS='-I/home/administrator/walletbuilders/build_environment/litecoin/0.18.1/depends/x86_64-pc-linux/include'
SSL_LIBS='-L/home/administrator/walletbuilders/build_environment/litecoin/0.18.1/depends/x86_64-pc-linux/lib -lssl -lcrypto -ldl'
STRIP='/usr/bin/strip'
TARGET_DARWIN_FALSE=''
TARGET_DARWIN_TRUE='#'
TARGET_WINDOWS_FALSE=''
TARGET_WINDOWS_TRUE='#'
TESTDEFS=''
TIFFCP=''
UIC='/home/administrator/walletbuilders/build_environment/litecoin/0.18.1/depends/x86_64-pc-linux/share/../native/bin/uic'
UNIVALUE_CFLAGS='-I$(srcdir)/univalue/include'
UNIVALUE_LIBS='univalue/libunivalue.la'
USE_ASM_FALSE='#'
USE_ASM_TRUE=''
USE_LCOV_FALSE=''
USE_LCOV_TRUE='#'
USE_QRCODE=''
USE_QRCODE_FALSE='#'
USE_QRCODE_TRUE=''
USE_SSE2=''
USE_SSE2_FALSE=''
USE_SSE2_TRUE='#'
USE_UPNP=''
VERSION='1.0.0'
WARN_CXXFLAGS=''
WINDOWS_BITS=''
WINDRES=''
X11XCB_CFLAGS='-I/home/administrator/walletbuilders/build_environment/litecoin/0.18.1/depends/x86_64-pc-linux/include -I/home/administrator/walletbuilders/build_environment/litecoin/0.18.1/depends/x86_64-pc-linux/include/xcb-shared -I/home/administrator/walletbuilders/build_environment/litecoin/0.18.1/depends/x86_64-pc-linux/include'
X11XCB_LIBS='-L/home/administrator/walletbuilders/build_environment/litecoin/0.18.1/depends/x86_64-pc-linux/lib -lX11-xcb -lX11 -lpthread -lxcb -lXau'
XGETTEXT='/usr/bin/xgettext'
ZMQ_CFLAGS='-I/home/administrator/walletbuilders/build_environment/litecoin/0.18.1/depends/x86_64-pc-linux/include'
ZMQ_LIBS='-L/home/administrator/walletbuilders/build_environment/litecoin/0.18.1/depends/x86_64-pc-linux/lib -lzmq -lpthread -lrt'
ac_ct_AR=''
ac_ct_CC=''
ac_ct_CXX=''
ac_ct_DUMPBIN=''
ac_ct_OBJCXX=''
am__EXEEXT_FALSE=''
am__EXEEXT_TRUE='#'
am__fastdepCC_FALSE='#'
am__fastdepCC_TRUE=''
am__fastdepCXX_FALSE='#'
am__fastdepCXX_TRUE=''
am__fastdepOBJCXX_FALSE='#'
am__fastdepOBJCXX_TRUE=''
am__include='include'
am__isrc=''
am__leading_dot='.'
am__nodep='_no'
am__quote=''
am__tar='$${TAR-tar} chof - "$$tardir"'
am__untar='$${TAR-tar} xf -'
ax_pthread_config=''
bindir='${exec_prefix}/bin'
build='x86_64-pc-linux-gnu'
build_alias=''
build_cpu='x86_64'
build_os='linux-gnu'
build_vendor='pc'
datadir='${datarootdir}'
datarootdir='${prefix}/share'
docdir='${datarootdir}/doc/${PACKAGE_TARNAME}'
dvidir='${docdir}'
exec_prefix='${prefix}'
host='x86_64-pc-linux-gnu'
host_alias='x86_64-pc-linux'
host_cpu='x86_64'
host_os='linux-gnu'
host_vendor='pc'
htmldir='${docdir}'
includedir='${prefix}/include'
infodir='${datarootdir}/info'
install_sh='${SHELL} /tmp/upgrade-wallet/ferrite/build-aux/install-sh'
libdir='${exec_prefix}/lib'
libexecdir='${exec_prefix}/libexec'
localedir='${datarootdir}/locale'
localstatedir='${prefix}/var'
mandir='${datarootdir}/man'
mkdir_p='$(MKDIR_P)'
oldincludedir='/usr/include'
pdfdir='${docdir}'
prefix='/usr/local'
program_transform_name='s,x,x,'
psdir='${docdir}'
runstatedir='${localstatedir}/run'
sbindir='${exec_prefix}/sbin'
sharedstatedir='${prefix}/com'
subdirs=' src/univalue src/secp256k1'
sysconfdir='${prefix}/etc'
target_alias=''

## ----------- ##
## confdefs.h. ##
## ----------- ##

/* confdefs.h */
#define PACKAGE_NAME "Ferrite Core"
#define PACKAGE_TARNAME "ferrite"
#define PACKAGE_VERSION "1.0.0"
#define PACKAGE_STRING "Ferrite Core 1.0.0"
#define PACKAGE_BUGREPORT "https://github.com/ferrite-project/ferrite/issues"
#define PACKAGE_URL "https://ferrite.org/"
#define HAVE_CXX11 1
#define STDC_HEADERS 1
#define HAVE_SYS_TYPES_H 1
#define HAVE_SYS_STAT_H 1
#define HAVE_STDLIB_H 1
#define HAVE_STRING_H 1
#define HAVE_MEMORY_H 1
#define HAVE_STRINGS_H 1
#define HAVE_INTTYPES_H 1
#define HAVE_STDINT_H 1
#define HAVE_UNISTD_H 1
#define HAVE_DLFCN_H 1
#define LT_OBJDIR ".libs/"
#define USE_ASM 1
#define ENABLE_SSE41 1
#define ENABLE_AVX2 1
#define ENABLE_SHANI 1
#define HAVE_PTHREAD_PRIO_INHERIT 1
#define HAVE_PTHREAD 1
#define HAVE_DECL_STRERROR_R 1
#define HAVE_STRERROR_R 1
#define STRERROR_R_CHAR_P 1
#define HAVE_FUNC_ATTRIBUTE_VISIBILITY 1
#define HAVE_ENDIAN_H 1
#define HAVE_BYTESWAP_H 1
#define HAVE_STDIO_H 1
#define HAVE_STDLIB_H 1
#define HAVE_UNISTD_H 1
#define HAVE_STRINGS_H 1
#define HAVE_SYS_TYPES_H 1
#define HAVE_SYS_STAT_H 1
#define HAVE_SYS_SELECT_H 1
#define HAVE_SYS_PRCTL_H 1
#define HAVE_DECL_GETIFADDRS 1
#define HAVE_DECL_FREEIFADDRS 1
#define HAVE_DECL_STRNLEN 1
#define HAVE_DECL_DAEMON 1
#define HAVE_DECL_LE16TOH 1
#define HAVE_DECL_LE32TOH 1
#define HAVE_DECL_LE64TOH 1
#define HAVE_DECL_HTOLE16 1
#define HAVE_DECL_HTOLE32 1
#define HAVE_DECL_HTOLE64 1
#define HAVE_DECL_BE16TOH 1
#define HAVE_DECL_BE32TOH 1
#define HAVE_DECL_BE64TOH 1
#define HAVE_DECL_HTOBE16 1
#define HAVE_DECL_HTOBE32 1
#define HAVE_DECL_HTOBE64 1
#define HAVE_DECL_BSWAP_16 1
#define HAVE_DECL_BSWAP_32 1
#define HAVE_DECL_BSWAP_64 1
#define HAVE_DECL___BUILTIN_CLZ 1
#define HAVE_DECL___BUILTIN_CLZL 1
#define HAVE_DECL___BUILTIN_CLZLL 1
#define HAVE_MALLOC_INFO 1
#define HAVE_MALLOPT_ARENA_MAX 1
#define HAVE_VISIBILITY_ATTRIBUTE 1
#define HAVE_THREAD_LOCAL 1
#define HAVE_SYS_GETRANDOM 1
#define HAVE_GETENTROPY 1
#define HAVE_GETENTROPY_RAND 1
#define HAVE_MINIUPNPC_MINIWGET_H 1
#define HAVE_MINIUPNPC_MINIUPNPC_H 1
#define HAVE_MINIUPNPC_UPNPCOMMANDS_H 1
#define HAVE_MINIUPNPC_UPNPERRORS_H 1
#define QT_STATICPLUGIN 1
#define QT_STATICPLUGIN 1
#define QT_QPA_PLATFORM_MINIMAL 1
#define QT_QPA_PLATFORM_XCB 1
#define HAVE_BOOST /**/
#define HAVE_BOOST_SYSTEM /**/
#define HAVE_BOOST_FILESYSTEM /**/
#define HAVE_BOOST_THREAD /**/
#define HAVE_BOOST_CHRONO /**/
#define HAVE_WORKING_BOOST_SLEEP_FOR 1
#define ENABLE_ZMQ 1
#define HAVE_DECL_EVP_MD_CTX_NEW 0
#define HAVE_CONSENSUS_LIB 1
#define ENABLE_WALLET 1
#define USE_UPNP 0
#define USE_DBUS 1
#define USE_QRCODE 1
#define ENABLE_BIP70 1
#define CLIENT_VERSION_MAJOR 1
#define CLIENT_VERSION_MINOR 0
#define CLIENT_VERSION_REVISION 0
#define CLIENT_VERSION_BUILD 0
#define CLIENT_VERSION_IS_RELEASE true
#define COPYRIGHT_YEAR 2022
#define COPYRIGHT_HOLDERS "The %s developers"
#define COPYRIGHT_HOLDERS_SUBSTITUTION "Ferrite Core"
#define COPYRIGHT_HOLDERS_FINAL "The Ferrite Core developers"

configure: exit 0
