This file contains any messages produced by compilers while
running configure, to aid debugging if configure makes a mistake.

It was created by univalue configure 1.0.3, which was
generated by GNU Autoconf 2.69.  Invocation command line was

  $ ./configure --disable-option-checking --prefix=/usr/local --disable-tests --disable-bench --disable-shared --with-pic --with-bignum=no --enable-module-recovery --disable-jni --cache-file=/dev/null --srcdir=.

## --------- ##
## Platform. ##
## --------- ##

hostname = bld
uname -m = x86_64
uname -r = 4.15.0-197-generic
uname -s = Linux
uname -v = #208-Ubuntu SMP Tue Nov 1 17:23:37 UTC 2022

/usr/bin/uname -p = unknown
/bin/uname -X     = unknown

/bin/arch              = unknown
/usr/bin/arch -k       = unknown
/usr/convex/getsysinfo = unknown
/usr/bin/hostinfo      = unknown
/bin/machine           = unknown
/usr/bin/oslevel       = unknown
/bin/universe          = unknown

PATH: /home/administrator/walletbuilders/build_environment/litecoin/0.18.1/depends/x86_64-pc-linux/share/../native/bin
PATH: /usr/bin
PATH: /bin


## ----------- ##
## Core tests. ##
## ----------- ##

configure:2178: loading site script /home/administrator/walletbuilders/build_environment/litecoin/0.18.1/depends/x86_64-pc-linux/share/config.site
| depends_prefix="`dirname ${ac_site_file}`/.."
| 
| cross_compiling=maybe
| host_alias=x86_64-pc-linux
| ac_tool_prefix=${host_alias}-
| 
| if test -z $with_boost; then
|   with_boost=$depends_prefix
| fi
| if test -z $with_qt_plugindir; then
|   with_qt_plugindir=$depends_prefix/plugins
| fi
| if test -z $with_qt_translationdir; then
|   with_qt_translationdir=$depends_prefix/translations
| fi
| if test -z $with_qt_bindir && test -z ""; then
|   with_qt_bindir=$depends_prefix/native/bin
| fi
| if test -z $with_protoc_bindir && test -z ""; then
|   with_protoc_bindir=$depends_prefix/native/bin
| fi
| 
| 
| if test -z $enable_wallet && test -n ""; then
|   enable_wallet=no
| fi
| 
| if test -z $with_miniupnpc && test -n ""; then
|   with_miniupnpc=no
| fi
| 
| if test -z $with_gui && test -n ""; then
|   with_gui=no
| fi
| 
| if test xlinux = xdarwin; then
|   BREW=no
|   PORT=no
| fi
| 
| if test xlinux = xmingw32; then
|   if test -z $with_qt_incdir; then
|     with_qt_incdir=$depends_prefix/include
|   fi
|   if test -z $with_qt_libdir; then
|     with_qt_libdir=$depends_prefix/lib
|   fi
| fi
| 
| PATH=$depends_prefix/native/bin:$PATH
| PKG_CONFIG="`which pkg-config` --static"
| 
| # These two need to remain exported because pkg-config does not see them
| # otherwise. That means they must be unexported at the end of configure.ac to
| # avoid ruining the cache. Sigh.
| export PKG_CONFIG_PATH=$depends_prefix/share/pkgconfig:$depends_prefix/lib/pkgconfig
| if test -z ""; then
|   export PKGCONFIG_LIBDIR=
| fi
| 
| CPPFLAGS="-I$depends_prefix/include/ $CPPFLAGS"
| LDFLAGS="-L$depends_prefix/lib $LDFLAGS"
| 
| if test -n "gcc -m64" -a -z "${CC}"; then
|   CC="gcc -m64"
| fi
| if test -n "g++ -m64" -a -z "${CXX}"; then
|   CXX="g++ -m64"
| fi
| PYTHONPATH=$depends_prefix/native/lib/python/dist-packages:$PYTHONPATH
| 
| if test -n "ar"; then
|   AR=ar
|   ac_cv_path_ac_pt_AR=${AR}
| fi
| 
| if test -n "ranlib"; then
|   RANLIB=ranlib
|   ac_cv_path_ac_pt_RANLIB=${RANLIB}
| fi
| 
| if test -n "nm"; then
|   NM=nm
|   ac_cv_path_ac_pt_NM=${NM}
| fi
| 
| if test -n ""; then
|   enable_reduce_exports=no
| fi
| 
| if test -n "-pipe -O2"; then
|   CFLAGS="-pipe -O2 $CFLAGS"
| fi
| if test -n "-pipe -O2"; then
|   CXXFLAGS="-pipe -O2 $CXXFLAGS"
| fi
| if test -n ""; then
|   CPPFLAGS=" $CPPFLAGS"
| fi
| if test -n ""; then
|   LDFLAGS=" $LDFLAGS"
| fi
configure:2286: checking whether make supports nested variables
configure:2303: result: yes
configure:2365: checking for a BSD-compatible install
configure:2433: result: /usr/bin/install -c
configure:2444: checking whether build environment is sane
configure:2499: result: yes
configure:2558: checking for x86_64-pc-linux-strip
configure:2588: result: no
configure:2598: checking for strip
configure:2614: found /usr/bin/strip
configure:2625: result: strip
configure:2650: checking for a thread-safe mkdir -p
configure:2689: result: /bin/mkdir -p
configure:2696: checking for gawk
configure:2712: found /usr/bin/gawk
configure:2723: result: gawk
configure:2734: checking whether make sets $(MAKE)
configure:2756: result: yes
configure:2934: checking build system type
configure:2948: result: x86_64-pc-linux-gnu
configure:2968: checking host system type
configure:2981: result: x86_64-pc-linux-gnu
configure:3022: checking how to print strings
configure:3049: result: printf
configure:3082: checking for style of include used by make
configure:3110: result: GNU
configure:3141: checking for x86_64-pc-linux-gcc
configure:3168: result: gcc -m64
configure:3437: checking for C compiler version
configure:3446: gcc -m64 --version >&5
gcc (Ubuntu 7.5.0-3ubuntu1~18.04) 7.5.0
Copyright (C) 2017 Free Software Foundation, Inc.
This is free software; see the source for copying conditions.  There is NO
warranty; not even for MERCHANTABILITY or FITNESS FOR A PARTICULAR PURPOSE.

configure:3457: $? = 0
configure:3446: gcc -m64 -v >&5
Using built-in specs.
COLLECT_GCC=gcc
COLLECT_LTO_WRAPPER=/usr/lib/gcc/x86_64-linux-gnu/7/lto-wrapper
OFFLOAD_TARGET_NAMES=nvptx-none
OFFLOAD_TARGET_DEFAULT=1
Target: x86_64-linux-gnu
Configured with: ../src/configure -v --with-pkgversion='Ubuntu 7.5.0-3ubuntu1~18.04' --with-bugurl=file:///usr/share/doc/gcc-7/README.Bugs --enable-languages=c,ada,c++,go,brig,d,fortran,objc,obj-c++ --prefix=/usr --with-gcc-major-version-only --program-suffix=-7 --program-prefix=x86_64-linux-gnu- --enable-shared --enable-linker-build-id --libexecdir=/usr/lib --without-included-gettext --enable-threads=posix --libdir=/usr/lib --enable-nls --enable-bootstrap --enable-clocale=gnu --enable-libstdcxx-debug --enable-libstdcxx-time=yes --with-default-libstdcxx-abi=new --enable-gnu-unique-object --disable-vtable-verify --enable-libmpx --enable-plugin --enable-default-pie --with-system-zlib --with-target-system-zlib --enable-objc-gc=auto --enable-multiarch --disable-werror --with-arch-32=i686 --with-abi=m64 --with-multilib-list=m32,m64,mx32 --enable-multilib --with-tune=generic --enable-offload-targets=nvptx-none --without-cuda-driver --enable-checking=release --build=x86_64-linux-gnu --host=x86_64-linux-gnu --target=x86_64-linux-gnu
Thread model: posix
gcc version 7.5.0 (Ubuntu 7.5.0-3ubuntu1~18.04) 
configure:3457: $? = 0
configure:3446: gcc -m64 -V >&5
gcc: error: unrecognized command line option '-V'
gcc: fatal error: no input files
compilation terminated.
configure:3457: $? = 1
configure:3446: gcc -m64 -qversion >&5
gcc: error: unrecognized command line option '-qversion'; did you mean '--version'?
gcc: fatal error: no input files
compilation terminated.
configure:3457: $? = 1
configure:3477: checking whether the C compiler works
configure:3499: gcc -m64 -pipe -O2  -I/home/administrator/walletbuilders/build_environment/litecoin/0.18.1/depends/x86_64-pc-linux/share/../include/  -L/home/administrator/walletbuilders/build_environment/litecoin/0.18.1/depends/x86_64-pc-linux/share/../lib  conftest.c  >&5
configure:3503: $? = 0
configure:3551: result: yes
configure:3554: checking for C compiler default output file name
configure:3556: result: a.out
configure:3562: checking for suffix of executables
configure:3569: gcc -m64 -o conftest -pipe -O2  -I/home/administrator/walletbuilders/build_environment/litecoin/0.18.1/depends/x86_64-pc-linux/share/../include/  -L/home/administrator/walletbuilders/build_environment/litecoin/0.18.1/depends/x86_64-pc-linux/share/../lib  conftest.c  >&5
configure:3573: $? = 0
configure:3595: result: 
configure:3617: checking whether we are cross compiling
configure:3625: gcc -m64 -o conftest -pipe -O2  -I/home/administrator/walletbuilders/build_environment/litecoin/0.18.1/depends/x86_64-pc-linux/share/../include/  -L/home/administrator/walletbuilders/build_environment/litecoin/0.18.1/depends/x86_64-pc-linux/share/../lib  conftest.c  >&5
configure:3629: $? = 0
configure:3636: ./conftest
configure:3640: $? = 0
configure:3655: result: no
configure:3660: checking for suffix of object files
configure:3682: gcc -m64 -c -pipe -O2  -I/home/administrator/walletbuilders/build_environment/litecoin/0.18.1/depends/x86_64-pc-linux/share/../include/  conftest.c >&5
configure:3686: $? = 0
configure:3707: result: o
configure:3711: checking whether we are using the GNU C compiler
configure:3730: gcc -m64 -c -pipe -O2  -I/home/administrator/walletbuilders/build_environment/litecoin/0.18.1/depends/x86_64-pc-linux/share/../include/  conftest.c >&5
configure:3730: $? = 0
configure:3739: result: yes
configure:3748: checking whether gcc -m64 accepts -g
configure:3768: gcc -m64 -c -g -I/home/administrator/walletbuilders/build_environment/litecoin/0.18.1/depends/x86_64-pc-linux/share/../include/  conftest.c >&5
configure:3768: $? = 0
configure:3809: result: yes
configure:3826: checking for gcc -m64 option to accept ISO C89
configure:3889: gcc -m64  -c -pipe -O2  -I/home/administrator/walletbuilders/build_environment/litecoin/0.18.1/depends/x86_64-pc-linux/share/../include/  conftest.c >&5
configure:3889: $? = 0
configure:3902: result: none needed
configure:3927: checking whether gcc -m64 understands -c and -o together
configure:3949: gcc -m64 -c conftest.c -o conftest2.o
configure:3952: $? = 0
configure:3949: gcc -m64 -c conftest.c -o conftest2.o
configure:3952: $? = 0
configure:3964: result: yes
configure:3983: checking dependency style of gcc -m64
configure:4094: result: gcc3
configure:4109: checking for a sed that does not truncate output
configure:4173: result: /bin/sed
configure:4191: checking for grep that handles long lines and -e
configure:4249: result: /bin/grep
configure:4254: checking for egrep
configure:4316: result: /bin/grep -E
configure:4321: checking for fgrep
configure:4383: result: /bin/grep -F
configure:4418: checking for ld used by gcc -m64
configure:4485: result: /usr/bin/ld
configure:4492: checking if the linker (/usr/bin/ld) is GNU ld
configure:4507: result: yes
configure:4519: checking for BSD- or MS-compatible name lister (nm)
configure:4573: result: nm
configure:4703: checking the name lister (nm) interface
configure:4710: gcc -m64 -c -pipe -O2  -I/home/administrator/walletbuilders/build_environment/litecoin/0.18.1/depends/x86_64-pc-linux/share/../include/  conftest.c >&5
configure:4713: nm "conftest.o"
configure:4716: output
0000000000000000 B some_variable
configure:4723: result: BSD nm
configure:4726: checking whether ln -s works
configure:4730: result: yes
configure:4738: checking the maximum length of command line arguments
configure:4869: result: 1572864
configure:4917: checking how to convert x86_64-pc-linux-gnu file names to x86_64-pc-linux-gnu format
configure:4957: result: func_convert_file_noop
configure:4964: checking how to convert x86_64-pc-linux-gnu file names to toolchain format
configure:4984: result: func_convert_file_noop
configure:4991: checking for /usr/bin/ld option to reload object files
configure:4998: result: -r
configure:5032: checking for x86_64-pc-linux-objdump
configure:5062: result: no
configure:5072: checking for objdump
configure:5088: found /usr/bin/objdump
configure:5099: result: objdump
configure:5131: checking how to recognize dependent libraries
configure:5331: result: pass_all
configure:5376: checking for x86_64-pc-linux-dlltool
configure:5406: result: no
configure:5416: checking for dlltool
configure:5446: result: no
configure:5476: checking how to associate runtime and link libraries
configure:5503: result: printf %s\n
configure:5520: checking for x86_64-pc-linux-ar
configure:5547: result: ar
configure:5628: checking for archiver @FILE support
configure:5645: gcc -m64 -c -pipe -O2  -I/home/administrator/walletbuilders/build_environment/litecoin/0.18.1/depends/x86_64-pc-linux/share/../include/  conftest.c >&5
configure:5645: $? = 0
configure:5648: ar cru libconftest.a @conftest.lst >&5
ar: `u' modifier ignored since `D' is the default (see `U')
configure:5651: $? = 0
configure:5656: ar cru libconftest.a @conftest.lst >&5
ar: `u' modifier ignored since `D' is the default (see `U')
ar: conftest.o: No such file or directory
configure:5659: $? = 1
configure:5671: result: @
configure:5689: checking for x86_64-pc-linux-strip
configure:5716: result: strip
configure:5788: checking for x86_64-pc-linux-ranlib
configure:5815: result: ranlib
configure:5957: checking command to parse nm output from gcc -m64 object
configure:6110: gcc -m64 -c -pipe -O2  -I/home/administrator/walletbuilders/build_environment/litecoin/0.18.1/depends/x86_64-pc-linux/share/../include/  conftest.c >&5
configure:6113: $? = 0
configure:6117: nm conftest.o \| sed -n -e 's/^.*[ ]\([ABCDGIRSTW][ABCDGIRSTW]*\)[ ][ ]*\([_A-Za-z][_A-Za-z0-9]*\)$/\1 \2 \2/p' | sed '/ __gnu_lto/d' \> conftest.nm
configure:6120: $? = 0
configure:6186: gcc -m64 -o conftest -pipe -O2  -I/home/administrator/walletbuilders/build_environment/litecoin/0.18.1/depends/x86_64-pc-linux/share/../include/  -L/home/administrator/walletbuilders/build_environment/litecoin/0.18.1/depends/x86_64-pc-linux/share/../lib  conftest.c conftstm.o >&5
configure:6189: $? = 0
configure:6227: result: ok
configure:6274: checking for sysroot
configure:6304: result: no
configure:6311: checking for a working dd
configure:6349: result: /bin/dd
configure:6353: checking how to truncate binary pipes
configure:6368: result: /bin/dd bs=4096 count=1
configure:6504: gcc -m64 -c -pipe -O2  -I/home/administrator/walletbuilders/build_environment/litecoin/0.18.1/depends/x86_64-pc-linux/share/../include/  conftest.c >&5
configure:6507: $? = 0
configure:6657: checking for x86_64-pc-linux-mt
configure:6687: result: no
configure:6697: checking for mt
configure:6713: found /bin/mt
configure:6724: result: mt
configure:6747: checking if mt is a manifest tool
configure:6753: mt '-?'
configure:6761: result: no
configure:7438: checking how to run the C preprocessor
configure:7469: gcc -m64 -E -I/home/administrator/walletbuilders/build_environment/litecoin/0.18.1/depends/x86_64-pc-linux/share/../include/  conftest.c
configure:7469: $? = 0
configure:7483: gcc -m64 -E -I/home/administrator/walletbuilders/build_environment/litecoin/0.18.1/depends/x86_64-pc-linux/share/../include/  conftest.c
conftest.c:11:10: fatal error: ac_nonexistent.h: No such file or directory
 #include <ac_nonexistent.h>
          ^~~~~~~~~~~~~~~~~~
compilation terminated.
configure:7483: $? = 1
configure: failed program was:
| /* confdefs.h */
| #define PACKAGE_NAME "univalue"
| #define PACKAGE_TARNAME "univalue"
| #define PACKAGE_VERSION "1.0.3"
| #define PACKAGE_STRING "univalue 1.0.3"
| #define PACKAGE_BUGREPORT "http://github.com/jgarzik/univalue/"
| #define PACKAGE_URL ""
| #define PACKAGE "univalue"
| #define VERSION "1.0.3"
| /* end confdefs.h.  */
| #include <ac_nonexistent.h>
configure:7508: result: gcc -m64 -E
configure:7528: gcc -m64 -E -I/home/administrator/walletbuilders/build_environment/litecoin/0.18.1/depends/x86_64-pc-linux/share/../include/  conftest.c
configure:7528: $? = 0
configure:7542: gcc -m64 -E -I/home/administrator/walletbuilders/build_environment/litecoin/0.18.1/depends/x86_64-pc-linux/share/../include/  conftest.c
conftest.c:11:10: fatal error: ac_nonexistent.h: No such file or directory
 #include <ac_nonexistent.h>
          ^~~~~~~~~~~~~~~~~~
compilation terminated.
configure:7542: $? = 1
configure: failed program was:
| /* confdefs.h */
| #define PACKAGE_NAME "univalue"
| #define PACKAGE_TARNAME "univalue"
| #define PACKAGE_VERSION "1.0.3"
| #define PACKAGE_STRING "univalue 1.0.3"
| #define PACKAGE_BUGREPORT "http://github.com/jgarzik/univalue/"
| #define PACKAGE_URL ""
| #define PACKAGE "univalue"
| #define VERSION "1.0.3"
| /* end confdefs.h.  */
| #include <ac_nonexistent.h>
configure:7571: checking for ANSI C header files
configure:7591: gcc -m64 -c -pipe -O2  -I/home/administrator/walletbuilders/build_environment/litecoin/0.18.1/depends/x86_64-pc-linux/share/../include/  conftest.c >&5
configure:7591: $? = 0
configure:7664: gcc -m64 -o conftest -pipe -O2  -I/home/administrator/walletbuilders/build_environment/litecoin/0.18.1/depends/x86_64-pc-linux/share/../include/  -L/home/administrator/walletbuilders/build_environment/litecoin/0.18.1/depends/x86_64-pc-linux/share/../lib  conftest.c  >&5
configure:7664: $? = 0
configure:7664: ./conftest
configure:7664: $? = 0
configure:7675: result: yes
configure:7688: checking for sys/types.h
configure:7688: gcc -m64 -c -pipe -O2  -I/home/administrator/walletbuilders/build_environment/litecoin/0.18.1/depends/x86_64-pc-linux/share/../include/  conftest.c >&5
configure:7688: $? = 0
configure:7688: result: yes
configure:7688: checking for sys/stat.h
configure:7688: gcc -m64 -c -pipe -O2  -I/home/administrator/walletbuilders/build_environment/litecoin/0.18.1/depends/x86_64-pc-linux/share/../include/  conftest.c >&5
configure:7688: $? = 0
configure:7688: result: yes
configure:7688: checking for stdlib.h
configure:7688: gcc -m64 -c -pipe -O2  -I/home/administrator/walletbuilders/build_environment/litecoin/0.18.1/depends/x86_64-pc-linux/share/../include/  conftest.c >&5
configure:7688: $? = 0
configure:7688: result: yes
configure:7688: checking for string.h
configure:7688: gcc -m64 -c -pipe -O2  -I/home/administrator/walletbuilders/build_environment/litecoin/0.18.1/depends/x86_64-pc-linux/share/../include/  conftest.c >&5
configure:7688: $? = 0
configure:7688: result: yes
configure:7688: checking for memory.h
configure:7688: gcc -m64 -c -pipe -O2  -I/home/administrator/walletbuilders/build_environment/litecoin/0.18.1/depends/x86_64-pc-linux/share/../include/  conftest.c >&5
configure:7688: $? = 0
configure:7688: result: yes
configure:7688: checking for strings.h
configure:7688: gcc -m64 -c -pipe -O2  -I/home/administrator/walletbuilders/build_environment/litecoin/0.18.1/depends/x86_64-pc-linux/share/../include/  conftest.c >&5
configure:7688: $? = 0
configure:7688: result: yes
configure:7688: checking for inttypes.h
configure:7688: gcc -m64 -c -pipe -O2  -I/home/administrator/walletbuilders/build_environment/litecoin/0.18.1/depends/x86_64-pc-linux/share/../include/  conftest.c >&5
configure:7688: $? = 0
configure:7688: result: yes
configure:7688: checking for stdint.h
configure:7688: gcc -m64 -c -pipe -O2  -I/home/administrator/walletbuilders/build_environment/litecoin/0.18.1/depends/x86_64-pc-linux/share/../include/  conftest.c >&5
configure:7688: $? = 0
configure:7688: result: yes
configure:7688: checking for unistd.h
configure:7688: gcc -m64 -c -pipe -O2  -I/home/administrator/walletbuilders/build_environment/litecoin/0.18.1/depends/x86_64-pc-linux/share/../include/  conftest.c >&5
configure:7688: $? = 0
configure:7688: result: yes
configure:7702: checking for dlfcn.h
configure:7702: gcc -m64 -c -pipe -O2  -I/home/administrator/walletbuilders/build_environment/litecoin/0.18.1/depends/x86_64-pc-linux/share/../include/  conftest.c >&5
configure:7702: $? = 0
configure:7702: result: yes
configure:7958: checking for objdir
configure:7973: result: .libs
configure:8237: checking if gcc -m64 supports -fno-rtti -fno-exceptions
configure:8255: gcc -m64 -c -pipe -O2  -I/home/administrator/walletbuilders/build_environment/litecoin/0.18.1/depends/x86_64-pc-linux/share/../include/  -fno-rtti -fno-exceptions conftest.c >&5
cc1: warning: command line option '-fno-rtti' is valid for C++/ObjC++ but not for C
configure:8259: $? = 0
configure:8272: result: no
configure:8630: checking for gcc -m64 option to produce PIC
configure:8637: result: -fPIC -DPIC
configure:8645: checking if gcc -m64 PIC flag -fPIC -DPIC works
configure:8663: gcc -m64 -c -pipe -O2  -I/home/administrator/walletbuilders/build_environment/litecoin/0.18.1/depends/x86_64-pc-linux/share/../include/  -fPIC -DPIC -DPIC conftest.c >&5
configure:8667: $? = 0
configure:8680: result: yes
configure:8709: checking if gcc -m64 static flag -static works
configure:8737: result: yes
configure:8752: checking if gcc -m64 supports -c -o file.o
configure:8773: gcc -m64 -c -pipe -O2  -I/home/administrator/walletbuilders/build_environment/litecoin/0.18.1/depends/x86_64-pc-linux/share/../include/  -o out/conftest2.o conftest.c >&5
configure:8777: $? = 0
configure:8799: result: yes
configure:8807: checking if gcc -m64 supports -c -o file.o
configure:8854: result: yes
configure:8887: checking whether the gcc -m64 linker (/usr/bin/ld -m elf_x86_64) supports shared libraries
configure:10150: result: yes
configure:10390: checking dynamic linker characteristics
configure:10971: gcc -m64 -o conftest -pipe -O2  -I/home/administrator/walletbuilders/build_environment/litecoin/0.18.1/depends/x86_64-pc-linux/share/../include/  -L/home/administrator/walletbuilders/build_environment/litecoin/0.18.1/depends/x86_64-pc-linux/share/../lib  -Wl,-rpath -Wl,/foo conftest.c  >&5
configure:10971: $? = 0
configure:11220: result: GNU/Linux ld.so
configure:11342: checking how to hardcode library paths into programs
configure:11367: result: immediate
configure:11915: checking whether stripping libraries is possible
configure:11920: result: yes
configure:11955: checking if libtool supports shared libraries
configure:11957: result: yes
configure:11960: checking whether to build shared libraries
configure:11985: result: no
configure:11988: checking whether to build static libraries
configure:11992: result: yes
configure:12141: checking for C++ compiler version
configure:12150: g++ -m64 --version >&5
g++ (Ubuntu 7.5.0-3ubuntu1~18.04) 7.5.0
Copyright (C) 2017 Free Software Foundation, Inc.
This is free software; see the source for copying conditions.  There is NO
warranty; not even for MERCHANTABILITY or FITNESS FOR A PARTICULAR PURPOSE.

configure:12161: $? = 0
configure:12150: g++ -m64 -v >&5
Using built-in specs.
COLLECT_GCC=g++
COLLECT_LTO_WRAPPER=/usr/lib/gcc/x86_64-linux-gnu/7/lto-wrapper
OFFLOAD_TARGET_NAMES=nvptx-none
OFFLOAD_TARGET_DEFAULT=1
Target: x86_64-linux-gnu
Configured with: ../src/configure -v --with-pkgversion='Ubuntu 7.5.0-3ubuntu1~18.04' --with-bugurl=file:///usr/share/doc/gcc-7/README.Bugs --enable-languages=c,ada,c++,go,brig,d,fortran,objc,obj-c++ --prefix=/usr --with-gcc-major-version-only --program-suffix=-7 --program-prefix=x86_64-linux-gnu- --enable-shared --enable-linker-build-id --libexecdir=/usr/lib --without-included-gettext --enable-threads=posix --libdir=/usr/lib --enable-nls --enable-bootstrap --enable-clocale=gnu --enable-libstdcxx-debug --enable-libstdcxx-time=yes --with-default-libstdcxx-abi=new --enable-gnu-unique-object --disable-vtable-verify --enable-libmpx --enable-plugin --enable-default-pie --with-system-zlib --with-target-system-zlib --enable-objc-gc=auto --enable-multiarch --disable-werror --with-arch-32=i686 --with-abi=m64 --with-multilib-list=m32,m64,mx32 --enable-multilib --with-tune=generic --enable-offload-targets=nvptx-none --without-cuda-driver --enable-checking=release --build=x86_64-linux-gnu --host=x86_64-linux-gnu --target=x86_64-linux-gnu
Thread model: posix
gcc version 7.5.0 (Ubuntu 7.5.0-3ubuntu1~18.04) 
configure:12161: $? = 0
configure:12150: g++ -m64 -V >&5
g++: error: unrecognized command line option '-V'
g++: fatal error: no input files
compilation terminated.
configure:12161: $? = 1
configure:12150: g++ -m64 -qversion >&5
g++: error: unrecognized command line option '-qversion'; did you mean '--version'?
g++: fatal error: no input files
compilation terminated.
configure:12161: $? = 1
configure:12165: checking whether we are using the GNU C++ compiler
configure:12184: g++ -m64 -c -pipe -O2  -I/home/administrator/walletbuilders/build_environment/litecoin/0.18.1/depends/x86_64-pc-linux/share/../include/  conftest.cpp >&5
configure:12184: $? = 0
configure:12193: result: yes
configure:12202: checking whether g++ -m64 accepts -g
configure:12222: g++ -m64 -c -g -I/home/administrator/walletbuilders/build_environment/litecoin/0.18.1/depends/x86_64-pc-linux/share/../include/  conftest.cpp >&5
configure:12222: $? = 0
configure:12263: result: yes
configure:12288: checking dependency style of g++ -m64
configure:12399: result: gcc3
configure:12433: checking how to run the C++ preprocessor
configure:12460: g++ -m64 -E -I/home/administrator/walletbuilders/build_environment/litecoin/0.18.1/depends/x86_64-pc-linux/share/../include/  conftest.cpp
configure:12460: $? = 0
configure:12474: g++ -m64 -E -I/home/administrator/walletbuilders/build_environment/litecoin/0.18.1/depends/x86_64-pc-linux/share/../include/  conftest.cpp
conftest.cpp:23:10: fatal error: ac_nonexistent.h: No such file or directory
 #include <ac_nonexistent.h>
          ^~~~~~~~~~~~~~~~~~
compilation terminated.
configure:12474: $? = 1
configure: failed program was:
| /* confdefs.h */
| #define PACKAGE_NAME "univalue"
| #define PACKAGE_TARNAME "univalue"
| #define PACKAGE_VERSION "1.0.3"
| #define PACKAGE_STRING "univalue 1.0.3"
| #define PACKAGE_BUGREPORT "http://github.com/jgarzik/univalue/"
| #define PACKAGE_URL ""
| #define PACKAGE "univalue"
| #define VERSION "1.0.3"
| #define STDC_HEADERS 1
| #define HAVE_SYS_TYPES_H 1
| #define HAVE_SYS_STAT_H 1
| #define HAVE_STDLIB_H 1
| #define HAVE_STRING_H 1
| #define HAVE_MEMORY_H 1
| #define HAVE_STRINGS_H 1
| #define HAVE_INTTYPES_H 1
| #define HAVE_STDINT_H 1
| #define HAVE_UNISTD_H 1
| #define HAVE_DLFCN_H 1
| #define LT_OBJDIR ".libs/"
| /* end confdefs.h.  */
| #include <ac_nonexistent.h>
configure:12499: result: g++ -m64 -E
configure:12519: g++ -m64 -E -I/home/administrator/walletbuilders/build_environment/litecoin/0.18.1/depends/x86_64-pc-linux/share/../include/  conftest.cpp
configure:12519: $? = 0
configure:12533: g++ -m64 -E -I/home/administrator/walletbuilders/build_environment/litecoin/0.18.1/depends/x86_64-pc-linux/share/../include/  conftest.cpp
conftest.cpp:23:10: fatal error: ac_nonexistent.h: No such file or directory
 #include <ac_nonexistent.h>
          ^~~~~~~~~~~~~~~~~~
compilation terminated.
configure:12533: $? = 1
configure: failed program was:
| /* confdefs.h */
| #define PACKAGE_NAME "univalue"
| #define PACKAGE_TARNAME "univalue"
| #define PACKAGE_VERSION "1.0.3"
| #define PACKAGE_STRING "univalue 1.0.3"
| #define PACKAGE_BUGREPORT "http://github.com/jgarzik/univalue/"
| #define PACKAGE_URL ""
| #define PACKAGE "univalue"
| #define VERSION "1.0.3"
| #define STDC_HEADERS 1
| #define HAVE_SYS_TYPES_H 1
| #define HAVE_SYS_STAT_H 1
| #define HAVE_STDLIB_H 1
| #define HAVE_STRING_H 1
| #define HAVE_MEMORY_H 1
| #define HAVE_STRINGS_H 1
| #define HAVE_INTTYPES_H 1
| #define HAVE_STDINT_H 1
| #define HAVE_UNISTD_H 1
| #define HAVE_DLFCN_H 1
| #define LT_OBJDIR ".libs/"
| /* end confdefs.h.  */
| #include <ac_nonexistent.h>
configure:12695: checking for ld used by g++ -m64
configure:12762: result: /usr/bin/ld -m elf_x86_64
configure:12769: checking if the linker (/usr/bin/ld -m elf_x86_64) is GNU ld
configure:12784: result: yes
configure:12839: checking whether the g++ -m64 linker (/usr/bin/ld -m elf_x86_64) supports shared libraries
configure:13912: result: yes
configure:13948: g++ -m64 -c -pipe -O2  -I/home/administrator/walletbuilders/build_environment/litecoin/0.18.1/depends/x86_64-pc-linux/share/../include/  conftest.cpp >&5
configure:13951: $? = 0
configure:14432: checking for g++ -m64 option to produce PIC
configure:14439: result: -fPIC -DPIC
configure:14447: checking if g++ -m64 PIC flag -fPIC -DPIC works
configure:14465: g++ -m64 -c -pipe -O2  -I/home/administrator/walletbuilders/build_environment/litecoin/0.18.1/depends/x86_64-pc-linux/share/../include/  -fPIC -DPIC -DPIC conftest.cpp >&5
configure:14469: $? = 0
configure:14482: result: yes
configure:14505: checking if g++ -m64 static flag -static works
configure:14533: result: yes
configure:14545: checking if g++ -m64 supports -c -o file.o
configure:14566: g++ -m64 -c -pipe -O2  -I/home/administrator/walletbuilders/build_environment/litecoin/0.18.1/depends/x86_64-pc-linux/share/../include/  -o out/conftest2.o conftest.cpp >&5
configure:14570: $? = 0
configure:14592: result: yes
configure:14597: checking if g++ -m64 supports -c -o file.o
configure:14644: result: yes
configure:14674: checking whether the g++ -m64 linker (/usr/bin/ld -m elf_x86_64) supports shared libraries
configure:14717: result: yes
configure:14858: checking dynamic linker characteristics
configure:15615: result: GNU/Linux ld.so
configure:15680: checking how to hardcode library paths into programs
configure:15705: result: immediate
configure:15873: checking that generated files are newer than configure
configure:15879: result: done
configure:15906: creating ./config.status

## ---------------------- ##
## Running config.status. ##
## ---------------------- ##

This file was extended by univalue config.status 1.0.3, which was
generated by GNU Autoconf 2.69.  Invocation command line was

  CONFIG_FILES    = 
  CONFIG_HEADERS  = 
  CONFIG_LINKS    = 
  CONFIG_COMMANDS = 
  $ ./config.status 

on bld

config.status:1154: creating Makefile
config.status:1154: creating pc/libunivalue.pc
config.status:1154: creating pc/libunivalue-uninstalled.pc
config.status:1154: creating univalue-config.h
config.status:1383: executing depfiles commands
config.status:1383: executing libtool commands

## ---------------- ##
## Cache variables. ##
## ---------------- ##

ac_cv_build=x86_64-pc-linux-gnu
ac_cv_c_compiler_gnu=yes
ac_cv_cxx_compiler_gnu=yes
ac_cv_env_CCC_set=
ac_cv_env_CCC_value=
ac_cv_env_CC_set=
ac_cv_env_CC_value=
ac_cv_env_CFLAGS_set=
ac_cv_env_CFLAGS_value=
ac_cv_env_CPPFLAGS_set=
ac_cv_env_CPPFLAGS_value=
ac_cv_env_CPP_set=
ac_cv_env_CPP_value=
ac_cv_env_CXXCPP_set=
ac_cv_env_CXXCPP_value=
ac_cv_env_CXXFLAGS_set=
ac_cv_env_CXXFLAGS_value=
ac_cv_env_CXX_set=
ac_cv_env_CXX_value=
ac_cv_env_LDFLAGS_set=
ac_cv_env_LDFLAGS_value=
ac_cv_env_LIBS_set=
ac_cv_env_LIBS_value=
ac_cv_env_LT_SYS_LIBRARY_PATH_set=
ac_cv_env_LT_SYS_LIBRARY_PATH_value=
ac_cv_env_build_alias_set=
ac_cv_env_build_alias_value=
ac_cv_env_host_alias_set=
ac_cv_env_host_alias_value=
ac_cv_env_target_alias_set=
ac_cv_env_target_alias_value=
ac_cv_header_dlfcn_h=yes
ac_cv_header_inttypes_h=yes
ac_cv_header_memory_h=yes
ac_cv_header_stdc=yes
ac_cv_header_stdint_h=yes
ac_cv_header_stdlib_h=yes
ac_cv_header_string_h=yes
ac_cv_header_strings_h=yes
ac_cv_header_sys_stat_h=yes
ac_cv_header_sys_types_h=yes
ac_cv_header_unistd_h=yes
ac_cv_host=x86_64-pc-linux-gnu
ac_cv_objext=o
ac_cv_path_EGREP='/bin/grep -E'
ac_cv_path_FGREP='/bin/grep -F'
ac_cv_path_GREP=/bin/grep
ac_cv_path_SED=/bin/sed
ac_cv_path_ac_pt_AR=ar
ac_cv_path_ac_pt_NM=nm
ac_cv_path_ac_pt_RANLIB=ranlib
ac_cv_path_install='/usr/bin/install -c'
ac_cv_path_lt_DD=/bin/dd
ac_cv_path_mkdir=/bin/mkdir
ac_cv_prog_AR=ar
ac_cv_prog_AWK=gawk
ac_cv_prog_CC='gcc -m64'
ac_cv_prog_CPP='gcc -m64 -E'
ac_cv_prog_CXXCPP='g++ -m64 -E'
ac_cv_prog_RANLIB=ranlib
ac_cv_prog_STRIP=strip
ac_cv_prog_ac_ct_MANIFEST_TOOL=mt
ac_cv_prog_ac_ct_OBJDUMP=objdump
ac_cv_prog_ac_ct_STRIP=strip
ac_cv_prog_cc_c89=
ac_cv_prog_cc_g=yes
ac_cv_prog_cxx_g=yes
ac_cv_prog_make_make_set=yes
am_cv_CC_dependencies_compiler_type=gcc3
am_cv_CXX_dependencies_compiler_type=gcc3
am_cv_make_support_nested_variables=yes
am_cv_prog_cc_c_o=yes
lt_cv_ar_at_file=@
lt_cv_deplibs_check_method=pass_all
lt_cv_file_magic_cmd='$MAGIC_CMD'
lt_cv_file_magic_test_file=
lt_cv_ld_reload_flag=-r
lt_cv_nm_interface='BSD nm'
lt_cv_objdir=.libs
lt_cv_path_LD=/usr/bin/ld
lt_cv_path_LDCXX='/usr/bin/ld -m elf_x86_64'
lt_cv_path_NM=nm
lt_cv_path_mainfest_tool=no
lt_cv_prog_compiler_c_o=yes
lt_cv_prog_compiler_c_o_CXX=yes
lt_cv_prog_compiler_pic='-fPIC -DPIC'
lt_cv_prog_compiler_pic_CXX='-fPIC -DPIC'
lt_cv_prog_compiler_pic_works=yes
lt_cv_prog_compiler_pic_works_CXX=yes
lt_cv_prog_compiler_rtti_exceptions=no
lt_cv_prog_compiler_static_works=yes
lt_cv_prog_compiler_static_works_CXX=yes
lt_cv_prog_gnu_ld=yes
lt_cv_prog_gnu_ldcxx=yes
lt_cv_sharedlib_from_linklib_cmd='printf %s\n'
lt_cv_shlibpath_overrides_runpath=yes
lt_cv_sys_global_symbol_pipe='sed -n -e '\''s/^.*[	 ]\([ABCDGIRSTW][ABCDGIRSTW]*\)[	 ][	 ]*\([_A-Za-z][_A-Za-z0-9]*\)$/\1 \2 \2/p'\'' | sed '\''/ __gnu_lto/d'\'''
lt_cv_sys_global_symbol_to_c_name_address='sed -n -e '\''s/^: \(.*\) .*$/  {"\1", (void *) 0},/p'\'' -e '\''s/^[ABCDGIRSTW][ABCDGIRSTW]* .* \(.*\)$/  {"\1", (void *) \&\1},/p'\'''
lt_cv_sys_global_symbol_to_c_name_address_lib_prefix='sed -n -e '\''s/^: \(.*\) .*$/  {"\1", (void *) 0},/p'\'' -e '\''s/^[ABCDGIRSTW][ABCDGIRSTW]* .* \(lib.*\)$/  {"\1", (void *) \&\1},/p'\'' -e '\''s/^[ABCDGIRSTW][ABCDGIRSTW]* .* \(.*\)$/  {"lib\1", (void *) \&\1},/p'\'''
lt_cv_sys_global_symbol_to_cdecl='sed -n -e '\''s/^T .* \(.*\)$/extern int \1();/p'\'' -e '\''s/^[ABCDGIRSTW][ABCDGIRSTW]* .* \(.*\)$/extern char \1;/p'\'''
lt_cv_sys_global_symbol_to_import=
lt_cv_sys_max_cmd_len=1572864
lt_cv_to_host_file_cmd=func_convert_file_noop
lt_cv_to_tool_file_cmd=func_convert_file_noop
lt_cv_truncate_bin='/bin/dd bs=4096 count=1'

## ----------------- ##
## Output variables. ##
## ----------------- ##

ACLOCAL='${SHELL} /tmp/upgrade-wallet/ferrite/src/univalue/build-aux/missing aclocal-1.15'
AMDEPBACKSLASH='\'
AMDEP_FALSE='#'
AMDEP_TRUE=''
AMTAR='$${TAR-tar}'
AM_BACKSLASH='\'
AM_DEFAULT_V='$(AM_DEFAULT_VERBOSITY)'
AM_DEFAULT_VERBOSITY='0'
AM_V='$(V)'
AR='ar'
AUTOCONF='${SHELL} /tmp/upgrade-wallet/ferrite/src/univalue/build-aux/missing autoconf'
AUTOHEADER='${SHELL} /tmp/upgrade-wallet/ferrite/src/univalue/build-aux/missing autoheader'
AUTOMAKE='${SHELL} /tmp/upgrade-wallet/ferrite/src/univalue/build-aux/missing automake-1.15'
AWK='gawk'
BUILD_EXEEXT=''
CC='gcc -m64'
CCDEPMODE='depmode=gcc3'
CFLAGS='-pipe -O2 '
CPP='gcc -m64 -E'
CPPFLAGS='-I/home/administrator/walletbuilders/build_environment/litecoin/0.18.1/depends/x86_64-pc-linux/share/../include/ '
CXX='g++ -m64'
CXXCPP='g++ -m64 -E'
CXXDEPMODE='depmode=gcc3'
CXXFLAGS='-pipe -O2 '
CYGPATH_W='echo'
DEFS='-DHAVE_CONFIG_H'
DEPDIR='.deps'
DLLTOOL='false'
DSYMUTIL=''
DUMPBIN=''
ECHO_C=''
ECHO_N='-n'
ECHO_T=''
EGREP='/bin/grep -E'
EXEEXT=''
FGREP='/bin/grep -F'
GREP='/bin/grep'
INSTALL_DATA='${INSTALL} -m 644'
INSTALL_PROGRAM='${INSTALL}'
INSTALL_SCRIPT='${INSTALL}'
INSTALL_STRIP_PROGRAM='$(install_sh) -c -s'
LD='/usr/bin/ld -m elf_x86_64'
LDFLAGS='-L/home/administrator/walletbuilders/build_environment/litecoin/0.18.1/depends/x86_64-pc-linux/share/../lib '
LIBOBJS=''
LIBS=''
LIBTOOL='$(SHELL) $(top_builddir)/libtool'
LIBTOOL_APP_LDFLAGS=''
LIBUNIVALUE_AGE='100'
LIBUNIVALUE_CURRENT='100'
LIBUNIVALUE_REVISION='3'
LIPO=''
LN_S='ln -s'
LTLIBOBJS=''
LT_SYS_LIBRARY_PATH=''
MAKEINFO='${SHELL} /tmp/upgrade-wallet/ferrite/src/univalue/build-aux/missing makeinfo'
MANIFEST_TOOL=':'
MKDIR_P='/bin/mkdir -p'
NM='nm'
NMEDIT=''
OBJDUMP='objdump'
OBJEXT='o'
OTOOL64=''
OTOOL=''
PACKAGE='univalue'
PACKAGE_BUGREPORT='http://github.com/jgarzik/univalue/'
PACKAGE_NAME='univalue'
PACKAGE_STRING='univalue 1.0.3'
PACKAGE_TARNAME='univalue'
PACKAGE_URL=''
PACKAGE_VERSION='1.0.3'
PATH_SEPARATOR=':'
RANLIB='ranlib'
SED='/bin/sed'
SET_MAKE=''
SHELL='/bin/bash'
STRIP='strip'
VERSION='1.0.3'
ac_ct_AR=''
ac_ct_CC=''
ac_ct_CXX=''
ac_ct_DUMPBIN=''
am__EXEEXT_FALSE=''
am__EXEEXT_TRUE='#'
am__fastdepCC_FALSE='#'
am__fastdepCC_TRUE=''
am__fastdepCXX_FALSE='#'
am__fastdepCXX_TRUE=''
am__include='include'
am__isrc=''
am__leading_dot='.'
am__nodep='_no'
am__quote=''
am__tar='$${TAR-tar} chof - "$$tardir"'
am__untar='$${TAR-tar} xf -'
bindir='${exec_prefix}/bin'
build='x86_64-pc-linux-gnu'
build_alias=''
build_cpu='x86_64'
build_os='linux-gnu'
build_vendor='pc'
datadir='${datarootdir}'
datarootdir='${prefix}/share'
docdir='${datarootdir}/doc/${PACKAGE_TARNAME}'
dvidir='${docdir}'
exec_prefix='${prefix}'
host='x86_64-pc-linux-gnu'
host_alias='x86_64-pc-linux'
host_cpu='x86_64'
host_os='linux-gnu'
host_vendor='pc'
htmldir='${docdir}'
includedir='${prefix}/include'
infodir='${datarootdir}/info'
install_sh='${SHELL} /tmp/upgrade-wallet/ferrite/src/univalue/build-aux/install-sh'
libdir='${exec_prefix}/lib'
libexecdir='${exec_prefix}/libexec'
localedir='${datarootdir}/locale'
localstatedir='${prefix}/var'
mandir='${datarootdir}/man'
mkdir_p='$(MKDIR_P)'
oldincludedir='/usr/include'
pdfdir='${docdir}'
prefix='/usr/local'
program_transform_name='s,x,x,'
psdir='${docdir}'
runstatedir='${localstatedir}/run'
sbindir='${exec_prefix}/sbin'
sharedstatedir='${prefix}/com'
sysconfdir='${prefix}/etc'
target_alias=''

## ----------- ##
## confdefs.h. ##
## ----------- ##

/* confdefs.h */
#define PACKAGE_NAME "univalue"
#define PACKAGE_TARNAME "univalue"
#define PACKAGE_VERSION "1.0.3"
#define PACKAGE_STRING "univalue 1.0.3"
#define PACKAGE_BUGREPORT "http://github.com/jgarzik/univalue/"
#define PACKAGE_URL ""
#define PACKAGE "univalue"
#define VERSION "1.0.3"
#define STDC_HEADERS 1
#define HAVE_SYS_TYPES_H 1
#define HAVE_SYS_STAT_H 1
#define HAVE_STDLIB_H 1
#define HAVE_STRING_H 1
#define HAVE_MEMORY_H 1
#define HAVE_STRINGS_H 1
#define HAVE_INTTYPES_H 1
#define HAVE_STDINT_H 1
#define HAVE_UNISTD_H 1
#define HAVE_DLFCN_H 1
#define LT_OBJDIR ".libs/"

configure: exit 0
